#
# There is insufficient memory for the Java Runtime Environment to continue.
# Native memory allocation (mmap) failed to map 170917888 bytes for committing reserved memory.
# Possible reasons:
#   The system is out of physical RAM or swap space
#   In 32 bit mode, the process size limit was hit
# Possible solutions:
#   Reduce memory load on the system
#   Increase physical memory or swap space
#   Check if swap backing store is full
#   Use 64 bit Java on a 64 bit OS
#   Decrease Java heap size (-Xmx/-Xms)
#   Decrease number of Java threads
#   Decrease Java thread stack sizes (-Xss)
#   Set larger code cache with -XX:ReservedCodeCacheSize=
# This output file may be truncated or incomplete.
#
#  Out of Memory Error (os_linux.cpp:2627), pid=13030, tid=0x00007f48f48f8700
#
# JRE version: Java(TM) SE Runtime Environment (8.0_102-b14) (build 1.8.0_102-b14)
# Java VM: Java HotSpot(TM) 64-Bit Server VM (25.102-b14 mixed mode linux-amd64 compressed oops)
# Failed to write core dump. Core dumps have been disabled. To enable core dumping, try "ulimit -c unlimited" before starting Java again
#

---------------  T H R E A D  ---------------

Current thread (0x00007f4904077800):  VMThread [stack: 0x00007f48f47f8000,0x00007f48f48f9000] [id=13040]

Stack: [0x00007f48f47f8000,0x00007f48f48f9000],  sp=0x00007f48f48f7220,  free space=1020k
Native frames: (J=compiled Java code, j=interpreted, Vv=VM code, C=native code)
V  [libjvm.so+0xac52aa]  VMError::report_and_die()+0x2ba
V  [libjvm.so+0x4fc29b]  report_vm_out_of_memory(char const*, int, unsigned long, VMErrorType, char const*)+0x8b
V  [libjvm.so+0x922603]  os::Linux::commit_memory_impl(char*, unsigned long, bool)+0x103
V  [libjvm.so+0x922b59]  os::pd_commit_memory(char*, unsigned long, unsigned long, bool)+0x29
V  [libjvm.so+0x91ce5a]  os::commit_memory(char*, unsigned long, unsigned long, bool)+0x2a
V  [libjvm.so+0x9915e3]  PSVirtualSpace::expand_by(unsigned long)+0x53
V  [libjvm.so+0x9929e8]  PSYoungGen::resize_generation(unsigned long, unsigned long)+0xf8
V  [libjvm.so+0x991b42]  PSYoungGen::resize(unsigned long, unsigned long)+0x22
V  [libjvm.so+0x98ee1b]  PSScavenge::invoke_no_policy()+0xf3b
V  [libjvm.so+0x98f5a1]  PSScavenge::invoke()+0x41
V  [libjvm.so+0x9462f0]  ParallelScavengeHeap::failed_mem_allocate(unsigned long)+0x70
V  [libjvm.so+0xac6cc7]  VM_ParallelGCFailedAllocation::doit()+0x97
V  [libjvm.so+0xace7a5]  VM_Operation::evaluate()+0x55
V  [libjvm.so+0xaccb7a]  VMThread::evaluate_operation(VM_Operation*)+0xba
V  [libjvm.so+0xaccefe]  VMThread::loop()+0x1ce
V  [libjvm.so+0xacd370]  VMThread::run()+0x70
V  [libjvm.so+0x9249c8]  java_start(Thread*)+0x108

VM_Operation (0x00007f490d556d10): ParallelGCFailedAllocation, mode: safepoint, requested by thread 0x00007f490400a000


---------------  P R O C E S S  ---------------

Java Threads: ( => current thread )
  0x00007f49040eb000 JavaThread "Service Thread" daemon [_thread_blocked, id=13047, stack(0x00007f48ec11e000,0x00007f48ec21f000)]
  0x00007f49040be000 JavaThread "C1 CompilerThread2" daemon [_thread_blocked, id=13046, stack(0x00007f48ec21f000,0x00007f48ec320000)]
  0x00007f49040bc000 JavaThread "C2 CompilerThread1" daemon [_thread_blocked, id=13045, stack(0x00007f48f401a000,0x00007f48f411b000)]
  0x00007f49040b9000 JavaThread "C2 CompilerThread0" daemon [_thread_blocked, id=13044, stack(0x00007f48f411b000,0x00007f48f421c000)]
  0x00007f49040b8000 JavaThread "Signal Dispatcher" daemon [_thread_blocked, id=13043, stack(0x00007f48f421c000,0x00007f48f431d000)]
  0x00007f4904084000 JavaThread "Finalizer" daemon [_thread_blocked, id=13042, stack(0x00007f48f45f6000,0x00007f48f46f7000)]
  0x00007f490407f800 JavaThread "Reference Handler" daemon [_thread_blocked, id=13041, stack(0x00007f48f46f7000,0x00007f48f47f8000)]
  0x00007f490400a000 JavaThread "main" [_thread_blocked, id=13035, stack(0x00007f490d458000,0x00007f490d559000)]

Other Threads:
=>0x00007f4904077800 VMThread [stack: 0x00007f48f47f8000,0x00007f48f48f9000] [id=13040]
  0x00007f49040ee000 WatcherThread [stack: 0x00007f48ec01d000,0x00007f48ec11e000] [id=13048]

VM state:at safepoint (normal execution)

VM Mutex/Monitor currently owned by a thread:  ([mutex/lock_event])
[0x00007f4904006310] Threads_lock - owner thread: 0x00007f4904077800
[0x00007f4904006810] Heap_lock - owner thread: 0x00007f490400a000

Heap:
 PSYoungGen      total 130048K, used 5104K [0x00000000d7700000, 0x00000000dfb00000, 0x0000000100000000)
  eden space 124928K, 0% used [0x00000000d7700000,0x00000000d7700000,0x00000000df100000)
  from space 5120K, 99% used [0x00000000df100000,0x00000000df5fc030,0x00000000df600000)
  to   space 5120K, 0% used [0x00000000df600000,0x00000000df600000,0x00000000dfb00000)
 ParOldGen       total 83456K, used 37836K [0x0000000086400000, 0x000000008b580000, 0x00000000d7700000)
  object space 83456K, 45% used [0x0000000086400000,0x00000000888f3170,0x000000008b580000)
 Metaspace       used 3651K, capacity 5176K, committed 5376K, reserved 1056768K
  class space    used 385K, capacity 488K, committed 512K, reserved 1048576K

Card table byte_map: [0x00007f4909e38000,0x00007f490a207000] byte_map_base: 0x00007f4909a06000

Marking Bits: (ParMarkBitMap*) 0x00007f490c930c60
 Begin Bits: [0x00007f48ec320000, 0x00007f48ee190000)
 End Bits:   [0x00007f48ee190000, 0x00007f48f0000000)

Polling page: 0x00007f490d581000

CodeCache: size=245760Kb used=3694Kb max_used=3725Kb free=242065Kb
 bounds [0x00007f48f5000000, 0x00007f48f53b0000, 0x00007f4904000000]
 total_blobs=867 nmethods=622 adapters=159
 compilation: enabled

Compilation events (10 events):
Event: 44.568 Thread 0x00007f49040b9000 nmethod 623 0x00007f48f5382ad0 code [0x00007f48f5382c20, 0x00007f48f5382ce8]
Event: 44.568 Thread 0x00007f49040b9000  626       4       java.util.HashMap::resize (359 bytes)
Event: 44.654 Thread 0x00007f49040b9000 nmethod 626 0x00007f48f5372350 code [0x00007f48f53724e0, 0x00007f48f53729d8]
Event: 44.654 Thread 0x00007f49040b9000  627       4       com.android.dx.cf.direct.StdAttributeFactory::parse0 (532 bytes)
Event: 44.734 Thread 0x00007f49040be000  628       1       com.android.dx.cf.attrib.BaseParameterAnnotations::byteLength (8 bytes)
Event: 44.734 Thread 0x00007f49040be000 nmethod 628 0x00007f48f5390d50 code [0x00007f48f5390ea0, 0x00007f48f5390fb0]
Event: 44.734 Thread 0x00007f49040be000  629       3       com.android.dx.cf.direct.StdAttributeFactory::runtimeVisibleParameterAnnotations (44 bytes)
Event: 44.736 Thread 0x00007f49040be000 nmethod 629 0x00007f48f5372e90 code [0x00007f48f5373060, 0x00007f48f5373598]
Event: 44.736 Thread 0x00007f49040be000  630       3       com.android.dx.cf.attrib.AttRuntimeVisibleParameterAnnotations::<init> (9 bytes)
Event: 44.736 Thread 0x00007f49040be000 nmethod 630 0x00007f48f5383110 code [0x00007f48f5383280, 0x00007f48f5383428]

GC Heap History (9 events):
Event: 2.548 GC heap before
{Heap before GC invocations=1 (full 0):
 PSYoungGen      total 36352K, used 31232K [0x00000000d7700000, 0x00000000d9f80000, 0x0000000100000000)
  eden space 31232K, 100% used [0x00000000d7700000,0x00000000d9580000,0x00000000d9580000)
  from space 5120K, 0% used [0x00000000d9a80000,0x00000000d9a80000,0x00000000d9f80000)
  to   space 5120K, 0% used [0x00000000d9580000,0x00000000d9580000,0x00000000d9a80000)
 ParOldGen       total 83456K, used 0K [0x0000000086400000, 0x000000008b580000, 0x00000000d7700000)
  object space 83456K, 0% used [0x0000000086400000,0x0000000086400000,0x000000008b580000)
 Metaspace       used 3580K, capacity 5080K, committed 5376K, reserved 1056768K
  class space    used 379K, capacity 456K, committed 512K, reserved 1048576K
Event: 2.580 GC heap after
Heap after GC invocations=1 (full 0):
 PSYoungGen      total 36352K, used 5093K [0x00000000d7700000, 0x00000000dbe00000, 0x0000000100000000)
  eden space 31232K, 0% used [0x00000000d7700000,0x00000000d7700000,0x00000000d9580000)
  from space 5120K, 99% used [0x00000000d9580000,0x00000000d9a79598,0x00000000d9a80000)
  to   space 5120K, 0% used [0x00000000db900000,0x00000000db900000,0x00000000dbe00000)
 ParOldGen       total 83456K, used 8K [0x0000000086400000, 0x000000008b580000, 0x00000000d7700000)
  object space 83456K, 0% used [0x0000000086400000,0x0000000086402000,0x000000008b580000)
 Metaspace       used 3580K, capacity 5080K, committed 5376K, reserved 1056768K
  class space    used 379K, capacity 456K, committed 512K, reserved 1048576K
}
Event: 4.105 GC heap before
{Heap before GC invocations=2 (full 0):
 PSYoungGen      total 36352K, used 36325K [0x00000000d7700000, 0x00000000dbe00000, 0x0000000100000000)
  eden space 31232K, 100% used [0x00000000d7700000,0x00000000d9580000,0x00000000d9580000)
  from space 5120K, 99% used [0x00000000d9580000,0x00000000d9a79598,0x00000000d9a80000)
  to   space 5120K, 0% used [0x00000000db900000,0x00000000db900000,0x00000000dbe00000)
 ParOldGen       total 83456K, used 8K [0x0000000086400000, 0x000000008b580000, 0x00000000d7700000)
  object space 83456K, 0% used [0x0000000086400000,0x0000000086402000,0x000000008b580000)
 Metaspace       used 3616K, capacity 5144K, committed 5376K, reserved 1056768K
  class space    used 379K, capacity 456K, committed 512K, reserved 1048576K
Event: 4.165 GC heap after
Heap after GC invocations=2 (full 0):
 PSYoungGen      total 67584K, used 5090K [0x00000000d7700000, 0x00000000dbe00000, 0x0000000100000000)
  eden space 62464K, 0% used [0x00000000d7700000,0x00000000d7700000,0x00000000db400000)
  from space 5120K, 99% used [0x00000000db900000,0x00000000dbdf88c0,0x00000000dbe00000)
  to   space 5120K, 0% used [0x00000000db400000,0x00000000db400000,0x00000000db900000)
 ParOldGen       total 83456K, used 1351K [0x0000000086400000, 0x000000008b580000, 0x00000000d7700000)
  object space 83456K, 1% used [0x0000000086400000,0x0000000086551f70,0x000000008b580000)
 Metaspace       used 3616K, capacity 5144K, committed 5376K, reserved 1056768K
  class space    used 379K, capacity 456K, committed 512K, reserved 1048576K
}
Event: 29.064 GC heap before
{Heap before GC invocations=3 (full 0):
 PSYoungGen      total 67584K, used 67554K [0x00000000d7700000, 0x00000000dbe00000, 0x0000000100000000)
  eden space 62464K, 100% used [0x00000000d7700000,0x00000000db400000,0x00000000db400000)
  from space 5120K, 99% used [0x00000000db900000,0x00000000dbdf88c0,0x00000000dbe00000)
  to   space 5120K, 0% used [0x00000000db400000,0x00000000db400000,0x00000000db900000)
 ParOldGen       total 83456K, used 1351K [0x0000000086400000, 0x000000008b580000, 0x00000000d7700000)
  object space 83456K, 1% used [0x0000000086400000,0x0000000086551f70,0x000000008b580000)
 Metaspace       used 3644K, capacity 5144K, committed 5376K, reserved 1056768K
  class space    used 384K, capacity 456K, committed 512K, reserved 1048576K
Event: 37.017 GC heap after
Heap after GC invocations=3 (full 0):
 PSYoungGen      total 67584K, used 5092K [0x00000000d7700000, 0x00000000dfb00000, 0x0000000100000000)
  eden space 62464K, 0% used [0x00000000d7700000,0x00000000d7700000,0x00000000db400000)
  from space 5120K, 99% used [0x00000000db400000,0x00000000db8f9050,0x00000000db900000)
  to   space 5120K, 0% used [0x00000000df600000,0x00000000df600000,0x00000000dfb00000)
 ParOldGen       total 83456K, used 9326K [0x0000000086400000, 0x000000008b580000, 0x00000000d7700000)
  object space 83456K, 11% used [0x0000000086400000,0x0000000086d1b8c0,0x000000008b580000)
 Metaspace       used 3644K, capacity 5144K, committed 5376K, reserved 1056768K
  class space    used 384K, capacity 456K, committed 512K, reserved 1048576K
}
Event: 40.808 GC heap before
{Heap before GC invocations=4 (full 0):
 PSYoungGen      total 67584K, used 67556K [0x00000000d7700000, 0x00000000dfb00000, 0x0000000100000000)
  eden space 62464K, 100% used [0x00000000d7700000,0x00000000db400000,0x00000000db400000)
  from space 5120K, 99% used [0x00000000db400000,0x00000000db8f9050,0x00000000db900000)
  to   space 5120K, 0% used [0x00000000df600000,0x00000000df600000,0x00000000dfb00000)
 ParOldGen       total 83456K, used 9326K [0x0000000086400000, 0x000000008b580000, 0x00000000d7700000)
  object space 83456K, 11% used [0x0000000086400000,0x0000000086d1b8c0,0x000000008b580000)
 Metaspace       used 3644K, capacity 5144K, committed 5376K, reserved 1056768K
  class space    used 384K, capacity 456K, committed 512K, reserved 1048576K
Event: 40.971 GC heap after
Heap after GC invocations=4 (full 0):
 PSYoungGen      total 130048K, used 5092K [0x00000000d7700000, 0x00000000dfb00000, 0x0000000100000000)
  eden space 124928K, 0% used [0x00000000d7700000,0x00000000d7700000,0x00000000df100000)
  from space 5120K, 99% used [0x00000000df600000,0x00000000dfaf9050,0x00000000dfb00000)
  to   space 5120K, 0% used [0x00000000df100000,0x00000000df100000,0x00000000df600000)
 ParOldGen       total 83456K, used 18492K [0x0000000086400000, 0x000000008b580000, 0x00000000d7700000)
  object space 83456K, 22% used [0x0000000086400000,0x000000008760f0f8,0x000000008b580000)
 Metaspace       used 3644K, capacity 5144K, committed 5376K, reserved 1056768K
  class space    used 384K, capacity 456K, committed 512K, reserved 1048576K
}
Event: 44.852 GC heap before
{Heap before GC invocations=5 (full 0):
 PSYoungGen      total 130048K, used 130020K [0x00000000d7700000, 0x00000000dfb00000, 0x0000000100000000)
  eden space 124928K, 100% used [0x00000000d7700000,0x00000000df100000,0x00000000df100000)
  from space 5120K, 99% used [0x00000000df600000,0x00000000dfaf9050,0x00000000dfb00000)
  to   space 5120K, 0% used [0x00000000df100000,0x00000000df100000,0x00000000df600000)
 ParOldGen       total 83456K, used 18492K [0x0000000086400000, 0x000000008b580000, 0x00000000d7700000)
  object space 83456K, 22% used [0x0000000086400000,0x000000008760f0f8,0x000000008b580000)
 Metaspace       used 3651K, capacity 5176K, committed 5376K, reserved 1056768K
  class space    used 385K, capacity 488K, committed 512K, reserved 1048576K

Deoptimization events (6 events):
Event: 1.411 Thread 0x00007f490400a000 Uncommon trap: reason=unloaded action=reinterpret pc=0x00007f48f51ca2cc method=com.android.dx.cf.cst.ConstantPoolParser.parse0(ILjava/util/BitSet;)Lcom/android/dx/rop/cst/Constant; @ 176
Event: 3.570 Thread 0x00007f490400a000 Uncommon trap: reason=unstable_if action=reinterpret pc=0x00007f48f52d4e60 method=com.android.dx.cf.direct.StdAttributeFactory.parse0(Lcom/android/dx/cf/direct/DirectClassFile;ILjava/lang/String;IILcom/android/dx/cf/iface/ParseObserver;)Lcom/android/dx/cf
Event: 40.068 Thread 0x00007f490400a000 Uncommon trap: reason=class_check action=maybe_recompile pc=0x00007f48f533cc94 method=com.android.dx.cf.attrib.AttConstantValue.<init>(Lcom/android/dx/rop/cst/TypedConstant;)V @ 28
Event: 41.720 Thread 0x00007f490400a000 Uncommon trap: reason=class_check action=maybe_recompile pc=0x00007f48f533cc94 method=com.android.dx.cf.attrib.AttConstantValue.<init>(Lcom/android/dx/rop/cst/TypedConstant;)V @ 28
Event: 41.746 Thread 0x00007f490400a000 Uncommon trap: reason=class_check action=maybe_recompile pc=0x00007f48f533cc94 method=com.android.dx.cf.attrib.AttConstantValue.<init>(Lcom/android/dx/rop/cst/TypedConstant;)V @ 28
Event: 41.746 Thread 0x00007f490400a000 Uncommon trap: reason=class_check action=maybe_recompile pc=0x00007f48f533cc94 method=com.android.dx.cf.attrib.AttConstantValue.<init>(Lcom/android/dx/rop/cst/TypedConstant;)V @ 28

Internal exceptions (2 events):
Event: 0.155 Thread 0x00007f490400a000 Exception <a 'java/lang/NoSuchMethodError': Method sun.misc.Unsafe.defineClass(Ljava/lang/String;[BII)Ljava/lang/Class; name or signature does not match> (0x00000000d7707c78) thrown at [/HUDSON3/workspace/8-2-build-linux-amd64/jdk8u102/7268/hotspot/src/sh
Event: 0.155 Thread 0x00007f490400a000 Exception <a 'java/lang/NoSuchMethodError': Method sun.misc.Unsafe.prefetchRead(Ljava/lang/Object;J)V name or signature does not match> (0x00000000d7707f60) thrown at [/HUDSON3/workspace/8-2-build-linux-amd64/jdk8u102/7268/hotspot/src/share/vm/prims/jni.c

Events (10 events):
Event: 41.746 Thread 0x00007f490400a000 Uncommon trap: trap_request=0xffffffde fr.pc=0x00007f48f533cc94
Event: 41.746 Thread 0x00007f490400a000 DEOPT PACKING pc=0x00007f48f533cc94 sp=0x00007f490d5570a0
Event: 41.746 Thread 0x00007f490400a000 DEOPT UNPACKING pc=0x00007f48f5005229 sp=0x00007f490d556fb8 mode 2
Event: 42.496 loading class java/util/ArrayList$1
Event: 42.501 loading class java/util/ArrayList$1 done
Event: 44.505 loading class com/android/dx/cf/attrib/AttRuntimeVisibleParameterAnnotations
Event: 44.506 loading class com/android/dx/cf/attrib/AttRuntimeVisibleParameterAnnotations done
Event: 44.512 Executing VM operation: Deoptimize
Event: 44.513 Executing VM operation: Deoptimize done
Event: 44.851 Executing VM operation: ParallelGCFailedAllocation


Dynamic libraries:
00400000-00401000 r-xp 00000000 08:08 422783                             /opt/java/jdk1.8.0_102/bin/java
00600000-00601000 rw-p 00000000 08:08 422783                             /opt/java/jdk1.8.0_102/bin/java
01fe2000-02003000 rw-p 00000000 00:00 0                                  [heap]
86400000-8b580000 rw-p 00000000 00:00 0 
8b580000-d7700000 ---p 00000000 00:00 0 
d7700000-dfb00000 rw-p 00000000 00:00 0 
e9e00000-100000000 ---p 00000000 00:00 0 
100000000-100080000 rw-p 00000000 00:00 0 
100080000-140000000 ---p 00000000 00:00 0 
7f48b8000000-7f48b8021000 rw-p 00000000 00:00 0 
7f48b8021000-7f48bc000000 ---p 00000000 00:00 0 
7f48bc000000-7f48bc021000 rw-p 00000000 00:00 0 
7f48bc021000-7f48c0000000 ---p 00000000 00:00 0 
7f48c0000000-7f48c15e0000 rw-p 00000000 00:00 0 
7f48c15e0000-7f48c4000000 ---p 00000000 00:00 0 
7f48c4000000-7f48c4ad6000 rw-p 00000000 00:00 0 
7f48c4ad6000-7f48c8000000 ---p 00000000 00:00 0 
7f48c8000000-7f48c8021000 rw-p 00000000 00:00 0 
7f48c8021000-7f48cc000000 ---p 00000000 00:00 0 
7f48cc000000-7f48cccf8000 rw-p 00000000 00:00 0 
7f48cccf8000-7f48d0000000 ---p 00000000 00:00 0 
7f48d0000000-7f48d0021000 rw-p 00000000 00:00 0 
7f48d0021000-7f48d4000000 ---p 00000000 00:00 0 
7f48d4000000-7f48d4021000 rw-p 00000000 00:00 0 
7f48d4021000-7f48d8000000 ---p 00000000 00:00 0 
7f48d8000000-7f48d8021000 rw-p 00000000 00:00 0 
7f48d8021000-7f48dc000000 ---p 00000000 00:00 0 
7f48dc000000-7f48dc297000 rw-p 00000000 00:00 0 
7f48dc297000-7f48e0000000 ---p 00000000 00:00 0 
7f48e0000000-7f48e0021000 rw-p 00000000 00:00 0 
7f48e0021000-7f48e4000000 ---p 00000000 00:00 0 
7f48e7f30000-7f48e8000000 r--s 00b09000 08:04 305928                     /media/ali/Workspace/androidProjects/opensrp-client/opensrp-mcare/build/intermediates/multi-dex/debug/allclasses.jar
7f48e8000000-7f48e8021000 rw-p 00000000 00:00 0 
7f48e8021000-7f48ec000000 ---p 00000000 00:00 0 
7f48ec01d000-7f48ec01e000 ---p 00000000 00:00 0 
7f48ec01e000-7f48ec11e000 rw-p 00000000 00:00 0 
7f48ec11e000-7f48ec121000 ---p 00000000 00:00 0 
7f48ec121000-7f48ec21f000 rw-p 00000000 00:00 0 
7f48ec21f000-7f48ec222000 ---p 00000000 00:00 0 
7f48ec222000-7f48f0000000 rw-p 00000000 00:00 0 
7f48f0000000-7f48f0021000 rw-p 00000000 00:00 0 
7f48f0021000-7f48f4000000 ---p 00000000 00:00 0 
7f48f401a000-7f48f401d000 ---p 00000000 00:00 0 
7f48f401d000-7f48f411b000 rw-p 00000000 00:00 0 
7f48f411b000-7f48f411e000 ---p 00000000 00:00 0 
7f48f411e000-7f48f421c000 rw-p 00000000 00:00 0 
7f48f421c000-7f48f421f000 ---p 00000000 00:00 0 
7f48f421f000-7f48f431d000 rw-p 00000000 00:00 0 
7f48f431d000-7f48f45f6000 r--p 00000000 08:08 1837656                    /usr/lib/locale/locale-archive
7f48f45f6000-7f48f45f9000 ---p 00000000 00:00 0 
7f48f45f9000-7f48f46f7000 rw-p 00000000 00:00 0 
7f48f46f7000-7f48f46fa000 ---p 00000000 00:00 0 
7f48f46fa000-7f48f47f8000 rw-p 00000000 00:00 0 
7f48f47f8000-7f48f47f9000 ---p 00000000 00:00 0 
7f48f47f9000-7f48f5000000 rw-p 00000000 00:00 0 
7f48f5000000-7f48f53b0000 rwxp 00000000 00:00 0 
7f48f53b0000-7f4904000000 ---p 00000000 00:00 0 
7f4904000000-7f49043d4000 rw-p 00000000 00:00 0 
7f49043d4000-7f4908000000 ---p 00000000 00:00 0 
7f4908092000-7f490898e000 rw-p 00000000 00:00 0 
7f490898e000-7f4908b66000 r--s 03d29000 08:08 675068                     /opt/java/jdk1.8.0_102/jre/lib/rt.jar
7f4908b66000-7f490909c000 rw-p 00000000 00:00 0 
7f490909c000-7f49093dc000 ---p 00000000 00:00 0 
7f49093dc000-7f49097aa000 rw-p 00000000 00:00 0 
7f49097aa000-7f49097ab000 ---p 00000000 00:00 0 
7f49097ab000-7f49098ab000 rw-p 00000000 00:00 0 
7f49098ab000-7f49098ac000 ---p 00000000 00:00 0 
7f49098ac000-7f49099ac000 rw-p 00000000 00:00 0 
7f49099ac000-7f49099ad000 ---p 00000000 00:00 0 
7f49099ad000-7f4909aad000 rw-p 00000000 00:00 0 
7f4909aad000-7f4909aae000 ---p 00000000 00:00 0 
7f4909aae000-7f4909bd7000 rw-p 00000000 00:00 0 
7f4909bd7000-7f4909e38000 ---p 00000000 00:00 0 
7f4909e38000-7f4909e61000 rw-p 00000000 00:00 0 
7f4909e61000-7f490a0c1000 ---p 00000000 00:00 0 
7f490a0c1000-7f490a104000 rw-p 00000000 00:00 0 
7f490a104000-7f490a206000 ---p 00000000 00:00 0 
7f490a206000-7f490a216000 rw-p 00000000 00:00 0 
7f490a216000-7f490a5c7000 ---p 00000000 00:00 0 
7f490a5c7000-7f490a5e1000 r-xp 00000000 08:08 674152                     /opt/java/jdk1.8.0_102/jre/lib/amd64/libzip.so
7f490a5e1000-7f490a7e1000 ---p 0001a000 08:08 674152                     /opt/java/jdk1.8.0_102/jre/lib/amd64/libzip.so
7f490a7e1000-7f490a7e2000 rw-p 0001a000 08:08 674152                     /opt/java/jdk1.8.0_102/jre/lib/amd64/libzip.so
7f490a7e2000-7f490a7ed000 r-xp 00000000 08:08 1320776                    /lib/x86_64-linux-gnu/libnss_files-2.23.so
7f490a7ed000-7f490a9ec000 ---p 0000b000 08:08 1320776                    /lib/x86_64-linux-gnu/libnss_files-2.23.so
7f490a9ec000-7f490a9ed000 r--p 0000a000 08:08 1320776                    /lib/x86_64-linux-gnu/libnss_files-2.23.so
7f490a9ed000-7f490a9ee000 rw-p 0000b000 08:08 1320776                    /lib/x86_64-linux-gnu/libnss_files-2.23.so
7f490a9ee000-7f490a9f4000 rw-p 00000000 00:00 0 
7f490a9f4000-7f490a9ff000 r-xp 00000000 08:08 1320779                    /lib/x86_64-linux-gnu/libnss_nis-2.23.so
7f490a9ff000-7f490abfe000 ---p 0000b000 08:08 1320779                    /lib/x86_64-linux-gnu/libnss_nis-2.23.so
7f490abfe000-7f490abff000 r--p 0000a000 08:08 1320779                    /lib/x86_64-linux-gnu/libnss_nis-2.23.so
7f490abff000-7f490ac00000 rw-p 0000b000 08:08 1320779                    /lib/x86_64-linux-gnu/libnss_nis-2.23.so
7f490ac00000-7f490ac16000 r-xp 00000000 08:08 1315971                    /lib/x86_64-linux-gnu/libnsl-2.23.so
7f490ac16000-7f490ae15000 ---p 00016000 08:08 1315971                    /lib/x86_64-linux-gnu/libnsl-2.23.so
7f490ae15000-7f490ae16000 r--p 00015000 08:08 1315971                    /lib/x86_64-linux-gnu/libnsl-2.23.so
7f490ae16000-7f490ae17000 rw-p 00016000 08:08 1315971                    /lib/x86_64-linux-gnu/libnsl-2.23.so
7f490ae17000-7f490ae19000 rw-p 00000000 00:00 0 
7f490ae19000-7f490ae21000 r-xp 00000000 08:08 1320785                    /lib/x86_64-linux-gnu/libnss_compat-2.23.so
7f490ae21000-7f490b020000 ---p 00008000 08:08 1320785                    /lib/x86_64-linux-gnu/libnss_compat-2.23.so
7f490b020000-7f490b021000 r--p 00007000 08:08 1320785                    /lib/x86_64-linux-gnu/libnss_compat-2.23.so
7f490b021000-7f490b022000 rw-p 00008000 08:08 1320785                    /lib/x86_64-linux-gnu/libnss_compat-2.23.so
7f490b022000-7f490b04c000 r-xp 00000000 08:08 675487                     /opt/java/jdk1.8.0_102/jre/lib/amd64/libjava.so
7f490b04c000-7f490b24c000 ---p 0002a000 08:08 675487                     /opt/java/jdk1.8.0_102/jre/lib/amd64/libjava.so
7f490b24c000-7f490b24e000 rw-p 0002a000 08:08 675487                     /opt/java/jdk1.8.0_102/jre/lib/amd64/libjava.so
7f490b24e000-7f490b25b000 r-xp 00000000 08:08 675078                     /opt/java/jdk1.8.0_102/jre/lib/amd64/libverify.so
7f490b25b000-7f490b45b000 ---p 0000d000 08:08 675078                     /opt/java/jdk1.8.0_102/jre/lib/amd64/libverify.so
7f490b45b000-7f490b45d000 rw-p 0000d000 08:08 675078                     /opt/java/jdk1.8.0_102/jre/lib/amd64/libverify.so
7f490b45d000-7f490b464000 r-xp 00000000 08:08 1320781                    /lib/x86_64-linux-gnu/librt-2.23.so
7f490b464000-7f490b663000 ---p 00007000 08:08 1320781                    /lib/x86_64-linux-gnu/librt-2.23.so
7f490b663000-7f490b664000 r--p 00006000 08:08 1320781                    /lib/x86_64-linux-gnu/librt-2.23.so
7f490b664000-7f490b665000 rw-p 00007000 08:08 1320781                    /lib/x86_64-linux-gnu/librt-2.23.so
7f490b665000-7f490b76d000 r-xp 00000000 08:08 1320790                    /lib/x86_64-linux-gnu/libm-2.23.so
7f490b76d000-7f490b96c000 ---p 00108000 08:08 1320790                    /lib/x86_64-linux-gnu/libm-2.23.so
7f490b96c000-7f490b96d000 r--p 00107000 08:08 1320790                    /lib/x86_64-linux-gnu/libm-2.23.so
7f490b96d000-7f490b96e000 rw-p 00108000 08:08 1320790                    /lib/x86_64-linux-gnu/libm-2.23.so
7f490b96e000-7f490c63a000 r-xp 00000000 08:08 674994                     /opt/java/jdk1.8.0_102/jre/lib/amd64/server/libjvm.so
7f490c63a000-7f490c83a000 ---p 00ccc000 08:08 674994                     /opt/java/jdk1.8.0_102/jre/lib/amd64/server/libjvm.so
7f490c83a000-7f490c913000 rw-p 00ccc000 08:08 674994                     /opt/java/jdk1.8.0_102/jre/lib/amd64/server/libjvm.so
7f490c913000-7f490c95e000 rw-p 00000000 00:00 0 
7f490c95e000-7f490cb1e000 r-xp 00000000 08:08 1320795                    /lib/x86_64-linux-gnu/libc-2.23.so
7f490cb1e000-7f490cd1e000 ---p 001c0000 08:08 1320795                    /lib/x86_64-linux-gnu/libc-2.23.so
7f490cd1e000-7f490cd22000 r--p 001c0000 08:08 1320795                    /lib/x86_64-linux-gnu/libc-2.23.so
7f490cd22000-7f490cd24000 rw-p 001c4000 08:08 1320795                    /lib/x86_64-linux-gnu/libc-2.23.so
7f490cd24000-7f490cd28000 rw-p 00000000 00:00 0 
7f490cd28000-7f490cd2b000 r-xp 00000000 08:08 1320784                    /lib/x86_64-linux-gnu/libdl-2.23.so
7f490cd2b000-7f490cf2a000 ---p 00003000 08:08 1320784                    /lib/x86_64-linux-gnu/libdl-2.23.so
7f490cf2a000-7f490cf2b000 r--p 00002000 08:08 1320784                    /lib/x86_64-linux-gnu/libdl-2.23.so
7f490cf2b000-7f490cf2c000 rw-p 00003000 08:08 1320784                    /lib/x86_64-linux-gnu/libdl-2.23.so
7f490cf2c000-7f490cf41000 r-xp 00000000 08:08 422732                     /opt/java/jdk1.8.0_102/lib/amd64/jli/libjli.so
7f490cf41000-7f490d141000 ---p 00015000 08:08 422732                     /opt/java/jdk1.8.0_102/lib/amd64/jli/libjli.so
7f490d141000-7f490d142000 rw-p 00015000 08:08 422732                     /opt/java/jdk1.8.0_102/lib/amd64/jli/libjli.so
7f490d142000-7f490d15a000 r-xp 00000000 08:08 1320778                    /lib/x86_64-linux-gnu/libpthread-2.23.so
7f490d15a000-7f490d359000 ---p 00018000 08:08 1320778                    /lib/x86_64-linux-gnu/libpthread-2.23.so
7f490d359000-7f490d35a000 r--p 00017000 08:08 1320778                    /lib/x86_64-linux-gnu/libpthread-2.23.so
7f490d35a000-7f490d35b000 rw-p 00018000 08:08 1320778                    /lib/x86_64-linux-gnu/libpthread-2.23.so
7f490d35b000-7f490d35f000 rw-p 00000000 00:00 0 
7f490d35f000-7f490d385000 r-xp 00000000 08:08 1320773                    /lib/x86_64-linux-gnu/ld-2.23.so
7f490d38d000-7f490d458000 rw-p 00000000 00:00 0 
7f490d458000-7f490d45b000 ---p 00000000 00:00 0 
7f490d45b000-7f490d55d000 rw-p 00000000 00:00 0 
7f490d55f000-7f490d569000 r--s 0002f000 08:04 305930                     /media/ali/Workspace/androidProjects/opensrp-client/opensrp-mcare/build/intermediates/multi-dex/debug/componentClasses.jar
7f490d569000-7f490d578000 r--s 000dd000 08:08 331849                     /home/ali/Tools/Android/sdk/build-tools/21.1.2/lib/dx.jar
7f490d578000-7f490d580000 rw-s 00000000 08:08 290754                     /tmp/hsperfdata_ali/13030
7f490d580000-7f490d581000 rw-p 00000000 00:00 0 
7f490d581000-7f490d582000 ---p 00000000 00:00 0 
7f490d582000-7f490d584000 rw-p 00000000 00:00 0 
7f490d584000-7f490d585000 r--p 00025000 08:08 1320773                    /lib/x86_64-linux-gnu/ld-2.23.so
7f490d585000-7f490d586000 rw-p 00026000 08:08 1320773                    /lib/x86_64-linux-gnu/ld-2.23.so
7f490d586000-7f490d587000 rw-p 00000000 00:00 0 
7ffc12f93000-7ffc12fb4000 rw-p 00000000 00:00 0                          [stack]
7ffc12fef000-7ffc12ff1000 r--p 00000000 00:00 0                          [vvar]
7ffc12ff1000-7ffc12ff3000 r-xp 00000000 00:00 0                          [vdso]
ffffffffff600000-ffffffffff601000 r-xp 00000000 00:00 0                  [vsyscall]

VM Arguments:
jvm_args: -Dfile.encoding=UTF-8 -Duser.country=US -Duser.language=en -Duser.variant 
java_command: com.android.multidex.ClassReferenceListBuilder /media/ali/Workspace/androidProjects/opensrp-client/opensrp-mcare/build/intermediates/multi-dex/debug/componentClasses.jar /media/ali/Workspace/androidProjects/opensrp-client/opensrp-mcare/build/intermediates/multi-dex/debug/allclasses.jar
java_class_path (initial): /home/ali/Tools/Android/sdk/build-tools/21.1.2/lib/dx.jar
Launcher Type: SUN_STANDARD

Environment Variables:
JAVA_HOME=/opt/java/jdk1.8.0_102
PATH=/home/ali/bin:/home/ali/.local/bin:/usr/local/sbin:/usr/local/bin:/usr/sbin:/usr/bin:/sbin:/bin:/usr/games:/usr/local/games:/snap/bin
LD_LIBRARY_PATH=/home/ali/Tools/Android/studio/bin:
SHELL=/bin/bash
DISPLAY=:0

Signal Handlers:
SIGSEGV: [libjvm.so+0xac5b30], sa_mask[0]=11111111011111111101111111111110, sa_flags=SA_RESTART|SA_SIGINFO
SIGBUS: [libjvm.so+0xac5b30], sa_mask[0]=11111111011111111101111111111110, sa_flags=SA_RESTART|SA_SIGINFO
SIGFPE: [libjvm.so+0x91f470], sa_mask[0]=11111111011111111101111111111110, sa_flags=SA_RESTART|SA_SIGINFO
SIGPIPE: [libjvm.so+0x91f470], sa_mask[0]=11111111011111111101111111111110, sa_flags=SA_RESTART|SA_SIGINFO
SIGXFSZ: [libjvm.so+0x91f470], sa_mask[0]=11111111011111111101111111111110, sa_flags=SA_RESTART|SA_SIGINFO
SIGILL: [libjvm.so+0x91f470], sa_mask[0]=11111111011111111101111111111110, sa_flags=SA_RESTART|SA_SIGINFO
SIGUSR1: SIG_DFL, sa_mask[0]=00000000000000000000000000000000, sa_flags=none
SIGUSR2: [libjvm.so+0x920aa0], sa_mask[0]=00100000000000000000000000000000, sa_flags=SA_RESTART|SA_SIGINFO
SIGHUP: [libjvm.so+0x921ea0], sa_mask[0]=11111111011111111101111111111110, sa_flags=SA_RESTART|SA_SIGINFO
SIGINT: [libjvm.so+0x921ea0], sa_mask[0]=11111111011111111101111111111110, sa_flags=SA_RESTART|SA_SIGINFO
SIGTERM: [libjvm.so+0x921ea0], sa_mask[0]=11111111011111111101111111111110, sa_flags=SA_RESTART|SA_SIGINFO
SIGQUIT: [libjvm.so+0x921ea0], sa_mask[0]=11111111011111111101111111111110, sa_flags=SA_RESTART|SA_SIGINFO


---------------  S Y S T E M  ---------------

OS:DISTRIB_ID=LinuxMint
DISTRIB_RELEASE=18.2
DISTRIB_CODENAME=sonya
DISTRIB_DESCRIPTION="Linux Mint 18.2 Sonya"

uname:Linux 4.10.0-32-generic #36~16.04.1-Ubuntu SMP Wed Aug 9 09:19:02 UTC 2017 x86_64
libc:glibc 2.23 NPTL 2.23 
rlimit: STACK 8192k, CORE 0k, NPROC 30731, NOFILE 1048576, AS infinity
load average:18.39 8.42 6.41

/proc/meminfo:
MemTotal:        7973888 kB
MemFree:          109436 kB
MemAvailable:      47344 kB
Buffers:            1128 kB
Cached:           440844 kB
SwapCached:         6464 kB
Active:          6633436 kB
Inactive:         864300 kB
Active(anon):    6593768 kB
Inactive(anon):   825016 kB
Active(file):      39668 kB
Inactive(file):    39284 kB
Unevictable:         356 kB
Mlocked:             356 kB
SwapTotal:       1999868 kB
SwapFree:              0 kB
Dirty:               288 kB
Writeback:             0 kB
AnonPages:       7050716 kB
Mapped:           147660 kB
Shmem:            362548 kB
Slab:             182272 kB
SReclaimable:      77656 kB
SUnreclaim:       104616 kB
KernelStack:       20992 kB
PageTables:        95048 kB
NFS_Unstable:          0 kB
Bounce:                0 kB
WritebackTmp:          0 kB
CommitLimit:     5986812 kB
Committed_AS:   18867456 kB
VmallocTotal:   34359738367 kB
VmallocUsed:           0 kB
VmallocChunk:          0 kB
HardwareCorrupted:     0 kB
AnonHugePages:   1804288 kB
ShmemHugePages:        0 kB
ShmemPmdMapped:        0 kB
CmaTotal:              0 kB
CmaFree:               0 kB
HugePages_Total:       0
HugePages_Free:        0
HugePages_Rsvd:        0
HugePages_Surp:        0
Hugepagesize:       2048 kB
DirectMap4k:      769496 kB
DirectMap2M:     7417856 kB
DirectMap1G:           0 kB


CPU:total 4 (2 cores per cpu, 2 threads per core) family 6 model 78 stepping 3, cmov, cx8, fxsr, mmx, sse, sse2, sse3, ssse3, sse4.1, sse4.2, popcnt, avx, avx2, aes, clmul, erms, 3dnowpref, lzcnt, ht, tsc, tscinvbit, bmi1, bmi2, adx

/proc/cpuinfo:
processor	: 0
vendor_id	: GenuineIntel
cpu family	: 6
model		: 78
model name	: Intel(R) Core(TM) m3-6Y30 CPU @ 0.90GHz
stepping	: 3
microcode	: 0x33
cpu MHz		: 899.963
cache size	: 4096 KB
physical id	: 0
siblings	: 4
core id		: 0
cpu cores	: 2
apicid		: 0
initial apicid	: 0
fpu		: yes
fpu_exception	: yes
cpuid level	: 22
wp		: yes
flags		: fpu vme de pse tsc msr pae mce cx8 apic sep mtrr pge mca cmov pat pse36 clflush dts acpi mmx fxsr sse sse2 ss ht tm pbe syscall nx pdpe1gb rdtscp lm constant_tsc art arch_perfmon pebs bts rep_good nopl xtopology nonstop_tsc aperfmperf tsc_known_freq pni pclmulqdq dtes64 monitor ds_cpl vmx est tm2 ssse3 sdbg fma cx16 xtpr pdcm pcid sse4_1 sse4_2 x2apic movbe popcnt tsc_deadline_timer aes xsave avx f16c rdrand lahf_lm abm 3dnowprefetch epb intel_pt tpr_shadow vnmi flexpriority ept vpid fsgsbase tsc_adjust bmi1 avx2 smep bmi2 erms invpcid mpx rdseed adx smap clflushopt xsaveopt xsavec xgetbv1 xsaves dtherm ida arat pln pts hwp hwp_notify hwp_act_window hwp_epp
bugs		:
bogomips	: 3024.00
clflush size	: 64
cache_alignment	: 64
address sizes	: 39 bits physical, 48 bits virtual
power management:

processor	: 1
vendor_id	: GenuineIntel
cpu family	: 6
model		: 78
model name	: Intel(R) Core(TM) m3-6Y30 CPU @ 0.90GHz
stepping	: 3
microcode	: 0x33
cpu MHz		: 899.963
cache size	: 4096 KB
physical id	: 0
siblings	: 4
core id		: 1
cpu cores	: 2
apicid		: 2
initial apicid	: 2
fpu		: yes
fpu_exception	: yes
cpuid level	: 22
wp		: yes
flags		: fpu vme de pse tsc msr pae mce cx8 apic sep mtrr pge mca cmov pat pse36 clflush dts acpi mmx fxsr sse sse2 ss ht tm pbe syscall nx pdpe1gb rdtscp lm constant_tsc art arch_perfmon pebs bts rep_good nopl xtopology nonstop_tsc aperfmperf tsc_known_freq pni pclmulqdq dtes64 monitor ds_cpl vmx est tm2 ssse3 sdbg fma cx16 xtpr pdcm pcid sse4_1 sse4_2 x2apic movbe popcnt tsc_deadline_timer aes xsave avx f16c rdrand lahf_lm abm 3dnowprefetch epb intel_pt tpr_shadow vnmi flexpriority ept vpid fsgsbase tsc_adjust bmi1 avx2 smep bmi2 erms invpcid mpx rdseed adx smap clflushopt xsaveopt xsavec xgetbv1 xsaves dtherm ida arat pln pts hwp hwp_notify hwp_act_window hwp_epp
bugs		:
bogomips	: 3024.00
clflush size	: 64
cache_alignment	: 64
address sizes	: 39 bits physical, 48 bits virtual
power management:

processor	: 2
vendor_id	: GenuineIntel
cpu family	: 6
model		: 78
model name	: Intel(R) Core(TM) m3-6Y30 CPU @ 0.90GHz
stepping	: 3
microcode	: 0x33
cpu MHz		: 899.963
cache size	: 4096 KB
physical id	: 0
siblings	: 4
core id		: 0
cpu cores	: 2
apicid		: 1
initial apicid	: 1
fpu		: yes
fpu_exception	: yes
cpuid level	: 22
wp		: yes
flags		: fpu vme de pse tsc msr pae mce cx8 apic sep mtrr pge mca cmov pat pse36 clflush dts acpi mmx fxsr sse sse2 ss ht tm pbe syscall nx pdpe1gb rdtscp lm constant_tsc art arch_perfmon pebs bts rep_good nopl xtopology nonstop_tsc aperfmperf tsc_known_freq pni pclmulqdq dtes64 monitor ds_cpl vmx est tm2 ssse3 sdbg fma cx16 xtpr pdcm pcid sse4_1 sse4_2 x2apic movbe popcnt tsc_deadline_timer aes xsave avx f16c rdrand lahf_lm abm 3dnowprefetch epb intel_pt tpr_shadow vnmi flexpriority ept vpid fsgsbase tsc_adjust bmi1 avx2 smep bmi2 erms invpcid mpx rdseed adx smap clflushopt xsaveopt xsavec xgetbv1 xsaves dtherm ida arat pln pts hwp hwp_notify hwp_act_window hwp_epp
bugs		:
bogomips	: 3024.00
clflush size	: 64
cache_alignment	: 64
address sizes	: 39 bits physical, 48 bits virtual
power management:

processor	: 3
vendor_id	: GenuineIntel
cpu family	: 6
model		: 78
model name	: Intel(R) Core(TM) m3-6Y30 CPU @ 0.90GHz
stepping	: 3
microcode	: 0x33
cpu MHz		: 899.963
cache size	: 4096 KB
physical id	: 0
siblings	: 4
core id		: 1
cpu cores	: 2
apicid		: 3
initial apicid	: 3
fpu		: yes
fpu_exception	: yes
cpuid level	: 22
wp		: yes
flags		: fpu vme de pse tsc msr pae mce cx8 apic sep mtrr pge mca cmov pat pse36 clflush dts acpi mmx fxsr sse sse2 ss ht tm pbe syscall nx pdpe1gb rdtscp lm constant_tsc art arch_perfmon pebs bts rep_good nopl xtopology nonstop_tsc aperfmperf tsc_known_freq pni pclmulqdq dtes64 monitor ds_cpl vmx est tm2 ssse3 sdbg fma cx16 xtpr pdcm pcid sse4_1 sse4_2 x2apic movbe popcnt tsc_deadline_timer aes xsave avx f16c rdrand lahf_lm abm 3dnowprefetch epb intel_pt tpr_shadow vnmi flexpriority ept vpid fsgsbase tsc_adjust bmi1 avx2 smep bmi2 erms invpcid mpx rdseed adx smap clflushopt xsaveopt xsavec xgetbv1 xsaves dtherm ida arat pln pts hwp hwp_notify hwp_act_window hwp_epp
bugs		:
bogomips	: 3024.00
clflush size	: 64
cache_alignment	: 64
address sizes	: 39 bits physical, 48 bits virtual
power management:



Memory: 4k page, physical 7973888k(109360k free), swap 1999868k(0k free)

vm_info: Java HotSpot(TM) 64-Bit Server VM (25.102-b14) for linux-amd64 JRE (1.8.0_102-b14), built on Jun 22 2016 18:43:17 by "java_re" with gcc 4.3.0 20080428 (Red Hat 4.3.0-8)

time: Wed Sep  6 08:48:34 2017
elapsed time: 44 seconds (0d 0h 0m 44s)

