#
# There is insufficient memory for the Java Runtime Environment to continue.
# Native memory allocation (mmap) failed to map 187695104 bytes for committing reserved memory.
# Possible reasons:
#   The system is out of physical RAM or swap space
#   In 32 bit mode, the process size limit was hit
# Possible solutions:
#   Reduce memory load on the system
#   Increase physical memory or swap space
#   Check if swap backing store is full
#   Use 64 bit Java on a 64 bit OS
#   Decrease Java heap size (-Xmx/-Xms)
#   Decrease number of Java threads
#   Decrease Java thread stack sizes (-Xss)
#   Set larger code cache with -XX:ReservedCodeCacheSize=
# This output file may be truncated or incomplete.
#
#  Out of Memory Error (os_linux.cpp:2627), pid=13866, tid=0x00007f6ca0df5700
#
# JRE version: Java(TM) SE Runtime Environment (8.0_102-b14) (build 1.8.0_102-b14)
# Java VM: Java HotSpot(TM) 64-Bit Server VM (25.102-b14 mixed mode linux-amd64 compressed oops)
# Failed to write core dump. Core dumps have been disabled. To enable core dumping, try "ulimit -c unlimited" before starting Java again
#

---------------  T H R E A D  ---------------

Current thread (0x00007f6cb8078000):  VMThread [stack: 0x00007f6ca0cf5000,0x00007f6ca0df6000] [id=13881]

Stack: [0x00007f6ca0cf5000,0x00007f6ca0df6000],  sp=0x00007f6ca0df4020,  free space=1020k
Native frames: (J=compiled Java code, j=interpreted, Vv=VM code, C=native code)
V  [libjvm.so+0xac52aa]  VMError::report_and_die()+0x2ba
V  [libjvm.so+0x4fc29b]  report_vm_out_of_memory(char const*, int, unsigned long, VMErrorType, char const*)+0x8b
V  [libjvm.so+0x922603]  os::Linux::commit_memory_impl(char*, unsigned long, bool)+0x103
V  [libjvm.so+0x922b59]  os::pd_commit_memory(char*, unsigned long, unsigned long, bool)+0x29
V  [libjvm.so+0x91ce5a]  os::commit_memory(char*, unsigned long, unsigned long, bool)+0x2a
V  [libjvm.so+0x9915e3]  PSVirtualSpace::expand_by(unsigned long)+0x53
V  [libjvm.so+0x9929e8]  PSYoungGen::resize_generation(unsigned long, unsigned long)+0xf8
V  [libjvm.so+0x991b42]  PSYoungGen::resize(unsigned long, unsigned long)+0x22
V  [libjvm.so+0x98ee1b]  PSScavenge::invoke_no_policy()+0xf3b
V  [libjvm.so+0x98f5a1]  PSScavenge::invoke()+0x41
V  [libjvm.so+0x9462f0]  ParallelScavengeHeap::failed_mem_allocate(unsigned long)+0x70
V  [libjvm.so+0xac6cc7]  VM_ParallelGCFailedAllocation::doit()+0x97
V  [libjvm.so+0xace7a5]  VM_Operation::evaluate()+0x55
V  [libjvm.so+0xaccb7a]  VMThread::evaluate_operation(VM_Operation*)+0xba
V  [libjvm.so+0xaccefe]  VMThread::loop()+0x1ce
V  [libjvm.so+0xacd370]  VMThread::run()+0x70
V  [libjvm.so+0x9249c8]  java_start(Thread*)+0x108

VM_Operation (0x00007f6ca0203ad0): ParallelGCFailedAllocation, mode: safepoint, requested by thread 0x00007f6cb8122800


---------------  P R O C E S S  ---------------

Java Threads: ( => current thread )
  0x00007f6cb8138800 JavaThread "pool-2-thread-4" [_thread_blocked, id=13913, stack(0x00007f6c9bcfd000,0x00007f6c9bdfe000)]
  0x00007f6cb8136800 JavaThread "pool-2-thread-3" [_thread_blocked, id=13912, stack(0x00007f6c9bdfe000,0x00007f6c9beff000)]
  0x00007f6cb8135800 JavaThread "pool-2-thread-2" [_thread_blocked, id=13911, stack(0x00007f6c9beff000,0x00007f6c9c000000)]
  0x00007f6cb8125000 JavaThread "pool-3-thread-1" [_thread_blocked, id=13902, stack(0x00007f6ca0004000,0x00007f6ca0105000)]
  0x00007f6cb8122800 JavaThread "pool-2-thread-1" [_thread_blocked, id=13901, stack(0x00007f6ca0105000,0x00007f6ca0206000)]
  0x00007f6cb80c1000 JavaThread "Service Thread" daemon [_thread_blocked, id=13888, stack(0x00007f6ca0315000,0x00007f6ca0416000)]
  0x00007f6cb80be000 JavaThread "C1 CompilerThread2" daemon [_thread_blocked, id=13887, stack(0x00007f6ca0416000,0x00007f6ca0517000)]
  0x00007f6cb80bc000 JavaThread "C2 CompilerThread1" daemon [_thread_in_native, id=13886, stack(0x00007f6ca0517000,0x00007f6ca0618000)]
  0x00007f6cb80b9800 JavaThread "C2 CompilerThread0" daemon [_thread_blocked, id=13885, stack(0x00007f6ca0618000,0x00007f6ca0719000)]
  0x00007f6cb80b8000 JavaThread "Signal Dispatcher" daemon [_thread_blocked, id=13884, stack(0x00007f6ca0719000,0x00007f6ca081a000)]
  0x00007f6cb8084000 JavaThread "Finalizer" daemon [_thread_blocked, id=13883, stack(0x00007f6ca0af3000,0x00007f6ca0bf4000)]
  0x00007f6cb807f800 JavaThread "Reference Handler" daemon [_thread_blocked, id=13882, stack(0x00007f6ca0bf4000,0x00007f6ca0cf5000)]
  0x00007f6cb800a000 JavaThread "main" [_thread_blocked, id=13871, stack(0x00007f6cbf3af000,0x00007f6cbf4b0000)]

Other Threads:
=>0x00007f6cb8078000 VMThread [stack: 0x00007f6ca0cf5000,0x00007f6ca0df6000] [id=13881]
  0x00007f6cb80c4000 WatcherThread [stack: 0x00007f6ca0214000,0x00007f6ca0315000] [id=13889]

VM state:at safepoint (normal execution)

VM Mutex/Monitor currently owned by a thread:  ([mutex/lock_event])
[0x00007f6cb8006490] Threads_lock - owner thread: 0x00007f6cb8078000
[0x00007f6cb8006990] Heap_lock - owner thread: 0x00007f6cb8122800

Heap:
 PSYoungGen      total 130048K, used 5115K [0x00000000eab00000, 0x00000000f2f00000, 0x0000000100000000)
  eden space 124928K, 0% used [0x00000000eab00000,0x00000000eab00000,0x00000000f2500000)
  from space 5120K, 99% used [0x00000000f2500000,0x00000000f29fecd8,0x00000000f2a00000)
  to   space 5120K, 0% used [0x00000000f2a00000,0x00000000f2a00000,0x00000000f2f00000)
 ParOldGen       total 83456K, used 67624K [0x00000000c0000000, 0x00000000c5180000, 0x00000000eab00000)
  object space 83456K, 81% used [0x00000000c0000000,0x00000000c420a2a0,0x00000000c5180000)
 Metaspace       used 5810K, capacity 6960K, committed 7040K, reserved 1056768K
  class space    used 576K, capacity 616K, committed 640K, reserved 1048576K

Card table byte_map: [0x00007f6ca8dff000,0x00007f6ca9000000] byte_map_base: 0x00007f6ca87ff000

Marking Bits: (ParMarkBitMap*) 0x00007f6cbe887c60
 Begin Bits: [0x00007f6ca2000000, 0x00007f6ca3000000)
 End Bits:   [0x00007f6ca3000000, 0x00007f6ca4000000)

Polling page: 0x00007f6cbf4d8000

CodeCache: size=245760Kb used=5779Kb max_used=5791Kb free=239980Kb
 bounds [0x00007f6ca9000000, 0x00007f6ca95b0000, 0x00007f6cb8000000]
 total_blobs=1602 nmethods=1341 adapters=175
 compilation: enabled

Compilation events (10 events):
Event: 23.681 Thread 0x00007f6cb80be000 nmethod 2042% 0x00007f6ca95a1290 code [0x00007f6ca95a14c0, 0x00007f6ca95a2218]
Event: 23.681 Thread 0x00007f6cb80be000 2043       3       com.android.dx.util.LabeledList::<init> (57 bytes)
Event: 23.684 Thread 0x00007f6cb80be000 nmethod 2043 0x00007f6ca95a2ad0 code [0x00007f6ca95a2d00, 0x00007f6ca95a3998]
Event: 23.698 Thread 0x00007f6cb80be000 2044       2       java.util.DualPivotQuicksort::sort (614 bytes)
Event: 23.710 Thread 0x00007f6cb80be000 nmethod 2044 0x00007f6ca95a41d0 code [0x00007f6ca95a4420, 0x00007f6ca95a5178]
Event: 23.724 Thread 0x00007f6cb80be000 2045 %     3       com.android.dx.ssa.back.LivenessAnalyzer::coInterferePhis @ 8 (128 bytes)
Event: 23.728 Thread 0x00007f6cb80be000 nmethod 2045% 0x00007f6ca95a92d0 code [0x00007f6ca95a9580, 0x00007f6ca95aa928]
Event: 23.731 Thread 0x00007f6cb80b9800 nmethod 1891 0x00007f6ca95ab310 code [0x00007f6ca95ab460, 0x00007f6ca95ab5f8]
Event: 23.735 Thread 0x00007f6cb80b9800 2033   !   4       com.android.dx.rop.code.BasicBlock::<init> (273 bytes)
Event: 23.737 Thread 0x00007f6cb80be000 2046       2       com.android.dx.cf.direct.AttributeListParser::<init> (83 bytes)

GC Heap History (9 events):
Event: 3.202 GC heap before
{Heap before GC invocations=1 (full 0):
 PSYoungGen      total 36352K, used 31232K [0x00000000eab00000, 0x00000000ed380000, 0x0000000100000000)
  eden space 31232K, 100% used [0x00000000eab00000,0x00000000ec980000,0x00000000ec980000)
  from space 5120K, 0% used [0x00000000ece80000,0x00000000ece80000,0x00000000ed380000)
  to   space 5120K, 0% used [0x00000000ec980000,0x00000000ec980000,0x00000000ece80000)
 ParOldGen       total 83456K, used 0K [0x00000000c0000000, 0x00000000c5180000, 0x00000000eab00000)
  object space 83456K, 0% used [0x00000000c0000000,0x00000000c0000000,0x00000000c5180000)
 Metaspace       used 5536K, capacity 6768K, committed 7040K, reserved 1056768K
  class space    used 573K, capacity 616K, committed 640K, reserved 1048576K
Event: 3.279 GC heap after
Heap after GC invocations=1 (full 0):
 PSYoungGen      total 36352K, used 5089K [0x00000000eab00000, 0x00000000ef200000, 0x0000000100000000)
  eden space 31232K, 0% used [0x00000000eab00000,0x00000000eab00000,0x00000000ec980000)
  from space 5120K, 99% used [0x00000000ec980000,0x00000000ece78440,0x00000000ece80000)
  to   space 5120K, 0% used [0x00000000eed00000,0x00000000eed00000,0x00000000ef200000)
 ParOldGen       total 83456K, used 1603K [0x00000000c0000000, 0x00000000c5180000, 0x00000000eab00000)
  object space 83456K, 1% used [0x00000000c0000000,0x00000000c0190c10,0x00000000c5180000)
 Metaspace       used 5536K, capacity 6768K, committed 7040K, reserved 1056768K
  class space    used 573K, capacity 616K, committed 640K, reserved 1048576K
}
Event: 5.049 GC heap before
{Heap before GC invocations=2 (full 0):
 PSYoungGen      total 36352K, used 36321K [0x00000000eab00000, 0x00000000ef200000, 0x0000000100000000)
  eden space 31232K, 100% used [0x00000000eab00000,0x00000000ec980000,0x00000000ec980000)
  from space 5120K, 99% used [0x00000000ec980000,0x00000000ece78440,0x00000000ece80000)
  to   space 5120K, 0% used [0x00000000eed00000,0x00000000eed00000,0x00000000ef200000)
 ParOldGen       total 83456K, used 1603K [0x00000000c0000000, 0x00000000c5180000, 0x00000000eab00000)
  object space 83456K, 1% used [0x00000000c0000000,0x00000000c0190c10,0x00000000c5180000)
 Metaspace       used 5660K, capacity 6832K, committed 7040K, reserved 1056768K
  class space    used 573K, capacity 616K, committed 640K, reserved 1048576K
Event: 5.174 GC heap after
Heap after GC invocations=2 (full 0):
 PSYoungGen      total 67584K, used 5097K [0x00000000eab00000, 0x00000000ef200000, 0x0000000100000000)
  eden space 62464K, 0% used [0x00000000eab00000,0x00000000eab00000,0x00000000ee800000)
  from space 5120K, 99% used [0x00000000eed00000,0x00000000ef1fa508,0x00000000ef200000)
  to   space 5120K, 0% used [0x00000000ee800000,0x00000000ee800000,0x00000000eed00000)
 ParOldGen       total 83456K, used 14490K [0x00000000c0000000, 0x00000000c5180000, 0x00000000eab00000)
  object space 83456K, 17% used [0x00000000c0000000,0x00000000c0e269f0,0x00000000c5180000)
 Metaspace       used 5660K, capacity 6832K, committed 7040K, reserved 1056768K
  class space    used 573K, capacity 616K, committed 640K, reserved 1048576K
}
Event: 16.847 GC heap before
{Heap before GC invocations=3 (full 0):
 PSYoungGen      total 67584K, used 67561K [0x00000000eab00000, 0x00000000ef200000, 0x0000000100000000)
  eden space 62464K, 100% used [0x00000000eab00000,0x00000000ee800000,0x00000000ee800000)
  from space 5120K, 99% used [0x00000000eed00000,0x00000000ef1fa508,0x00000000ef200000)
  to   space 5120K, 0% used [0x00000000ee800000,0x00000000ee800000,0x00000000eed00000)
 ParOldGen       total 83456K, used 14490K [0x00000000c0000000, 0x00000000c5180000, 0x00000000eab00000)
  object space 83456K, 17% used [0x00000000c0000000,0x00000000c0e269f0,0x00000000c5180000)
 Metaspace       used 5727K, capacity 6896K, committed 7040K, reserved 1056768K
  class space    used 576K, capacity 616K, committed 640K, reserved 1048576K
Event: 17.107 GC heap after
Heap after GC invocations=3 (full 0):
 PSYoungGen      total 67584K, used 5098K [0x00000000eab00000, 0x00000000f2f00000, 0x0000000100000000)
  eden space 62464K, 0% used [0x00000000eab00000,0x00000000eab00000,0x00000000ee800000)
  from space 5120K, 99% used [0x00000000ee800000,0x00000000eecfa838,0x00000000eed00000)
  to   space 5120K, 0% used [0x00000000f2a00000,0x00000000f2a00000,0x00000000f2f00000)
 ParOldGen       total 83456K, used 28776K [0x00000000c0000000, 0x00000000c5180000, 0x00000000eab00000)
  object space 83456K, 34% used [0x00000000c0000000,0x00000000c1c1a218,0x00000000c5180000)
 Metaspace       used 5727K, capacity 6896K, committed 7040K, reserved 1056768K
  class space    used 576K, capacity 616K, committed 640K, reserved 1048576K
}
Event: 18.668 GC heap before
{Heap before GC invocations=4 (full 0):
 PSYoungGen      total 67584K, used 67562K [0x00000000eab00000, 0x00000000f2f00000, 0x0000000100000000)
  eden space 62464K, 100% used [0x00000000eab00000,0x00000000ee800000,0x00000000ee800000)
  from space 5120K, 99% used [0x00000000ee800000,0x00000000eecfa838,0x00000000eed00000)
  to   space 5120K, 0% used [0x00000000f2a00000,0x00000000f2a00000,0x00000000f2f00000)
 ParOldGen       total 83456K, used 28776K [0x00000000c0000000, 0x00000000c5180000, 0x00000000eab00000)
  object space 83456K, 34% used [0x00000000c0000000,0x00000000c1c1a218,0x00000000c5180000)
 Metaspace       used 5772K, capacity 6960K, committed 7040K, reserved 1056768K
  class space    used 576K, capacity 616K, committed 640K, reserved 1048576K
Event: 18.921 GC heap after
Heap after GC invocations=4 (full 0):
 PSYoungGen      total 130048K, used 5101K [0x00000000eab00000, 0x00000000f2f00000, 0x0000000100000000)
  eden space 124928K, 0% used [0x00000000eab00000,0x00000000eab00000,0x00000000f2500000)
  from space 5120K, 99% used [0x00000000f2a00000,0x00000000f2efb608,0x00000000f2f00000)
  to   space 5120K, 0% used [0x00000000f2500000,0x00000000f2500000,0x00000000f2a00000)
 ParOldGen       total 83456K, used 40205K [0x00000000c0000000, 0x00000000c5180000, 0x00000000eab00000)
  object space 83456K, 48% used [0x00000000c0000000,0x00000000c27437d8,0x00000000c5180000)
 Metaspace       used 5772K, capacity 6960K, committed 7040K, reserved 1056768K
  class space    used 576K, capacity 616K, committed 640K, reserved 1048576K
}
Event: 24.132 GC heap before
{Heap before GC invocations=5 (full 0):
 PSYoungGen      total 130048K, used 130029K [0x00000000eab00000, 0x00000000f2f00000, 0x0000000100000000)
  eden space 124928K, 100% used [0x00000000eab00000,0x00000000f2500000,0x00000000f2500000)
  from space 5120K, 99% used [0x00000000f2a00000,0x00000000f2efb608,0x00000000f2f00000)
  to   space 5120K, 0% used [0x00000000f2500000,0x00000000f2500000,0x00000000f2a00000)
 ParOldGen       total 83456K, used 40205K [0x00000000c0000000, 0x00000000c5180000, 0x00000000eab00000)
  object space 83456K, 48% used [0x00000000c0000000,0x00000000c27437d8,0x00000000c5180000)
 Metaspace       used 5810K, capacity 6960K, committed 7040K, reserved 1056768K
  class space    used 576K, capacity 616K, committed 640K, reserved 1048576K

Deoptimization events (10 events):
Event: 6.276 Thread 0x00007f6cb8135800 Uncommon trap: reason=class_check action=maybe_recompile pc=0x00007f6ca92f9b44 method=com.android.dx.ssa.NormalSsaInsn.accept(Lcom/android/dx/ssa/SsaInsn$Visitor;)V @ 9
Event: 6.276 Thread 0x00007f6cb8135800 Uncommon trap: reason=class_check action=maybe_recompile pc=0x00007f6ca92f9b44 method=com.android.dx.ssa.NormalSsaInsn.accept(Lcom/android/dx/ssa/SsaInsn$Visitor;)V @ 9
Event: 6.278 Thread 0x00007f6cb8135800 Uncommon trap: reason=class_check action=maybe_recompile pc=0x00007f6ca92f9b44 method=com.android.dx.ssa.NormalSsaInsn.accept(Lcom/android/dx/ssa/SsaInsn$Visitor;)V @ 9
Event: 6.278 Thread 0x00007f6cb8135800 Uncommon trap: reason=class_check action=maybe_recompile pc=0x00007f6ca92f9b44 method=com.android.dx.ssa.NormalSsaInsn.accept(Lcom/android/dx/ssa/SsaInsn$Visitor;)V @ 9
Event: 6.308 Thread 0x00007f6cb8135800 Uncommon trap: reason=class_check action=maybe_recompile pc=0x00007f6ca92af988 method=com.android.dx.ssa.NormalSsaInsn.accept(Lcom/android/dx/ssa/SsaInsn$Visitor;)V @ 9
Event: 10.634 Thread 0x00007f6cb8136800 Uncommon trap: reason=unstable_if action=reinterpret pc=0x00007f6ca93f022c method=com.android.dx.rop.code.RegisterSpec.withReg(I)Lcom/android/dx/rop/code/RegisterSpec; @ 5
Event: 11.922 Thread 0x00007f6cb8138800 Uncommon trap: reason=null_check action=make_not_entrant pc=0x00007f6ca9405054 method=com.android.dx.ssa.SsaRenamer.getLocalForNewReg(I)Lcom/android/dx/rop/code/LocalItem; @ 19
Event: 17.140 Thread 0x00007f6cb8136800 Uncommon trap: reason=unstable_if action=reinterpret pc=0x00007f6ca9341ac4 method=com.android.dx.util.IntList.binarysearch(I)I @ 105
Event: 17.634 Thread 0x00007f6cb8136800 Uncommon trap: reason=unstable_if action=reinterpret pc=0x00007f6ca9496020 method=com.android.dx.ssa.SsaRenamer$BlockRenamer.addMapping(ILcom/android/dx/rop/code/RegisterSpec;)V @ 120
Event: 17.974 Thread 0x00007f6cb800a000 Uncommon trap: reason=unstable_if action=reinterpret pc=0x00007f6ca948fe08 method=com.android.dx.dex.code.OutputFinisher.hasLocalInfo(Lcom/android/dx/dex/code/DalvInsn;)Z @ 24

Internal exceptions (3 events):
Event: 0.222 Thread 0x00007f6cb800a000 Exception <a 'java/lang/NoSuchMethodError': Method sun.misc.Unsafe.defineClass(Ljava/lang/String;[BII)Ljava/lang/Class; name or signature does not match> (0x00000000eab07c78) thrown at [/HUDSON3/workspace/8-2-build-linux-amd64/jdk8u102/7268/hotspot/src/sh
Event: 0.222 Thread 0x00007f6cb800a000 Exception <a 'java/lang/NoSuchMethodError': Method sun.misc.Unsafe.prefetchRead(Ljava/lang/Object;J)V name or signature does not match> (0x00000000eab07f60) thrown at [/HUDSON3/workspace/8-2-build-linux-amd64/jdk8u102/7268/hotspot/src/share/vm/prims/jni.c
Event: 11.892 Thread 0x00007f6cb8138800 Implicit null exception at 0x00007f6ca9402c9f to 0x00007f6ca9405021

Events (10 events):
Event: 23.484 Thread 0x00007f6cb800a000 DEOPT UNPACKING pc=0x00007f6ca9047633 sp=0x00007f6cbf4ad0e0 mode 0
Event: 23.688 Thread 0x00007f6cb8122800 DEOPT PACKING pc=0x00007f6ca9540477 sp=0x00007f6ca0203d50
Event: 23.692 Thread 0x00007f6cb8122800 DEOPT UNPACKING pc=0x00007f6ca9047633 sp=0x00007f6ca0203af8 mode 0
Event: 23.823 Thread 0x00007f6cb8122800 DEOPT PACKING pc=0x00007f6ca93ee55c sp=0x00007f6ca0203df0
Event: 23.842 Thread 0x00007f6cb8122800 DEOPT UNPACKING pc=0x00007f6ca9047633 sp=0x00007f6ca0203b38 mode 0
Event: 23.842 Thread 0x00007f6cb8122800 DEOPT PACKING pc=0x00007f6ca93efd05 sp=0x00007f6ca0203e00
Event: 23.842 Thread 0x00007f6cb8122800 DEOPT UNPACKING pc=0x00007f6ca9047633 sp=0x00007f6ca0203b50 mode 0
Event: 23.851 Thread 0x00007f6cb8122800 DEOPT PACKING pc=0x00007f6ca93ebbc3 sp=0x00007f6ca0204040
Event: 23.851 Thread 0x00007f6cb8122800 DEOPT UNPACKING pc=0x00007f6ca9047633 sp=0x00007f6ca0203db8 mode 0
Event: 24.024 Executing VM operation: ParallelGCFailedAllocation


Dynamic libraries:
00400000-00401000 r-xp 00000000 08:08 422783                             /opt/java/jdk1.8.0_102/bin/java
00600000-00601000 rw-p 00000000 08:08 422783                             /opt/java/jdk1.8.0_102/bin/java
01af8000-01b19000 rw-p 00000000 00:00 0                                  [heap]
c0000000-c5180000 rw-p 00000000 00:00 0 
c5180000-eab00000 ---p 00000000 00:00 0 
eab00000-f2f00000 rw-p 00000000 00:00 0 
fe200000-100000000 ---p 00000000 00:00 0 
100000000-1000a0000 rw-p 00000000 00:00 0 
1000a0000-140000000 ---p 00000000 00:00 0 
7f6c54000000-7f6c54042000 rw-p 00000000 00:00 0 
7f6c54042000-7f6c58000000 ---p 00000000 00:00 0 
7f6c5c000000-7f6c5c04f000 rw-p 00000000 00:00 0 
7f6c5c04f000-7f6c60000000 ---p 00000000 00:00 0 
7f6c60000000-7f6c60058000 rw-p 00000000 00:00 0 
7f6c60058000-7f6c64000000 ---p 00000000 00:00 0 
7f6c64000000-7f6c64055000 rw-p 00000000 00:00 0 
7f6c64055000-7f6c68000000 ---p 00000000 00:00 0 
7f6c68000000-7f6c68021000 rw-p 00000000 00:00 0 
7f6c68021000-7f6c6c000000 ---p 00000000 00:00 0 
7f6c6c000000-7f6c6c021000 rw-p 00000000 00:00 0 
7f6c6c021000-7f6c70000000 ---p 00000000 00:00 0 
7f6c70000000-7f6c70021000 rw-p 00000000 00:00 0 
7f6c70021000-7f6c74000000 ---p 00000000 00:00 0 
7f6c74000000-7f6c74afa000 rw-p 00000000 00:00 0 
7f6c74afa000-7f6c78000000 ---p 00000000 00:00 0 
7f6c78000000-7f6c7858e000 rw-p 00000000 00:00 0 
7f6c7858e000-7f6c7c000000 ---p 00000000 00:00 0 
7f6c7c000000-7f6c7c021000 rw-p 00000000 00:00 0 
7f6c7c021000-7f6c80000000 ---p 00000000 00:00 0 
7f6c80000000-7f6c80597000 rw-p 00000000 00:00 0 
7f6c80597000-7f6c84000000 ---p 00000000 00:00 0 
7f6c84000000-7f6c84021000 rw-p 00000000 00:00 0 
7f6c84021000-7f6c88000000 ---p 00000000 00:00 0 
7f6c88000000-7f6c88021000 rw-p 00000000 00:00 0 
7f6c88021000-7f6c8c000000 ---p 00000000 00:00 0 
7f6c8c000000-7f6c8c021000 rw-p 00000000 00:00 0 
7f6c8c021000-7f6c90000000 ---p 00000000 00:00 0 
7f6c90000000-7f6c90297000 rw-p 00000000 00:00 0 
7f6c90297000-7f6c94000000 ---p 00000000 00:00 0 
7f6c94000000-7f6c94021000 rw-p 00000000 00:00 0 
7f6c94021000-7f6c98000000 ---p 00000000 00:00 0 
7f6c9bcfd000-7f6c9bd00000 ---p 00000000 00:00 0 
7f6c9bd00000-7f6c9bdfe000 rw-p 00000000 00:00 0 
7f6c9bdfe000-7f6c9be01000 ---p 00000000 00:00 0 
7f6c9be01000-7f6c9beff000 rw-p 00000000 00:00 0 
7f6c9beff000-7f6c9bf02000 ---p 00000000 00:00 0 
7f6c9bf02000-7f6c9c000000 rw-p 00000000 00:00 0 
7f6c9c000000-7f6c9c021000 rw-p 00000000 00:00 0 
7f6c9c021000-7f6ca0000000 ---p 00000000 00:00 0 
7f6ca0004000-7f6ca0007000 ---p 00000000 00:00 0 
7f6ca0007000-7f6ca0105000 rw-p 00000000 00:00 0 
7f6ca0105000-7f6ca0108000 ---p 00000000 00:00 0 
7f6ca0108000-7f6ca0206000 rw-p 00000000 00:00 0 
7f6ca0206000-7f6ca0214000 r--s 000e0000 08:08 425123                     /home/ali/Tools/Android/sdk/build-tools/25.0.0/lib/dx.jar
7f6ca0214000-7f6ca0215000 ---p 00000000 00:00 0 
7f6ca0215000-7f6ca0315000 rw-p 00000000 00:00 0 
7f6ca0315000-7f6ca0318000 ---p 00000000 00:00 0 
7f6ca0318000-7f6ca0416000 rw-p 00000000 00:00 0 
7f6ca0416000-7f6ca0419000 ---p 00000000 00:00 0 
7f6ca0419000-7f6ca0517000 rw-p 00000000 00:00 0 
7f6ca0517000-7f6ca051a000 ---p 00000000 00:00 0 
7f6ca051a000-7f6ca0618000 rw-p 00000000 00:00 0 
7f6ca0618000-7f6ca061b000 ---p 00000000 00:00 0 
7f6ca061b000-7f6ca0719000 rw-p 00000000 00:00 0 
7f6ca0719000-7f6ca071c000 ---p 00000000 00:00 0 
7f6ca071c000-7f6ca081a000 rw-p 00000000 00:00 0 
7f6ca081a000-7f6ca0af3000 r--p 00000000 08:08 1837656                    /usr/lib/locale/locale-archive
7f6ca0af3000-7f6ca0af6000 ---p 00000000 00:00 0 
7f6ca0af6000-7f6ca0bf4000 rw-p 00000000 00:00 0 
7f6ca0bf4000-7f6ca0bf7000 ---p 00000000 00:00 0 
7f6ca0bf7000-7f6ca0cf5000 rw-p 00000000 00:00 0 
7f6ca0cf5000-7f6ca0cf6000 ---p 00000000 00:00 0 
7f6ca0cf6000-7f6ca1e40000 rw-p 00000000 00:00 0 
7f6ca1e40000-7f6ca2000000 ---p 00000000 00:00 0 
7f6ca2000000-7f6ca4000000 rw-p 00000000 00:00 0 
7f6ca4000000-7f6ca4021000 rw-p 00000000 00:00 0 
7f6ca4021000-7f6ca8000000 ---p 00000000 00:00 0 
7f6ca8003000-7f6ca85ad000 rw-p 00000000 00:00 0 
7f6ca85ad000-7f6ca8785000 r--s 03d29000 08:08 675068                     /opt/java/jdk1.8.0_102/jre/lib/rt.jar
7f6ca8785000-7f6ca89fb000 rw-p 00000000 00:00 0 
7f6ca89fb000-7f6ca89fc000 ---p 00000000 00:00 0 
7f6ca89fc000-7f6ca8afc000 rw-p 00000000 00:00 0 
7f6ca8afc000-7f6ca8afd000 ---p 00000000 00:00 0 
7f6ca8afd000-7f6ca8bfd000 rw-p 00000000 00:00 0 
7f6ca8bfd000-7f6ca8bfe000 ---p 00000000 00:00 0 
7f6ca8bfe000-7f6ca8cfe000 rw-p 00000000 00:00 0 
7f6ca8cfe000-7f6ca8cff000 ---p 00000000 00:00 0 
7f6ca8cff000-7f6ca8e28000 rw-p 00000000 00:00 0 
7f6ca8e28000-7f6ca8f54000 ---p 00000000 00:00 0 
7f6ca8f54000-7f6ca8f97000 rw-p 00000000 00:00 0 
7f6ca8f97000-7f6ca8fff000 ---p 00000000 00:00 0 
7f6ca8fff000-7f6ca9000000 rw-p 00000000 00:00 0 
7f6ca9000000-7f6ca95b0000 rwxp 00000000 00:00 0 
7f6ca95b0000-7f6cb8000000 ---p 00000000 00:00 0 
7f6cb8000000-7f6cb839a000 rw-p 00000000 00:00 0 
7f6cb839a000-7f6cbc000000 ---p 00000000 00:00 0 
7f6cbc008000-7f6cbc031000 rw-p 00000000 00:00 0 
7f6cbc031000-7f6cbc15e000 ---p 00000000 00:00 0 
7f6cbc15e000-7f6cbc175000 rw-p 00000000 00:00 0 
7f6cbc175000-7f6cbc51e000 ---p 00000000 00:00 0 
7f6cbc51e000-7f6cbc538000 r-xp 00000000 08:08 674152                     /opt/java/jdk1.8.0_102/jre/lib/amd64/libzip.so
7f6cbc538000-7f6cbc738000 ---p 0001a000 08:08 674152                     /opt/java/jdk1.8.0_102/jre/lib/amd64/libzip.so
7f6cbc738000-7f6cbc739000 rw-p 0001a000 08:08 674152                     /opt/java/jdk1.8.0_102/jre/lib/amd64/libzip.so
7f6cbc739000-7f6cbc744000 r-xp 00000000 08:08 1320776                    /lib/x86_64-linux-gnu/libnss_files-2.23.so
7f6cbc744000-7f6cbc943000 ---p 0000b000 08:08 1320776                    /lib/x86_64-linux-gnu/libnss_files-2.23.so
7f6cbc943000-7f6cbc944000 r--p 0000a000 08:08 1320776                    /lib/x86_64-linux-gnu/libnss_files-2.23.so
7f6cbc944000-7f6cbc945000 rw-p 0000b000 08:08 1320776                    /lib/x86_64-linux-gnu/libnss_files-2.23.so
7f6cbc945000-7f6cbc94b000 rw-p 00000000 00:00 0 
7f6cbc94b000-7f6cbc956000 r-xp 00000000 08:08 1320779                    /lib/x86_64-linux-gnu/libnss_nis-2.23.so
7f6cbc956000-7f6cbcb55000 ---p 0000b000 08:08 1320779                    /lib/x86_64-linux-gnu/libnss_nis-2.23.so
7f6cbcb55000-7f6cbcb56000 r--p 0000a000 08:08 1320779                    /lib/x86_64-linux-gnu/libnss_nis-2.23.so
7f6cbcb56000-7f6cbcb57000 rw-p 0000b000 08:08 1320779                    /lib/x86_64-linux-gnu/libnss_nis-2.23.so
7f6cbcb57000-7f6cbcb6d000 r-xp 00000000 08:08 1315971                    /lib/x86_64-linux-gnu/libnsl-2.23.so
7f6cbcb6d000-7f6cbcd6c000 ---p 00016000 08:08 1315971                    /lib/x86_64-linux-gnu/libnsl-2.23.so
7f6cbcd6c000-7f6cbcd6d000 r--p 00015000 08:08 1315971                    /lib/x86_64-linux-gnu/libnsl-2.23.so
7f6cbcd6d000-7f6cbcd6e000 rw-p 00016000 08:08 1315971                    /lib/x86_64-linux-gnu/libnsl-2.23.so
7f6cbcd6e000-7f6cbcd70000 rw-p 00000000 00:00 0 
7f6cbcd70000-7f6cbcd78000 r-xp 00000000 08:08 1320785                    /lib/x86_64-linux-gnu/libnss_compat-2.23.so
7f6cbcd78000-7f6cbcf77000 ---p 00008000 08:08 1320785                    /lib/x86_64-linux-gnu/libnss_compat-2.23.so
7f6cbcf77000-7f6cbcf78000 r--p 00007000 08:08 1320785                    /lib/x86_64-linux-gnu/libnss_compat-2.23.so
7f6cbcf78000-7f6cbcf79000 rw-p 00008000 08:08 1320785                    /lib/x86_64-linux-gnu/libnss_compat-2.23.so
7f6cbcf79000-7f6cbcfa3000 r-xp 00000000 08:08 675487                     /opt/java/jdk1.8.0_102/jre/lib/amd64/libjava.so
7f6cbcfa3000-7f6cbd1a3000 ---p 0002a000 08:08 675487                     /opt/java/jdk1.8.0_102/jre/lib/amd64/libjava.so
7f6cbd1a3000-7f6cbd1a5000 rw-p 0002a000 08:08 675487                     /opt/java/jdk1.8.0_102/jre/lib/amd64/libjava.so
7f6cbd1a5000-7f6cbd1b2000 r-xp 00000000 08:08 675078                     /opt/java/jdk1.8.0_102/jre/lib/amd64/libverify.so
7f6cbd1b2000-7f6cbd3b2000 ---p 0000d000 08:08 675078                     /opt/java/jdk1.8.0_102/jre/lib/amd64/libverify.so
7f6cbd3b2000-7f6cbd3b4000 rw-p 0000d000 08:08 675078                     /opt/java/jdk1.8.0_102/jre/lib/amd64/libverify.so
7f6cbd3b4000-7f6cbd3bb000 r-xp 00000000 08:08 1320781                    /lib/x86_64-linux-gnu/librt-2.23.so
7f6cbd3bb000-7f6cbd5ba000 ---p 00007000 08:08 1320781                    /lib/x86_64-linux-gnu/librt-2.23.so
7f6cbd5ba000-7f6cbd5bb000 r--p 00006000 08:08 1320781                    /lib/x86_64-linux-gnu/librt-2.23.so
7f6cbd5bb000-7f6cbd5bc000 rw-p 00007000 08:08 1320781                    /lib/x86_64-linux-gnu/librt-2.23.so
7f6cbd5bc000-7f6cbd6c4000 r-xp 00000000 08:08 1320790                    /lib/x86_64-linux-gnu/libm-2.23.so
7f6cbd6c4000-7f6cbd8c3000 ---p 00108000 08:08 1320790                    /lib/x86_64-linux-gnu/libm-2.23.so
7f6cbd8c3000-7f6cbd8c4000 r--p 00107000 08:08 1320790                    /lib/x86_64-linux-gnu/libm-2.23.so
7f6cbd8c4000-7f6cbd8c5000 rw-p 00108000 08:08 1320790                    /lib/x86_64-linux-gnu/libm-2.23.so
7f6cbd8c5000-7f6cbe591000 r-xp 00000000 08:08 674994                     /opt/java/jdk1.8.0_102/jre/lib/amd64/server/libjvm.so
7f6cbe591000-7f6cbe791000 ---p 00ccc000 08:08 674994                     /opt/java/jdk1.8.0_102/jre/lib/amd64/server/libjvm.so
7f6cbe791000-7f6cbe86a000 rw-p 00ccc000 08:08 674994                     /opt/java/jdk1.8.0_102/jre/lib/amd64/server/libjvm.so
7f6cbe86a000-7f6cbe8b5000 rw-p 00000000 00:00 0 
7f6cbe8b5000-7f6cbea75000 r-xp 00000000 08:08 1320795                    /lib/x86_64-linux-gnu/libc-2.23.so
7f6cbea75000-7f6cbec75000 ---p 001c0000 08:08 1320795                    /lib/x86_64-linux-gnu/libc-2.23.so
7f6cbec75000-7f6cbec79000 r--p 001c0000 08:08 1320795                    /lib/x86_64-linux-gnu/libc-2.23.so
7f6cbec79000-7f6cbec7b000 rw-p 001c4000 08:08 1320795                    /lib/x86_64-linux-gnu/libc-2.23.so
7f6cbec7b000-7f6cbec7f000 rw-p 00000000 00:00 0 
7f6cbec7f000-7f6cbec82000 r-xp 00000000 08:08 1320784                    /lib/x86_64-linux-gnu/libdl-2.23.so
7f6cbec82000-7f6cbee81000 ---p 00003000 08:08 1320784                    /lib/x86_64-linux-gnu/libdl-2.23.so
7f6cbee81000-7f6cbee82000 r--p 00002000 08:08 1320784                    /lib/x86_64-linux-gnu/libdl-2.23.so
7f6cbee82000-7f6cbee83000 rw-p 00003000 08:08 1320784                    /lib/x86_64-linux-gnu/libdl-2.23.so
7f6cbee83000-7f6cbee98000 r-xp 00000000 08:08 422732                     /opt/java/jdk1.8.0_102/lib/amd64/jli/libjli.so
7f6cbee98000-7f6cbf098000 ---p 00015000 08:08 422732                     /opt/java/jdk1.8.0_102/lib/amd64/jli/libjli.so
7f6cbf098000-7f6cbf099000 rw-p 00015000 08:08 422732                     /opt/java/jdk1.8.0_102/lib/amd64/jli/libjli.so
7f6cbf099000-7f6cbf0b1000 r-xp 00000000 08:08 1320778                    /lib/x86_64-linux-gnu/libpthread-2.23.so
7f6cbf0b1000-7f6cbf2b0000 ---p 00018000 08:08 1320778                    /lib/x86_64-linux-gnu/libpthread-2.23.so
7f6cbf2b0000-7f6cbf2b1000 r--p 00017000 08:08 1320778                    /lib/x86_64-linux-gnu/libpthread-2.23.so
7f6cbf2b1000-7f6cbf2b2000 rw-p 00018000 08:08 1320778                    /lib/x86_64-linux-gnu/libpthread-2.23.so
7f6cbf2b2000-7f6cbf2b6000 rw-p 00000000 00:00 0 
7f6cbf2b6000-7f6cbf2dc000 r-xp 00000000 08:08 1320773                    /lib/x86_64-linux-gnu/ld-2.23.so
7f6cbf2dd000-7f6cbf3af000 rw-p 00000000 00:00 0 
7f6cbf3af000-7f6cbf3b2000 ---p 00000000 00:00 0 
7f6cbf3b2000-7f6cbf4b4000 rw-p 00000000 00:00 0 
7f6cbf4bb000-7f6cbf4cf000 rw-p 00000000 00:00 0 
7f6cbf4cf000-7f6cbf4d7000 rw-s 00000000 08:08 283211                     /tmp/hsperfdata_ali/13866
7f6cbf4d7000-7f6cbf4d8000 rw-p 00000000 00:00 0 
7f6cbf4d8000-7f6cbf4d9000 ---p 00000000 00:00 0 
7f6cbf4d9000-7f6cbf4db000 rw-p 00000000 00:00 0 
7f6cbf4db000-7f6cbf4dc000 r--p 00025000 08:08 1320773                    /lib/x86_64-linux-gnu/ld-2.23.so
7f6cbf4dc000-7f6cbf4dd000 rw-p 00026000 08:08 1320773                    /lib/x86_64-linux-gnu/ld-2.23.so
7f6cbf4dd000-7f6cbf4de000 rw-p 00000000 00:00 0 
7ffe968c9000-7ffe968ea000 rw-p 00000000 00:00 0                          [stack]
7ffe968f0000-7ffe968f2000 r--p 00000000 00:00 0                          [vvar]
7ffe968f2000-7ffe968f4000 r-xp 00000000 00:00 0                          [vdso]
ffffffffff600000-ffffffffff601000 r-xp 00000000 00:00 0                  [vsyscall]

VM Arguments:
jvm_args: -Djava.awt.headless=true -Xmx1024M -Dfile.encoding=UTF-8 -Duser.country=US -Duser.language=en -Duser.variant 
java_command: com.android.dx.command.Main --dex --force-jumbo --num-threads=4 --multi-dex --output /media/ali/Workspace/androidProjects/opensrp-client/opensrp-mcare/build/intermediates/transforms/dex/debug/folders/1000/5/slice_6 /media/ali/Workspace/androidProjects/opensrp-client/opensrp-mcare/build/intermediates/transforms/instantRunSlicer/debug/folders/1/5/slice_6
java_class_path (initial): /home/ali/Tools/Android/sdk/build-tools/25.0.0/lib/dx.jar
Launcher Type: SUN_STANDARD

Environment Variables:
JAVA_HOME=/opt/java/jdk1.8.0_102
PATH=/home/ali/bin:/home/ali/.local/bin:/usr/local/sbin:/usr/local/bin:/usr/sbin:/usr/bin:/sbin:/bin:/usr/games:/usr/local/games:/snap/bin
LD_LIBRARY_PATH=/home/ali/Tools/Android/studio/bin:
SHELL=/bin/bash
DISPLAY=:0

Signal Handlers:
SIGSEGV: [libjvm.so+0xac5b30], sa_mask[0]=11111111011111111101111111111110, sa_flags=SA_RESTART|SA_SIGINFO
SIGBUS: [libjvm.so+0xac5b30], sa_mask[0]=11111111011111111101111111111110, sa_flags=SA_RESTART|SA_SIGINFO
SIGFPE: [libjvm.so+0x91f470], sa_mask[0]=11111111011111111101111111111110, sa_flags=SA_RESTART|SA_SIGINFO
SIGPIPE: [libjvm.so+0x91f470], sa_mask[0]=11111111011111111101111111111110, sa_flags=SA_RESTART|SA_SIGINFO
SIGXFSZ: [libjvm.so+0x91f470], sa_mask[0]=11111111011111111101111111111110, sa_flags=SA_RESTART|SA_SIGINFO
SIGILL: [libjvm.so+0x91f470], sa_mask[0]=11111111011111111101111111111110, sa_flags=SA_RESTART|SA_SIGINFO
SIGUSR1: SIG_DFL, sa_mask[0]=00000000000000000000000000000000, sa_flags=none
SIGUSR2: [libjvm.so+0x920aa0], sa_mask[0]=00100000000000000000000000000000, sa_flags=SA_RESTART|SA_SIGINFO
SIGHUP: [libjvm.so+0x921ea0], sa_mask[0]=11111111011111111101111111111110, sa_flags=SA_RESTART|SA_SIGINFO
SIGINT: [libjvm.so+0x921ea0], sa_mask[0]=11111111011111111101111111111110, sa_flags=SA_RESTART|SA_SIGINFO
SIGTERM: [libjvm.so+0x921ea0], sa_mask[0]=11111111011111111101111111111110, sa_flags=SA_RESTART|SA_SIGINFO
SIGQUIT: [libjvm.so+0x921ea0], sa_mask[0]=11111111011111111101111111111110, sa_flags=SA_RESTART|SA_SIGINFO


---------------  S Y S T E M  ---------------

OS:DISTRIB_ID=LinuxMint
DISTRIB_RELEASE=18.2
DISTRIB_CODENAME=sonya
DISTRIB_DESCRIPTION="Linux Mint 18.2 Sonya"

uname:Linux 4.10.0-28-generic #32~16.04.2-Ubuntu SMP Thu Jul 20 10:19:48 UTC 2017 x86_64
libc:glibc 2.23 NPTL 2.23 
rlimit: STACK 8192k, CORE 0k, NPROC 30731, NOFILE 1048576, AS infinity
load average:37.20 18.11 8.28

/proc/meminfo:
MemTotal:        7973892 kB
MemFree:          106776 kB
MemAvailable:      68756 kB
Buffers:             436 kB
Cached:           629972 kB
SwapCached:         2144 kB
Active:          6597048 kB
Inactive:         844988 kB
Active(anon):    6574688 kB
Inactive(anon):   823564 kB
Active(file):      22360 kB
Inactive(file):    21424 kB
Unevictable:         248 kB
Mlocked:             248 kB
SwapTotal:       1999868 kB
SwapFree:              0 kB
Dirty:                 0 kB
Writeback:           152 kB
AnonPages:       6810664 kB
Mapped:           102428 kB
Shmem:            586400 kB
Slab:             250196 kB
SReclaimable:     160968 kB
SUnreclaim:        89228 kB
KernelStack:       22912 kB
PageTables:        89456 kB
NFS_Unstable:          0 kB
Bounce:                0 kB
WritebackTmp:          0 kB
CommitLimit:     5986812 kB
Committed_AS:   18543560 kB
VmallocTotal:   34359738367 kB
VmallocUsed:           0 kB
VmallocChunk:          0 kB
HardwareCorrupted:     0 kB
AnonHugePages:   1521664 kB
ShmemHugePages:        0 kB
ShmemPmdMapped:        0 kB
CmaTotal:              0 kB
CmaFree:               0 kB
HugePages_Total:       0
HugePages_Free:        0
HugePages_Rsvd:        0
HugePages_Surp:        0
Hugepagesize:       2048 kB
DirectMap4k:      525784 kB
DirectMap2M:     7661568 kB
DirectMap1G:           0 kB


CPU:total 4 (2 cores per cpu, 2 threads per core) family 6 model 78 stepping 3, cmov, cx8, fxsr, mmx, sse, sse2, sse3, ssse3, sse4.1, sse4.2, popcnt, avx, avx2, aes, clmul, erms, 3dnowpref, lzcnt, ht, tsc, tscinvbit, bmi1, bmi2, adx

/proc/cpuinfo:
processor	: 0
vendor_id	: GenuineIntel
cpu family	: 6
model		: 78
model name	: Intel(R) Core(TM) m3-6Y30 CPU @ 0.90GHz
stepping	: 3
microcode	: 0x33
cpu MHz		: 1499.908
cache size	: 4096 KB
physical id	: 0
siblings	: 4
core id		: 0
cpu cores	: 2
apicid		: 0
initial apicid	: 0
fpu		: yes
fpu_exception	: yes
cpuid level	: 22
wp		: yes
flags		: fpu vme de pse tsc msr pae mce cx8 apic sep mtrr pge mca cmov pat pse36 clflush dts acpi mmx fxsr sse sse2 ss ht tm pbe syscall nx pdpe1gb rdtscp lm constant_tsc art arch_perfmon pebs bts rep_good nopl xtopology nonstop_tsc aperfmperf tsc_known_freq pni pclmulqdq dtes64 monitor ds_cpl vmx est tm2 ssse3 sdbg fma cx16 xtpr pdcm pcid sse4_1 sse4_2 x2apic movbe popcnt tsc_deadline_timer aes xsave avx f16c rdrand lahf_lm abm 3dnowprefetch epb intel_pt tpr_shadow vnmi flexpriority ept vpid fsgsbase tsc_adjust bmi1 avx2 smep bmi2 erms invpcid mpx rdseed adx smap clflushopt xsaveopt xsavec xgetbv1 xsaves dtherm ida arat pln pts hwp hwp_notify hwp_act_window hwp_epp
bugs		:
bogomips	: 3024.00
clflush size	: 64
cache_alignment	: 64
address sizes	: 39 bits physical, 48 bits virtual
power management:

processor	: 1
vendor_id	: GenuineIntel
cpu family	: 6
model		: 78
model name	: Intel(R) Core(TM) m3-6Y30 CPU @ 0.90GHz
stepping	: 3
microcode	: 0x33
cpu MHz		: 1499.908
cache size	: 4096 KB
physical id	: 0
siblings	: 4
core id		: 1
cpu cores	: 2
apicid		: 2
initial apicid	: 2
fpu		: yes
fpu_exception	: yes
cpuid level	: 22
wp		: yes
flags		: fpu vme de pse tsc msr pae mce cx8 apic sep mtrr pge mca cmov pat pse36 clflush dts acpi mmx fxsr sse sse2 ss ht tm pbe syscall nx pdpe1gb rdtscp lm constant_tsc art arch_perfmon pebs bts rep_good nopl xtopology nonstop_tsc aperfmperf tsc_known_freq pni pclmulqdq dtes64 monitor ds_cpl vmx est tm2 ssse3 sdbg fma cx16 xtpr pdcm pcid sse4_1 sse4_2 x2apic movbe popcnt tsc_deadline_timer aes xsave avx f16c rdrand lahf_lm abm 3dnowprefetch epb intel_pt tpr_shadow vnmi flexpriority ept vpid fsgsbase tsc_adjust bmi1 avx2 smep bmi2 erms invpcid mpx rdseed adx smap clflushopt xsaveopt xsavec xgetbv1 xsaves dtherm ida arat pln pts hwp hwp_notify hwp_act_window hwp_epp
bugs		:
bogomips	: 3024.00
clflush size	: 64
cache_alignment	: 64
address sizes	: 39 bits physical, 48 bits virtual
power management:

processor	: 2
vendor_id	: GenuineIntel
cpu family	: 6
model		: 78
model name	: Intel(R) Core(TM) m3-6Y30 CPU @ 0.90GHz
stepping	: 3
microcode	: 0x33
cpu MHz		: 1500.000
cache size	: 4096 KB
physical id	: 0
siblings	: 4
core id		: 0
cpu cores	: 2
apicid		: 1
initial apicid	: 1
fpu		: yes
fpu_exception	: yes
cpuid level	: 22
wp		: yes
flags		: fpu vme de pse tsc msr pae mce cx8 apic sep mtrr pge mca cmov pat pse36 clflush dts acpi mmx fxsr sse sse2 ss ht tm pbe syscall nx pdpe1gb rdtscp lm constant_tsc art arch_perfmon pebs bts rep_good nopl xtopology nonstop_tsc aperfmperf tsc_known_freq pni pclmulqdq dtes64 monitor ds_cpl vmx est tm2 ssse3 sdbg fma cx16 xtpr pdcm pcid sse4_1 sse4_2 x2apic movbe popcnt tsc_deadline_timer aes xsave avx f16c rdrand lahf_lm abm 3dnowprefetch epb intel_pt tpr_shadow vnmi flexpriority ept vpid fsgsbase tsc_adjust bmi1 avx2 smep bmi2 erms invpcid mpx rdseed adx smap clflushopt xsaveopt xsavec xgetbv1 xsaves dtherm ida arat pln pts hwp hwp_notify hwp_act_window hwp_epp
bugs		:
bogomips	: 3024.00
clflush size	: 64
cache_alignment	: 64
address sizes	: 39 bits physical, 48 bits virtual
power management:

processor	: 3
vendor_id	: GenuineIntel
cpu family	: 6
model		: 78
model name	: Intel(R) Core(TM) m3-6Y30 CPU @ 0.90GHz
stepping	: 3
microcode	: 0x33
cpu MHz		: 1499.908
cache size	: 4096 KB
physical id	: 0
siblings	: 4
core id		: 1
cpu cores	: 2
apicid		: 3
initial apicid	: 3
fpu		: yes
fpu_exception	: yes
cpuid level	: 22
wp		: yes
flags		: fpu vme de pse tsc msr pae mce cx8 apic sep mtrr pge mca cmov pat pse36 clflush dts acpi mmx fxsr sse sse2 ss ht tm pbe syscall nx pdpe1gb rdtscp lm constant_tsc art arch_perfmon pebs bts rep_good nopl xtopology nonstop_tsc aperfmperf tsc_known_freq pni pclmulqdq dtes64 monitor ds_cpl vmx est tm2 ssse3 sdbg fma cx16 xtpr pdcm pcid sse4_1 sse4_2 x2apic movbe popcnt tsc_deadline_timer aes xsave avx f16c rdrand lahf_lm abm 3dnowprefetch epb intel_pt tpr_shadow vnmi flexpriority ept vpid fsgsbase tsc_adjust bmi1 avx2 smep bmi2 erms invpcid mpx rdseed adx smap clflushopt xsaveopt xsavec xgetbv1 xsaves dtherm ida arat pln pts hwp hwp_notify hwp_act_window hwp_epp
bugs		:
bogomips	: 3024.00
clflush size	: 64
cache_alignment	: 64
address sizes	: 39 bits physical, 48 bits virtual
power management:



Memory: 4k page, physical 7973892k(106500k free), swap 1999868k(0k free)

vm_info: Java HotSpot(TM) 64-Bit Server VM (25.102-b14) for linux-amd64 JRE (1.8.0_102-b14), built on Jun 22 2016 18:43:17 by "java_re" with gcc 4.3.0 20080428 (Red Hat 4.3.0-8)

time: Sun Aug  6 19:15:50 2017
elapsed time: 26 seconds (0d 0h 0m 26s)

