#
# There is insufficient memory for the Java Runtime Environment to continue.
# Native memory allocation (mmap) failed to map 169869312 bytes for committing reserved memory.
# Possible reasons:
#   The system is out of physical RAM or swap space
#   In 32 bit mode, the process size limit was hit
# Possible solutions:
#   Reduce memory load on the system
#   Increase physical memory or swap space
#   Check if swap backing store is full
#   Use 64 bit Java on a 64 bit OS
#   Decrease Java heap size (-Xmx/-Xms)
#   Decrease number of Java threads
#   Decrease Java thread stack sizes (-Xss)
#   Set larger code cache with -XX:ReservedCodeCacheSize=
# This output file may be truncated or incomplete.
#
#  Out of Memory Error (os_linux.cpp:2627), pid=10992, tid=0x00007f57541f1700
#
# JRE version: Java(TM) SE Runtime Environment (8.0_102-b14) (build 1.8.0_102-b14)
# Java VM: Java HotSpot(TM) 64-Bit Server VM (25.102-b14 mixed mode linux-amd64 compressed oops)
# Failed to write core dump. Core dumps have been disabled. To enable core dumping, try "ulimit -c unlimited" before starting Java again
#

---------------  T H R E A D  ---------------

Current thread (0x00007f5764077800):  VMThread [stack: 0x00007f57540f1000,0x00007f57541f2000] [id=11003]

Stack: [0x00007f57540f1000,0x00007f57541f2000],  sp=0x00007f57541f0120,  free space=1020k
Native frames: (J=compiled Java code, j=interpreted, Vv=VM code, C=native code)
V  [libjvm.so+0xac52aa]  VMError::report_and_die()+0x2ba
V  [libjvm.so+0x4fc29b]  report_vm_out_of_memory(char const*, int, unsigned long, VMErrorType, char const*)+0x8b
V  [libjvm.so+0x922603]  os::Linux::commit_memory_impl(char*, unsigned long, bool)+0x103
V  [libjvm.so+0x922b59]  os::pd_commit_memory(char*, unsigned long, unsigned long, bool)+0x29
V  [libjvm.so+0x91ce5a]  os::commit_memory(char*, unsigned long, unsigned long, bool)+0x2a
V  [libjvm.so+0x9915e3]  PSVirtualSpace::expand_by(unsigned long)+0x53
V  [libjvm.so+0x9929e8]  PSYoungGen::resize_generation(unsigned long, unsigned long)+0xf8
V  [libjvm.so+0x991b42]  PSYoungGen::resize(unsigned long, unsigned long)+0x22
V  [libjvm.so+0x98ee1b]  PSScavenge::invoke_no_policy()+0xf3b
V  [libjvm.so+0x98f5a1]  PSScavenge::invoke()+0x41
V  [libjvm.so+0x9462f0]  ParallelScavengeHeap::failed_mem_allocate(unsigned long)+0x70
V  [libjvm.so+0xac6cc7]  VM_ParallelGCFailedAllocation::doit()+0x97
V  [libjvm.so+0xace7a5]  VM_Operation::evaluate()+0x55
V  [libjvm.so+0xaccb7a]  VMThread::evaluate_operation(VM_Operation*)+0xba
V  [libjvm.so+0xaccefe]  VMThread::loop()+0x1ce
V  [libjvm.so+0xacd370]  VMThread::run()+0x70
V  [libjvm.so+0x9249c8]  java_start(Thread*)+0x108

VM_Operation (0x00007f576cde2db0): ParallelGCFailedAllocation, mode: safepoint, requested by thread 0x00007f576400a000


---------------  P R O C E S S  ---------------

Java Threads: ( => current thread )
  0x00007f57640db000 JavaThread "Service Thread" daemon [_thread_blocked, id=11010, stack(0x00007f5747923000,0x00007f5747a24000)]
  0x00007f57640be000 JavaThread "C1 CompilerThread2" daemon [_thread_blocked, id=11009, stack(0x00007f5747a24000,0x00007f5747b25000)]
  0x00007f57640bc000 JavaThread "C2 CompilerThread1" daemon [_thread_blocked, id=11008, stack(0x00007f5747b25000,0x00007f5747c26000)]
  0x00007f57640b9000 JavaThread "C2 CompilerThread0" daemon [_thread_blocked, id=11007, stack(0x00007f5747c26000,0x00007f5747d27000)]
  0x00007f57640b8000 JavaThread "Signal Dispatcher" daemon [_thread_blocked, id=11006, stack(0x00007f574c01d000,0x00007f574c11e000)]
  0x00007f5764084000 JavaThread "Finalizer" daemon [_thread_blocked, id=11005, stack(0x00007f574c11e000,0x00007f574c21f000)]
  0x00007f576407f800 JavaThread "Reference Handler" daemon [_thread_blocked, id=11004, stack(0x00007f574c21f000,0x00007f574c320000)]
  0x00007f576400a000 JavaThread "main" [_thread_blocked, id=10997, stack(0x00007f576cce4000,0x00007f576cde5000)]

Other Threads:
=>0x00007f5764077800 VMThread [stack: 0x00007f57540f1000,0x00007f57541f2000] [id=11003]
  0x00007f57640de000 WatcherThread [stack: 0x00007f5747822000,0x00007f5747923000] [id=11011]

VM state:at safepoint (normal execution)

VM Mutex/Monitor currently owned by a thread:  ([mutex/lock_event])
[0x00007f5764006310] Threads_lock - owner thread: 0x00007f5764077800
[0x00007f5764006810] Heap_lock - owner thread: 0x00007f576400a000

Heap:
 PSYoungGen      total 130048K, used 5088K [0x00000000d7700000, 0x00000000dfb00000, 0x0000000100000000)
  eden space 124928K, 0% used [0x00000000d7700000,0x00000000d7700000,0x00000000df100000)
  from space 5120K, 99% used [0x00000000df100000,0x00000000df5f8020,0x00000000df600000)
  to   space 5120K, 0% used [0x00000000df600000,0x00000000df600000,0x00000000dfb00000)
 ParOldGen       total 83456K, used 37181K [0x0000000086400000, 0x000000008b580000, 0x00000000d7700000)
  object space 83456K, 44% used [0x0000000086400000,0x000000008884f590,0x000000008b580000)
 Metaspace       used 3646K, capacity 5176K, committed 5376K, reserved 1056768K
  class space    used 385K, capacity 488K, committed 512K, reserved 1048576K

Card table byte_map: [0x00007f57696c4000,0x00007f5769a93000] byte_map_base: 0x00007f5769292000

Marking Bits: (ParMarkBitMap*) 0x00007f576c1bcc60
 Begin Bits: [0x00007f574c320000, 0x00007f574e190000)
 End Bits:   [0x00007f574e190000, 0x00007f5750000000)

Polling page: 0x00007f576ce0d000

CodeCache: size=245760Kb used=3738Kb max_used=3751Kb free=242022Kb
 bounds [0x00007f5755000000, 0x00007f57553b0000, 0x00007f5764000000]
 total_blobs=856 nmethods=611 adapters=159
 compilation: enabled

Compilation events (10 events):
Event: 4.891 Thread 0x00007f57640bc000  615       4       java.util.HashMap::resize (359 bytes)
Event: 4.897 Thread 0x00007f57640be000 nmethod 614 0x00007f57553a10d0 code [0x00007f57553a18c0, 0x00007f57553a6198]
Event: 4.940 Thread 0x00007f57640bc000 nmethod 615 0x00007f575539eed0 code [0x00007f575539f060, 0x00007f575539f558]
Event: 4.940 Thread 0x00007f57640bc000  616       4       java.util.BitSet::ensureCapacity (39 bytes)
Event: 4.942 Thread 0x00007f57640bc000 nmethod 616 0x00007f5755397310 code [0x00007f5755397460, 0x00007f57553974f8]
Event: 4.961 Thread 0x00007f57640bc000  617       4       com.android.multidex.ArchivePathElement$1$1::hasNext (66 bytes)
Event: 5.059 Thread 0x00007f57640be000  621       3       com.android.dx.cf.direct.StdAttributeFactory::runtimeVisibleParameterAnnotations (44 bytes)
Event: 5.060 Thread 0x00007f57640be000 nmethod 621 0x00007f5755377e10 code [0x00007f5755377fe0, 0x00007f5755378518]
Event: 5.077 Thread 0x00007f57640bc000 nmethod 617 0x00007f57553a9750 code [0x00007f57553a9920, 0x00007f57553aa288]
Event: 5.077 Thread 0x00007f57640bc000  619       4       com.android.dx.cf.direct.StdAttributeFactory::parse0 (532 bytes)

GC Heap History (9 events):
Event: 1.446 GC heap before
{Heap before GC invocations=1 (full 0):
 PSYoungGen      total 36352K, used 31232K [0x00000000d7700000, 0x00000000d9f80000, 0x0000000100000000)
  eden space 31232K, 100% used [0x00000000d7700000,0x00000000d9580000,0x00000000d9580000)
  from space 5120K, 0% used [0x00000000d9a80000,0x00000000d9a80000,0x00000000d9f80000)
  to   space 5120K, 0% used [0x00000000d9580000,0x00000000d9580000,0x00000000d9a80000)
 ParOldGen       total 83456K, used 0K [0x0000000086400000, 0x000000008b580000, 0x00000000d7700000)
  object space 83456K, 0% used [0x0000000086400000,0x0000000086400000,0x000000008b580000)
 Metaspace       used 3592K, capacity 5080K, committed 5376K, reserved 1056768K
  class space    used 379K, capacity 456K, committed 512K, reserved 1048576K
Event: 1.470 GC heap after
Heap after GC invocations=1 (full 0):
 PSYoungGen      total 36352K, used 5114K [0x00000000d7700000, 0x00000000dbe00000, 0x0000000100000000)
  eden space 31232K, 0% used [0x00000000d7700000,0x00000000d7700000,0x00000000d9580000)
  from space 5120K, 99% used [0x00000000d9580000,0x00000000d9a7e918,0x00000000d9a80000)
  to   space 5120K, 0% used [0x00000000db900000,0x00000000db900000,0x00000000dbe00000)
 ParOldGen       total 83456K, used 8K [0x0000000086400000, 0x000000008b580000, 0x00000000d7700000)
  object space 83456K, 0% used [0x0000000086400000,0x0000000086402000,0x000000008b580000)
 Metaspace       used 3592K, capacity 5080K, committed 5376K, reserved 1056768K
  class space    used 379K, capacity 456K, committed 512K, reserved 1048576K
}
Event: 1.923 GC heap before
{Heap before GC invocations=2 (full 0):
 PSYoungGen      total 36352K, used 36346K [0x00000000d7700000, 0x00000000dbe00000, 0x0000000100000000)
  eden space 31232K, 100% used [0x00000000d7700000,0x00000000d9580000,0x00000000d9580000)
  from space 5120K, 99% used [0x00000000d9580000,0x00000000d9a7e918,0x00000000d9a80000)
  to   space 5120K, 0% used [0x00000000db900000,0x00000000db900000,0x00000000dbe00000)
 ParOldGen       total 83456K, used 8K [0x0000000086400000, 0x000000008b580000, 0x00000000d7700000)
  object space 83456K, 0% used [0x0000000086400000,0x0000000086402000,0x000000008b580000)
 Metaspace       used 3610K, capacity 5144K, committed 5376K, reserved 1056768K
  class space    used 379K, capacity 456K, committed 512K, reserved 1048576K
Event: 1.955 GC heap after
Heap after GC invocations=2 (full 0):
 PSYoungGen      total 67584K, used 5113K [0x00000000d7700000, 0x00000000dbe00000, 0x0000000100000000)
  eden space 62464K, 0% used [0x00000000d7700000,0x00000000d7700000,0x00000000db400000)
  from space 5120K, 99% used [0x00000000db900000,0x00000000dbdfe758,0x00000000dbe00000)
  to   space 5120K, 0% used [0x00000000db400000,0x00000000db400000,0x00000000db900000)
 ParOldGen       total 83456K, used 1386K [0x0000000086400000, 0x000000008b580000, 0x00000000d7700000)
  object space 83456K, 1% used [0x0000000086400000,0x000000008655a928,0x000000008b580000)
 Metaspace       used 3610K, capacity 5144K, committed 5376K, reserved 1056768K
  class space    used 379K, capacity 456K, committed 512K, reserved 1048576K
}
Event: 2.765 GC heap before
{Heap before GC invocations=3 (full 0):
 PSYoungGen      total 67584K, used 67577K [0x00000000d7700000, 0x00000000dbe00000, 0x0000000100000000)
  eden space 62464K, 100% used [0x00000000d7700000,0x00000000db400000,0x00000000db400000)
  from space 5120K, 99% used [0x00000000db900000,0x00000000dbdfe758,0x00000000dbe00000)
  to   space 5120K, 0% used [0x00000000db400000,0x00000000db400000,0x00000000db900000)
 ParOldGen       total 83456K, used 1386K [0x0000000086400000, 0x000000008b580000, 0x00000000d7700000)
  object space 83456K, 1% used [0x0000000086400000,0x000000008655a928,0x000000008b580000)
 Metaspace       used 3639K, capacity 5144K, committed 5376K, reserved 1056768K
  class space    used 384K, capacity 456K, committed 512K, reserved 1048576K
Event: 2.824 GC heap after
Heap after GC invocations=3 (full 0):
 PSYoungGen      total 67584K, used 5108K [0x00000000d7700000, 0x00000000dfb00000, 0x0000000100000000)
  eden space 62464K, 0% used [0x00000000d7700000,0x00000000d7700000,0x00000000db400000)
  from space 5120K, 99% used [0x00000000db400000,0x00000000db8fd060,0x00000000db900000)
  to   space 5120K, 0% used [0x00000000df600000,0x00000000df600000,0x00000000dfb00000)
 ParOldGen       total 83456K, used 9033K [0x0000000086400000, 0x000000008b580000, 0x00000000d7700000)
  object space 83456K, 10% used [0x0000000086400000,0x0000000086cd2718,0x000000008b580000)
 Metaspace       used 3639K, capacity 5144K, committed 5376K, reserved 1056768K
  class space    used 384K, capacity 456K, committed 512K, reserved 1048576K
}
Event: 3.559 GC heap before
{Heap before GC invocations=4 (full 0):
 PSYoungGen      total 67584K, used 67572K [0x00000000d7700000, 0x00000000dfb00000, 0x0000000100000000)
  eden space 62464K, 100% used [0x00000000d7700000,0x00000000db400000,0x00000000db400000)
  from space 5120K, 99% used [0x00000000db400000,0x00000000db8fd060,0x00000000db900000)
  to   space 5120K, 0% used [0x00000000df600000,0x00000000df600000,0x00000000dfb00000)
 ParOldGen       total 83456K, used 9033K [0x0000000086400000, 0x000000008b580000, 0x00000000d7700000)
  object space 83456K, 10% used [0x0000000086400000,0x0000000086cd2718,0x000000008b580000)
 Metaspace       used 3639K, capacity 5144K, committed 5376K, reserved 1056768K
  class space    used 384K, capacity 456K, committed 512K, reserved 1048576K
Event: 3.604 GC heap after
Heap after GC invocations=4 (full 0):
 PSYoungGen      total 130048K, used 5088K [0x00000000d7700000, 0x00000000dfb00000, 0x0000000100000000)
  eden space 124928K, 0% used [0x00000000d7700000,0x00000000d7700000,0x00000000df100000)
  from space 5120K, 99% used [0x00000000df600000,0x00000000dfaf8030,0x00000000dfb00000)
  to   space 5120K, 0% used [0x00000000df100000,0x00000000df100000,0x00000000df600000)
 ParOldGen       total 83456K, used 17993K [0x0000000086400000, 0x000000008b580000, 0x00000000d7700000)
  object space 83456K, 21% used [0x0000000086400000,0x0000000087592420,0x000000008b580000)
 Metaspace       used 3639K, capacity 5144K, committed 5376K, reserved 1056768K
  class space    used 384K, capacity 456K, committed 512K, reserved 1048576K
}
Event: 5.114 GC heap before
{Heap before GC invocations=5 (full 0):
 PSYoungGen      total 130048K, used 130016K [0x00000000d7700000, 0x00000000dfb00000, 0x0000000100000000)
  eden space 124928K, 100% used [0x00000000d7700000,0x00000000df100000,0x00000000df100000)
  from space 5120K, 99% used [0x00000000df600000,0x00000000dfaf8030,0x00000000dfb00000)
  to   space 5120K, 0% used [0x00000000df100000,0x00000000df100000,0x00000000df600000)
 ParOldGen       total 83456K, used 17993K [0x0000000086400000, 0x000000008b580000, 0x00000000d7700000)
  object space 83456K, 21% used [0x0000000086400000,0x0000000087592420,0x000000008b580000)
 Metaspace       used 3646K, capacity 5176K, committed 5376K, reserved 1056768K
  class space    used 385K, capacity 488K, committed 512K, reserved 1048576K

Deoptimization events (7 events):
Event: 1.129 Thread 0x00007f576400a000 Uncommon trap: reason=unloaded action=reinterpret pc=0x00007f57551f4398 method=com.android.dx.cf.cst.ConstantPoolParser.parse0(ILjava/util/BitSet;)Lcom/android/dx/rop/cst/Constant; @ 176
Event: 1.475 Thread 0x00007f576400a000 Uncommon trap: reason=unstable_if action=reinterpret pc=0x00007f57552a3c7c method=com.android.dx.cf.direct.StdAttributeFactory.parse0(Lcom/android/dx/cf/direct/DirectClassFile;ILjava/lang/String;IILcom/android/dx/cf/iface/ParseObserver;)Lcom/android/dx/cf
Event: 3.396 Thread 0x00007f576400a000 Uncommon trap: reason=class_check action=maybe_recompile pc=0x00007f5755336a58 method=com.android.dx.cf.attrib.AttConstantValue.<init>(Lcom/android/dx/rop/cst/TypedConstant;)V @ 28
Event: 3.789 Thread 0x00007f576400a000 Uncommon trap: reason=class_check action=maybe_recompile pc=0x00007f5755336a58 method=com.android.dx.cf.attrib.AttConstantValue.<init>(Lcom/android/dx/rop/cst/TypedConstant;)V @ 28
Event: 3.792 Thread 0x00007f576400a000 Uncommon trap: reason=class_check action=maybe_recompile pc=0x00007f5755336a58 method=com.android.dx.cf.attrib.AttConstantValue.<init>(Lcom/android/dx/rop/cst/TypedConstant;)V @ 28
Event: 3.792 Thread 0x00007f576400a000 Uncommon trap: reason=class_check action=maybe_recompile pc=0x00007f5755336a58 method=com.android.dx.cf.attrib.AttConstantValue.<init>(Lcom/android/dx/rop/cst/TypedConstant;)V @ 28
Event: 4.877 Thread 0x00007f576400a000 Uncommon trap: reason=unstable_if action=reinterpret pc=0x00007f575538478c method=com.android.dx.cf.direct.StdAttributeFactory.parse0(Lcom/android/dx/cf/direct/DirectClassFile;ILjava/lang/String;IILcom/android/dx/cf/iface/ParseObserver;)Lcom/android/dx/cf

Internal exceptions (2 events):
Event: 0.137 Thread 0x00007f576400a000 Exception <a 'java/lang/NoSuchMethodError': Method sun.misc.Unsafe.defineClass(Ljava/lang/String;[BII)Ljava/lang/Class; name or signature does not match> (0x00000000d7707c78) thrown at [/HUDSON3/workspace/8-2-build-linux-amd64/jdk8u102/7268/hotspot/src/sh
Event: 0.137 Thread 0x00007f576400a000 Exception <a 'java/lang/NoSuchMethodError': Method sun.misc.Unsafe.prefetchRead(Ljava/lang/Object;J)V name or signature does not match> (0x00000000d7707f60) thrown at [/HUDSON3/workspace/8-2-build-linux-amd64/jdk8u102/7268/hotspot/src/share/vm/prims/jni.c

Events (10 events):
Event: 4.611 loading class java/util/ArrayList$1
Event: 4.612 loading class java/util/ArrayList$1 done
Event: 4.877 Thread 0x00007f576400a000 Uncommon trap: trap_request=0xffffff65 fr.pc=0x00007f575538478c
Event: 4.877 Thread 0x00007f576400a000 DEOPT PACKING pc=0x00007f575538478c sp=0x00007f576cde3080
Event: 4.877 Thread 0x00007f576400a000 DEOPT UNPACKING pc=0x00007f5755005229 sp=0x00007f576cde3098 mode 2
Event: 4.877 loading class com/android/dx/cf/attrib/AttRuntimeVisibleParameterAnnotations
Event: 4.877 loading class com/android/dx/cf/attrib/AttRuntimeVisibleParameterAnnotations done
Event: 4.882 Executing VM operation: Deoptimize
Event: 4.882 Executing VM operation: Deoptimize done
Event: 5.114 Executing VM operation: ParallelGCFailedAllocation


Dynamic libraries:
00400000-00401000 r-xp 00000000 08:08 422783                             /opt/java/jdk1.8.0_102/bin/java
00600000-00601000 rw-p 00000000 08:08 422783                             /opt/java/jdk1.8.0_102/bin/java
0247f000-024a0000 rw-p 00000000 00:00 0                                  [heap]
86400000-8b580000 rw-p 00000000 00:00 0 
8b580000-d7700000 ---p 00000000 00:00 0 
d7700000-dfb00000 rw-p 00000000 00:00 0 
e9d00000-100000000 ---p 00000000 00:00 0 
100000000-100080000 rw-p 00000000 00:00 0 
100080000-140000000 ---p 00000000 00:00 0 
7f5710000000-7f5710021000 rw-p 00000000 00:00 0 
7f5710021000-7f5714000000 ---p 00000000 00:00 0 
7f5718000000-7f571871f000 rw-p 00000000 00:00 0 
7f571871f000-7f571c000000 ---p 00000000 00:00 0 
7f571c000000-7f571c021000 rw-p 00000000 00:00 0 
7f571c021000-7f5720000000 ---p 00000000 00:00 0 
7f5720000000-7f5720e79000 rw-p 00000000 00:00 0 
7f5720e79000-7f5724000000 ---p 00000000 00:00 0 
7f5724000000-7f5725022000 rw-p 00000000 00:00 0 
7f5725022000-7f5728000000 ---p 00000000 00:00 0 
7f5728000000-7f5728021000 rw-p 00000000 00:00 0 
7f5728021000-7f572c000000 ---p 00000000 00:00 0 
7f572c000000-7f572c021000 rw-p 00000000 00:00 0 
7f572c021000-7f5730000000 ---p 00000000 00:00 0 
7f5730000000-7f573028f000 rw-p 00000000 00:00 0 
7f573028f000-7f5734000000 ---p 00000000 00:00 0 
7f5734000000-7f5734021000 rw-p 00000000 00:00 0 
7f5734021000-7f5738000000 ---p 00000000 00:00 0 
7f5738000000-7f5738021000 rw-p 00000000 00:00 0 
7f5738021000-7f573c000000 ---p 00000000 00:00 0 
7f5740000000-7f5740021000 rw-p 00000000 00:00 0 
7f5740021000-7f5744000000 ---p 00000000 00:00 0 
7f5747822000-7f5747823000 ---p 00000000 00:00 0 
7f5747823000-7f5747923000 rw-p 00000000 00:00 0 
7f5747923000-7f5747926000 ---p 00000000 00:00 0 
7f5747926000-7f5747a24000 rw-p 00000000 00:00 0 
7f5747a24000-7f5747a27000 ---p 00000000 00:00 0 
7f5747a27000-7f5747b25000 rw-p 00000000 00:00 0 
7f5747b25000-7f5747b28000 ---p 00000000 00:00 0 
7f5747b28000-7f5747c26000 rw-p 00000000 00:00 0 
7f5747c26000-7f5747c29000 ---p 00000000 00:00 0 
7f5747c29000-7f5747d27000 rw-p 00000000 00:00 0 
7f5747d27000-7f5748000000 r--p 00000000 08:08 1837656                    /usr/lib/locale/locale-archive
7f5748000000-7f5748021000 rw-p 00000000 00:00 0 
7f5748021000-7f574c000000 ---p 00000000 00:00 0 
7f574c01d000-7f574c020000 ---p 00000000 00:00 0 
7f574c020000-7f574c11e000 rw-p 00000000 00:00 0 
7f574c11e000-7f574c121000 ---p 00000000 00:00 0 
7f574c121000-7f574c21f000 rw-p 00000000 00:00 0 
7f574c21f000-7f574c222000 ---p 00000000 00:00 0 
7f574c222000-7f5750000000 rw-p 00000000 00:00 0 
7f5750000000-7f5750021000 rw-p 00000000 00:00 0 
7f5750021000-7f5754000000 ---p 00000000 00:00 0 
7f5754021000-7f57540f1000 r--s 00b09000 08:04 305928                     /media/ali/Workspace/androidProjects/opensrp-client/opensrp-mcare/build/intermediates/multi-dex/debug/allclasses.jar
7f57540f1000-7f57540f2000 ---p 00000000 00:00 0 
7f57540f2000-7f5755000000 rw-p 00000000 00:00 0 
7f5755000000-7f57553b0000 rwxp 00000000 00:00 0 
7f57553b0000-7f5764000000 ---p 00000000 00:00 0 
7f5764000000-7f57643e3000 rw-p 00000000 00:00 0 
7f57643e3000-7f5768000000 ---p 00000000 00:00 0 
7f5768025000-7f576821a000 rw-p 00000000 00:00 0 
7f576821a000-7f57683f2000 r--s 03d29000 08:08 675068                     /opt/java/jdk1.8.0_102/jre/lib/rt.jar
7f57683f2000-7f5768928000 rw-p 00000000 00:00 0 
7f5768928000-7f5768c68000 ---p 00000000 00:00 0 
7f5768c68000-7f5769036000 rw-p 00000000 00:00 0 
7f5769036000-7f5769037000 ---p 00000000 00:00 0 
7f5769037000-7f5769137000 rw-p 00000000 00:00 0 
7f5769137000-7f5769138000 ---p 00000000 00:00 0 
7f5769138000-7f5769238000 rw-p 00000000 00:00 0 
7f5769238000-7f5769239000 ---p 00000000 00:00 0 
7f5769239000-7f5769339000 rw-p 00000000 00:00 0 
7f5769339000-7f576933a000 ---p 00000000 00:00 0 
7f576933a000-7f5769463000 rw-p 00000000 00:00 0 
7f5769463000-7f57696c4000 ---p 00000000 00:00 0 
7f57696c4000-7f57696ed000 rw-p 00000000 00:00 0 
7f57696ed000-7f576994d000 ---p 00000000 00:00 0 
7f576994d000-7f5769990000 rw-p 00000000 00:00 0 
7f5769990000-7f5769a92000 ---p 00000000 00:00 0 
7f5769a92000-7f5769aa2000 rw-p 00000000 00:00 0 
7f5769aa2000-7f5769e53000 ---p 00000000 00:00 0 
7f5769e53000-7f5769e6d000 r-xp 00000000 08:08 674152                     /opt/java/jdk1.8.0_102/jre/lib/amd64/libzip.so
7f5769e6d000-7f576a06d000 ---p 0001a000 08:08 674152                     /opt/java/jdk1.8.0_102/jre/lib/amd64/libzip.so
7f576a06d000-7f576a06e000 rw-p 0001a000 08:08 674152                     /opt/java/jdk1.8.0_102/jre/lib/amd64/libzip.so
7f576a06e000-7f576a079000 r-xp 00000000 08:08 1320776                    /lib/x86_64-linux-gnu/libnss_files-2.23.so
7f576a079000-7f576a278000 ---p 0000b000 08:08 1320776                    /lib/x86_64-linux-gnu/libnss_files-2.23.so
7f576a278000-7f576a279000 r--p 0000a000 08:08 1320776                    /lib/x86_64-linux-gnu/libnss_files-2.23.so
7f576a279000-7f576a27a000 rw-p 0000b000 08:08 1320776                    /lib/x86_64-linux-gnu/libnss_files-2.23.so
7f576a27a000-7f576a280000 rw-p 00000000 00:00 0 
7f576a280000-7f576a28b000 r-xp 00000000 08:08 1320779                    /lib/x86_64-linux-gnu/libnss_nis-2.23.so
7f576a28b000-7f576a48a000 ---p 0000b000 08:08 1320779                    /lib/x86_64-linux-gnu/libnss_nis-2.23.so
7f576a48a000-7f576a48b000 r--p 0000a000 08:08 1320779                    /lib/x86_64-linux-gnu/libnss_nis-2.23.so
7f576a48b000-7f576a48c000 rw-p 0000b000 08:08 1320779                    /lib/x86_64-linux-gnu/libnss_nis-2.23.so
7f576a48c000-7f576a4a2000 r-xp 00000000 08:08 1315971                    /lib/x86_64-linux-gnu/libnsl-2.23.so
7f576a4a2000-7f576a6a1000 ---p 00016000 08:08 1315971                    /lib/x86_64-linux-gnu/libnsl-2.23.so
7f576a6a1000-7f576a6a2000 r--p 00015000 08:08 1315971                    /lib/x86_64-linux-gnu/libnsl-2.23.so
7f576a6a2000-7f576a6a3000 rw-p 00016000 08:08 1315971                    /lib/x86_64-linux-gnu/libnsl-2.23.so
7f576a6a3000-7f576a6a5000 rw-p 00000000 00:00 0 
7f576a6a5000-7f576a6ad000 r-xp 00000000 08:08 1320785                    /lib/x86_64-linux-gnu/libnss_compat-2.23.so
7f576a6ad000-7f576a8ac000 ---p 00008000 08:08 1320785                    /lib/x86_64-linux-gnu/libnss_compat-2.23.so
7f576a8ac000-7f576a8ad000 r--p 00007000 08:08 1320785                    /lib/x86_64-linux-gnu/libnss_compat-2.23.so
7f576a8ad000-7f576a8ae000 rw-p 00008000 08:08 1320785                    /lib/x86_64-linux-gnu/libnss_compat-2.23.so
7f576a8ae000-7f576a8d8000 r-xp 00000000 08:08 675487                     /opt/java/jdk1.8.0_102/jre/lib/amd64/libjava.so
7f576a8d8000-7f576aad8000 ---p 0002a000 08:08 675487                     /opt/java/jdk1.8.0_102/jre/lib/amd64/libjava.so
7f576aad8000-7f576aada000 rw-p 0002a000 08:08 675487                     /opt/java/jdk1.8.0_102/jre/lib/amd64/libjava.so
7f576aada000-7f576aae7000 r-xp 00000000 08:08 675078                     /opt/java/jdk1.8.0_102/jre/lib/amd64/libverify.so
7f576aae7000-7f576ace7000 ---p 0000d000 08:08 675078                     /opt/java/jdk1.8.0_102/jre/lib/amd64/libverify.so
7f576ace7000-7f576ace9000 rw-p 0000d000 08:08 675078                     /opt/java/jdk1.8.0_102/jre/lib/amd64/libverify.so
7f576ace9000-7f576acf0000 r-xp 00000000 08:08 1320781                    /lib/x86_64-linux-gnu/librt-2.23.so
7f576acf0000-7f576aeef000 ---p 00007000 08:08 1320781                    /lib/x86_64-linux-gnu/librt-2.23.so
7f576aeef000-7f576aef0000 r--p 00006000 08:08 1320781                    /lib/x86_64-linux-gnu/librt-2.23.so
7f576aef0000-7f576aef1000 rw-p 00007000 08:08 1320781                    /lib/x86_64-linux-gnu/librt-2.23.so
7f576aef1000-7f576aff9000 r-xp 00000000 08:08 1320790                    /lib/x86_64-linux-gnu/libm-2.23.so
7f576aff9000-7f576b1f8000 ---p 00108000 08:08 1320790                    /lib/x86_64-linux-gnu/libm-2.23.so
7f576b1f8000-7f576b1f9000 r--p 00107000 08:08 1320790                    /lib/x86_64-linux-gnu/libm-2.23.so
7f576b1f9000-7f576b1fa000 rw-p 00108000 08:08 1320790                    /lib/x86_64-linux-gnu/libm-2.23.so
7f576b1fa000-7f576bec6000 r-xp 00000000 08:08 674994                     /opt/java/jdk1.8.0_102/jre/lib/amd64/server/libjvm.so
7f576bec6000-7f576c0c6000 ---p 00ccc000 08:08 674994                     /opt/java/jdk1.8.0_102/jre/lib/amd64/server/libjvm.so
7f576c0c6000-7f576c19f000 rw-p 00ccc000 08:08 674994                     /opt/java/jdk1.8.0_102/jre/lib/amd64/server/libjvm.so
7f576c19f000-7f576c1ea000 rw-p 00000000 00:00 0 
7f576c1ea000-7f576c3aa000 r-xp 00000000 08:08 1320795                    /lib/x86_64-linux-gnu/libc-2.23.so
7f576c3aa000-7f576c5aa000 ---p 001c0000 08:08 1320795                    /lib/x86_64-linux-gnu/libc-2.23.so
7f576c5aa000-7f576c5ae000 r--p 001c0000 08:08 1320795                    /lib/x86_64-linux-gnu/libc-2.23.so
7f576c5ae000-7f576c5b0000 rw-p 001c4000 08:08 1320795                    /lib/x86_64-linux-gnu/libc-2.23.so
7f576c5b0000-7f576c5b4000 rw-p 00000000 00:00 0 
7f576c5b4000-7f576c5b7000 r-xp 00000000 08:08 1320784                    /lib/x86_64-linux-gnu/libdl-2.23.so
7f576c5b7000-7f576c7b6000 ---p 00003000 08:08 1320784                    /lib/x86_64-linux-gnu/libdl-2.23.so
7f576c7b6000-7f576c7b7000 r--p 00002000 08:08 1320784                    /lib/x86_64-linux-gnu/libdl-2.23.so
7f576c7b7000-7f576c7b8000 rw-p 00003000 08:08 1320784                    /lib/x86_64-linux-gnu/libdl-2.23.so
7f576c7b8000-7f576c7cd000 r-xp 00000000 08:08 422732                     /opt/java/jdk1.8.0_102/lib/amd64/jli/libjli.so
7f576c7cd000-7f576c9cd000 ---p 00015000 08:08 422732                     /opt/java/jdk1.8.0_102/lib/amd64/jli/libjli.so
7f576c9cd000-7f576c9ce000 rw-p 00015000 08:08 422732                     /opt/java/jdk1.8.0_102/lib/amd64/jli/libjli.so
7f576c9ce000-7f576c9e6000 r-xp 00000000 08:08 1320778                    /lib/x86_64-linux-gnu/libpthread-2.23.so
7f576c9e6000-7f576cbe5000 ---p 00018000 08:08 1320778                    /lib/x86_64-linux-gnu/libpthread-2.23.so
7f576cbe5000-7f576cbe6000 r--p 00017000 08:08 1320778                    /lib/x86_64-linux-gnu/libpthread-2.23.so
7f576cbe6000-7f576cbe7000 rw-p 00018000 08:08 1320778                    /lib/x86_64-linux-gnu/libpthread-2.23.so
7f576cbe7000-7f576cbeb000 rw-p 00000000 00:00 0 
7f576cbeb000-7f576cc11000 r-xp 00000000 08:08 1320773                    /lib/x86_64-linux-gnu/ld-2.23.so
7f576cc19000-7f576cce4000 rw-p 00000000 00:00 0 
7f576cce4000-7f576cce7000 ---p 00000000 00:00 0 
7f576cce7000-7f576cde9000 rw-p 00000000 00:00 0 
7f576cdeb000-7f576cdf5000 r--s 0002f000 08:04 305930                     /media/ali/Workspace/androidProjects/opensrp-client/opensrp-mcare/build/intermediates/multi-dex/debug/componentClasses.jar
7f576cdf5000-7f576ce04000 r--s 000dd000 08:08 331849                     /home/ali/Tools/Android/sdk/build-tools/21.1.2/lib/dx.jar
7f576ce04000-7f576ce0c000 rw-s 00000000 08:08 290752                     /tmp/hsperfdata_ali/10992
7f576ce0c000-7f576ce0d000 rw-p 00000000 00:00 0 
7f576ce0d000-7f576ce0e000 ---p 00000000 00:00 0 
7f576ce0e000-7f576ce10000 rw-p 00000000 00:00 0 
7f576ce10000-7f576ce11000 r--p 00025000 08:08 1320773                    /lib/x86_64-linux-gnu/ld-2.23.so
7f576ce11000-7f576ce12000 rw-p 00026000 08:08 1320773                    /lib/x86_64-linux-gnu/ld-2.23.so
7f576ce12000-7f576ce13000 rw-p 00000000 00:00 0 
7ffdc8b2b000-7ffdc8b4c000 rw-p 00000000 00:00 0                          [stack]
7ffdc8bb1000-7ffdc8bb3000 r--p 00000000 00:00 0                          [vvar]
7ffdc8bb3000-7ffdc8bb5000 r-xp 00000000 00:00 0                          [vdso]
ffffffffff600000-ffffffffff601000 r-xp 00000000 00:00 0                  [vsyscall]

VM Arguments:
jvm_args: -Dfile.encoding=UTF-8 -Duser.country=US -Duser.language=en -Duser.variant 
java_command: com.android.multidex.ClassReferenceListBuilder /media/ali/Workspace/androidProjects/opensrp-client/opensrp-mcare/build/intermediates/multi-dex/debug/componentClasses.jar /media/ali/Workspace/androidProjects/opensrp-client/opensrp-mcare/build/intermediates/multi-dex/debug/allclasses.jar
java_class_path (initial): /home/ali/Tools/Android/sdk/build-tools/21.1.2/lib/dx.jar
Launcher Type: SUN_STANDARD

Environment Variables:
JAVA_HOME=/opt/java/jdk1.8.0_102
PATH=/home/ali/bin:/home/ali/.local/bin:/usr/local/sbin:/usr/local/bin:/usr/sbin:/usr/bin:/sbin:/bin:/usr/games:/usr/local/games:/snap/bin
LD_LIBRARY_PATH=/home/ali/Tools/Android/studio/bin:
SHELL=/bin/bash
DISPLAY=:0

Signal Handlers:
SIGSEGV: [libjvm.so+0xac5b30], sa_mask[0]=11111111011111111101111111111110, sa_flags=SA_RESTART|SA_SIGINFO
SIGBUS: [libjvm.so+0xac5b30], sa_mask[0]=11111111011111111101111111111110, sa_flags=SA_RESTART|SA_SIGINFO
SIGFPE: [libjvm.so+0x91f470], sa_mask[0]=11111111011111111101111111111110, sa_flags=SA_RESTART|SA_SIGINFO
SIGPIPE: [libjvm.so+0x91f470], sa_mask[0]=11111111011111111101111111111110, sa_flags=SA_RESTART|SA_SIGINFO
SIGXFSZ: [libjvm.so+0x91f470], sa_mask[0]=11111111011111111101111111111110, sa_flags=SA_RESTART|SA_SIGINFO
SIGILL: [libjvm.so+0x91f470], sa_mask[0]=11111111011111111101111111111110, sa_flags=SA_RESTART|SA_SIGINFO
SIGUSR1: SIG_DFL, sa_mask[0]=00000000000000000000000000000000, sa_flags=none
SIGUSR2: [libjvm.so+0x920aa0], sa_mask[0]=00100000000000000000000000000000, sa_flags=SA_RESTART|SA_SIGINFO
SIGHUP: [libjvm.so+0x921ea0], sa_mask[0]=11111111011111111101111111111110, sa_flags=SA_RESTART|SA_SIGINFO
SIGINT: [libjvm.so+0x921ea0], sa_mask[0]=11111111011111111101111111111110, sa_flags=SA_RESTART|SA_SIGINFO
SIGTERM: [libjvm.so+0x921ea0], sa_mask[0]=11111111011111111101111111111110, sa_flags=SA_RESTART|SA_SIGINFO
SIGQUIT: [libjvm.so+0x921ea0], sa_mask[0]=11111111011111111101111111111110, sa_flags=SA_RESTART|SA_SIGINFO


---------------  S Y S T E M  ---------------

OS:DISTRIB_ID=LinuxMint
DISTRIB_RELEASE=18.2
DISTRIB_CODENAME=sonya
DISTRIB_DESCRIPTION="Linux Mint 18.2 Sonya"

uname:Linux 4.10.0-32-generic #36~16.04.1-Ubuntu SMP Wed Aug 9 09:19:02 UTC 2017 x86_64
libc:glibc 2.23 NPTL 2.23 
rlimit: STACK 8192k, CORE 0k, NPROC 30731, NOFILE 1048576, AS infinity
load average:4.39 5.74 5.68

/proc/meminfo:
MemTotal:        7973888 kB
MemFree:          117548 kB
MemAvailable:      40148 kB
Buffers:             620 kB
Cached:           393388 kB
SwapCached:        14212 kB
Active:          6637568 kB
Inactive:         842104 kB
Active(anon):    6609496 kB
Inactive(anon):   826008 kB
Active(file):      28072 kB
Inactive(file):    16096 kB
Unevictable:         356 kB
Mlocked:             356 kB
SwapTotal:       1999868 kB
SwapFree:              0 kB
Dirty:               384 kB
Writeback:             0 kB
AnonPages:       7072700 kB
Mapped:           162036 kB
Shmem:            349552 kB
Slab:             186432 kB
SReclaimable:      81820 kB
SUnreclaim:       104612 kB
KernelStack:       21164 kB
PageTables:        96576 kB
NFS_Unstable:          0 kB
Bounce:                0 kB
WritebackTmp:          0 kB
CommitLimit:     5986812 kB
Committed_AS:   19295436 kB
VmallocTotal:   34359738367 kB
VmallocUsed:           0 kB
VmallocChunk:          0 kB
HardwareCorrupted:     0 kB
AnonHugePages:   1812480 kB
ShmemHugePages:        0 kB
ShmemPmdMapped:        0 kB
CmaTotal:              0 kB
CmaFree:               0 kB
HugePages_Total:       0
HugePages_Free:        0
HugePages_Rsvd:        0
HugePages_Surp:        0
Hugepagesize:       2048 kB
DirectMap4k:      769496 kB
DirectMap2M:     7417856 kB
DirectMap1G:           0 kB


CPU:total 4 (2 cores per cpu, 2 threads per core) family 6 model 78 stepping 3, cmov, cx8, fxsr, mmx, sse, sse2, sse3, ssse3, sse4.1, sse4.2, popcnt, avx, avx2, aes, clmul, erms, 3dnowpref, lzcnt, ht, tsc, tscinvbit, bmi1, bmi2, adx

/proc/cpuinfo:
processor	: 0
vendor_id	: GenuineIntel
cpu family	: 6
model		: 78
model name	: Intel(R) Core(TM) m3-6Y30 CPU @ 0.90GHz
stepping	: 3
microcode	: 0x33
cpu MHz		: 899.963
cache size	: 4096 KB
physical id	: 0
siblings	: 4
core id		: 0
cpu cores	: 2
apicid		: 0
initial apicid	: 0
fpu		: yes
fpu_exception	: yes
cpuid level	: 22
wp		: yes
flags		: fpu vme de pse tsc msr pae mce cx8 apic sep mtrr pge mca cmov pat pse36 clflush dts acpi mmx fxsr sse sse2 ss ht tm pbe syscall nx pdpe1gb rdtscp lm constant_tsc art arch_perfmon pebs bts rep_good nopl xtopology nonstop_tsc aperfmperf tsc_known_freq pni pclmulqdq dtes64 monitor ds_cpl vmx est tm2 ssse3 sdbg fma cx16 xtpr pdcm pcid sse4_1 sse4_2 x2apic movbe popcnt tsc_deadline_timer aes xsave avx f16c rdrand lahf_lm abm 3dnowprefetch epb intel_pt tpr_shadow vnmi flexpriority ept vpid fsgsbase tsc_adjust bmi1 avx2 smep bmi2 erms invpcid mpx rdseed adx smap clflushopt xsaveopt xsavec xgetbv1 xsaves dtherm ida arat pln pts hwp hwp_notify hwp_act_window hwp_epp
bugs		:
bogomips	: 3024.00
clflush size	: 64
cache_alignment	: 64
address sizes	: 39 bits physical, 48 bits virtual
power management:

processor	: 1
vendor_id	: GenuineIntel
cpu family	: 6
model		: 78
model name	: Intel(R) Core(TM) m3-6Y30 CPU @ 0.90GHz
stepping	: 3
microcode	: 0x33
cpu MHz		: 899.963
cache size	: 4096 KB
physical id	: 0
siblings	: 4
core id		: 1
cpu cores	: 2
apicid		: 2
initial apicid	: 2
fpu		: yes
fpu_exception	: yes
cpuid level	: 22
wp		: yes
flags		: fpu vme de pse tsc msr pae mce cx8 apic sep mtrr pge mca cmov pat pse36 clflush dts acpi mmx fxsr sse sse2 ss ht tm pbe syscall nx pdpe1gb rdtscp lm constant_tsc art arch_perfmon pebs bts rep_good nopl xtopology nonstop_tsc aperfmperf tsc_known_freq pni pclmulqdq dtes64 monitor ds_cpl vmx est tm2 ssse3 sdbg fma cx16 xtpr pdcm pcid sse4_1 sse4_2 x2apic movbe popcnt tsc_deadline_timer aes xsave avx f16c rdrand lahf_lm abm 3dnowprefetch epb intel_pt tpr_shadow vnmi flexpriority ept vpid fsgsbase tsc_adjust bmi1 avx2 smep bmi2 erms invpcid mpx rdseed adx smap clflushopt xsaveopt xsavec xgetbv1 xsaves dtherm ida arat pln pts hwp hwp_notify hwp_act_window hwp_epp
bugs		:
bogomips	: 3024.00
clflush size	: 64
cache_alignment	: 64
address sizes	: 39 bits physical, 48 bits virtual
power management:

processor	: 2
vendor_id	: GenuineIntel
cpu family	: 6
model		: 78
model name	: Intel(R) Core(TM) m3-6Y30 CPU @ 0.90GHz
stepping	: 3
microcode	: 0x33
cpu MHz		: 899.963
cache size	: 4096 KB
physical id	: 0
siblings	: 4
core id		: 0
cpu cores	: 2
apicid		: 1
initial apicid	: 1
fpu		: yes
fpu_exception	: yes
cpuid level	: 22
wp		: yes
flags		: fpu vme de pse tsc msr pae mce cx8 apic sep mtrr pge mca cmov pat pse36 clflush dts acpi mmx fxsr sse sse2 ss ht tm pbe syscall nx pdpe1gb rdtscp lm constant_tsc art arch_perfmon pebs bts rep_good nopl xtopology nonstop_tsc aperfmperf tsc_known_freq pni pclmulqdq dtes64 monitor ds_cpl vmx est tm2 ssse3 sdbg fma cx16 xtpr pdcm pcid sse4_1 sse4_2 x2apic movbe popcnt tsc_deadline_timer aes xsave avx f16c rdrand lahf_lm abm 3dnowprefetch epb intel_pt tpr_shadow vnmi flexpriority ept vpid fsgsbase tsc_adjust bmi1 avx2 smep bmi2 erms invpcid mpx rdseed adx smap clflushopt xsaveopt xsavec xgetbv1 xsaves dtherm ida arat pln pts hwp hwp_notify hwp_act_window hwp_epp
bugs		:
bogomips	: 3024.00
clflush size	: 64
cache_alignment	: 64
address sizes	: 39 bits physical, 48 bits virtual
power management:

processor	: 3
vendor_id	: GenuineIntel
cpu family	: 6
model		: 78
model name	: Intel(R) Core(TM) m3-6Y30 CPU @ 0.90GHz
stepping	: 3
microcode	: 0x33
cpu MHz		: 899.963
cache size	: 4096 KB
physical id	: 0
siblings	: 4
core id		: 1
cpu cores	: 2
apicid		: 3
initial apicid	: 3
fpu		: yes
fpu_exception	: yes
cpuid level	: 22
wp		: yes
flags		: fpu vme de pse tsc msr pae mce cx8 apic sep mtrr pge mca cmov pat pse36 clflush dts acpi mmx fxsr sse sse2 ss ht tm pbe syscall nx pdpe1gb rdtscp lm constant_tsc art arch_perfmon pebs bts rep_good nopl xtopology nonstop_tsc aperfmperf tsc_known_freq pni pclmulqdq dtes64 monitor ds_cpl vmx est tm2 ssse3 sdbg fma cx16 xtpr pdcm pcid sse4_1 sse4_2 x2apic movbe popcnt tsc_deadline_timer aes xsave avx f16c rdrand lahf_lm abm 3dnowprefetch epb intel_pt tpr_shadow vnmi flexpriority ept vpid fsgsbase tsc_adjust bmi1 avx2 smep bmi2 erms invpcid mpx rdseed adx smap clflushopt xsaveopt xsavec xgetbv1 xsaves dtherm ida arat pln pts hwp hwp_notify hwp_act_window hwp_epp
bugs		:
bogomips	: 3024.00
clflush size	: 64
cache_alignment	: 64
address sizes	: 39 bits physical, 48 bits virtual
power management:



Memory: 4k page, physical 7973888k(117548k free), swap 1999868k(0k free)

vm_info: Java HotSpot(TM) 64-Bit Server VM (25.102-b14) for linux-amd64 JRE (1.8.0_102-b14), built on Jun 22 2016 18:43:17 by "java_re" with gcc 4.3.0 20080428 (Red Hat 4.3.0-8)

time: Wed Sep  6 08:42:13 2017
elapsed time: 5 seconds (0d 0h 0m 5s)

