#
# There is insufficient memory for the Java Runtime Environment to continue.
# Native memory allocation (mmap) failed to map 189267968 bytes for committing reserved memory.
# Possible reasons:
#   The system is out of physical RAM or swap space
#   In 32 bit mode, the process size limit was hit
# Possible solutions:
#   Reduce memory load on the system
#   Increase physical memory or swap space
#   Check if swap backing store is full
#   Use 64 bit Java on a 64 bit OS
#   Decrease Java heap size (-Xmx/-Xms)
#   Decrease number of Java threads
#   Decrease Java thread stack sizes (-Xss)
#   Set larger code cache with -XX:ReservedCodeCacheSize=
# This output file may be truncated or incomplete.
#
#  Out of Memory Error (os_linux.cpp:2627), pid=24528, tid=0x00007f1054390700
#
# JRE version: Java(TM) SE Runtime Environment (8.0_102-b14) (build 1.8.0_102-b14)
# Java VM: Java HotSpot(TM) 64-Bit Server VM (25.102-b14 mixed mode linux-amd64 compressed oops)
# Failed to write core dump. Core dumps have been disabled. To enable core dumping, try "ulimit -c unlimited" before starting Java again
#

---------------  T H R E A D  ---------------

Current thread (0x00007f1064078000):  VMThread [stack: 0x00007f1054290000,0x00007f1054391000] [id=24538]

Stack: [0x00007f1054290000,0x00007f1054391000],  sp=0x00007f105438f1a0,  free space=1020k
Native frames: (J=compiled Java code, j=interpreted, Vv=VM code, C=native code)
V  [libjvm.so+0xac52aa]  VMError::report_and_die()+0x2ba
V  [libjvm.so+0x4fc29b]  report_vm_out_of_memory(char const*, int, unsigned long, VMErrorType, char const*)+0x8b
V  [libjvm.so+0x922603]  os::Linux::commit_memory_impl(char*, unsigned long, bool)+0x103
V  [libjvm.so+0x922b59]  os::pd_commit_memory(char*, unsigned long, unsigned long, bool)+0x29
V  [libjvm.so+0x91ce5a]  os::commit_memory(char*, unsigned long, unsigned long, bool)+0x2a
V  [libjvm.so+0x9915e3]  PSVirtualSpace::expand_by(unsigned long)+0x53
V  [libjvm.so+0x981ea0]  PSOldGen::expand(unsigned long)+0x170
V  [libjvm.so+0x9820ab]  PSOldGen::resize(unsigned long)+0x1cb
V  [libjvm.so+0x989db1]  PSParallelCompact::invoke_no_policy(bool)+0x991
V  [libjvm.so+0x98f70d]  PSScavenge::invoke()+0x1ad
V  [libjvm.so+0x9462f0]  ParallelScavengeHeap::failed_mem_allocate(unsigned long)+0x70
V  [libjvm.so+0xac6cc7]  VM_ParallelGCFailedAllocation::doit()+0x97
V  [libjvm.so+0xace7a5]  VM_Operation::evaluate()+0x55
V  [libjvm.so+0xaccb7a]  VMThread::evaluate_operation(VM_Operation*)+0xba
V  [libjvm.so+0xaccefe]  VMThread::loop()+0x1ce
V  [libjvm.so+0xacd370]  VMThread::run()+0x70
V  [libjvm.so+0x9249c8]  java_start(Thread*)+0x108

VM_Operation (0x00007f106ca59980): ParallelGCFailedAllocation, mode: safepoint, requested by thread 0x00007f106400a000


---------------  P R O C E S S  ---------------

Java Threads: ( => current thread )
  0x00007f10640e3000 JavaThread "Service Thread" daemon [_thread_blocked, id=24545, stack(0x00007f1045822000,0x00007f1045923000)]
  0x00007f10640be000 JavaThread "C1 CompilerThread2" daemon [_thread_blocked, id=24544, stack(0x00007f1045923000,0x00007f1045a24000)]
  0x00007f10640bc000 JavaThread "C2 CompilerThread1" daemon [_thread_blocked, id=24543, stack(0x00007f1045a24000,0x00007f1045b25000)]
  0x00007f10640b9000 JavaThread "C2 CompilerThread0" daemon [_thread_blocked, id=24542, stack(0x00007f1045b25000,0x00007f1045c26000)]
  0x00007f10640b8000 JavaThread "Signal Dispatcher" daemon [_thread_blocked, id=24541, stack(0x00007f1045c26000,0x00007f1045d27000)]
  0x00007f1064084000 JavaThread "Finalizer" daemon [_thread_blocked, id=24540, stack(0x00007f105408e000,0x00007f105418f000)]
  0x00007f106407f800 JavaThread "Reference Handler" daemon [_thread_blocked, id=24539, stack(0x00007f105418f000,0x00007f1054290000)]
  0x00007f106400a000 JavaThread "main" [_thread_blocked, id=24533, stack(0x00007f106c95b000,0x00007f106ca5c000)]

Other Threads:
=>0x00007f1064078000 VMThread [stack: 0x00007f1054290000,0x00007f1054391000] [id=24538]
  0x00007f10640e6000 WatcherThread [stack: 0x00007f1045721000,0x00007f1045822000] [id=24546]

VM state:at safepoint (normal execution)

VM Mutex/Monitor currently owned by a thread:  ([mutex/lock_event])
[0x00007f1064005d90] ExpandHeap_lock - owner thread: 0x00007f1064078000
[0x00007f1064006410] Threads_lock - owner thread: 0x00007f1064078000
[0x00007f1064006910] Heap_lock - owner thread: 0x00007f106400a000

Heap:
 PSYoungGen      total 232960K, used 39061K [0x00000000eab00000, 0x0000000100000000, 0x0000000100000000)
  eden space 143360K, 0% used [0x00000000eab00000,0x00000000eab00000,0x00000000f3700000)
  from space 89600K, 43% used [0x00000000fa880000,0x00000000fcea55c0,0x0000000100000000)
  to   space 102912K, 0% used [0x00000000f3700000,0x00000000f3700000,0x00000000f9b80000)
 ParOldGen       total 283136K, used 282940K [0x00000000c0000000, 0x00000000d1480000, 0x00000000eab00000)
  object space 283136K, 99% used [0x00000000c0000000,0x00000000d144f000,0x00000000d1480000)
 Metaspace       used 6214K, capacity 7280K, committed 7552K, reserved 1056768K
  class space    used 581K, capacity 616K, committed 640K, reserved 1048576K

Card table byte_map: [0x00007f1069509000,0x00007f106970a000] byte_map_base: 0x00007f1068f09000

Marking Bits: (ParMarkBitMap*) 0x00007f106be33c60
 Begin Bits: [0x00007f1046000000, 0x00007f1047000000)
 End Bits:   [0x00007f1047000000, 0x00007f1048000000)

Polling page: 0x00007f106ca84000

CodeCache: size=245760Kb used=10148Kb max_used=10571Kb free=235611Kb
 bounds [0x00007f1055000000, 0x00007f1055ac0000, 0x00007f1064000000]
 total_blobs=2281 nmethods=2016 adapters=178
 compilation: enabled

Compilation events (10 events):
Event: 101.299 Thread 0x00007f10640be000 2452       3       com.android.dx.ssa.back.InterferenceGraph::<init> (42 bytes)
Event: 101.303 Thread 0x00007f10640be000 nmethod 2452 0x00007f1055175bd0 code [0x00007f1055175de0, 0x00007f1055176888]
Event: 101.325 Thread 0x00007f10640be000 2453       3       com.android.dx.ssa.back.FirstFitLocalCombiningAllocator::tryMapRegs (110 bytes)
Event: 101.328 Thread 0x00007f10640be000 nmethod 2453 0x00007f1055298390 code [0x00007f10552985e0, 0x00007f1055299318]
Event: 101.332 Thread 0x00007f10640be000 2454 %     3       com.android.dx.dex.code.RopTranslator::outputInstructions @ 19 (69 bytes)
Event: 101.336 Thread 0x00007f10640be000 nmethod 2454% 0x00007f1055101150 code [0x00007f10551012e0, 0x00007f10551017d8]
Event: 101.339 Thread 0x00007f10640be000 2455       3       com.android.dx.dex.code.RopTranslator::outputInstructions (69 bytes)
Event: 101.340 Thread 0x00007f10640be000 nmethod 2455 0x00007f10551b0e90 code [0x00007f10551b1020, 0x00007f10551b1478]
Event: 101.517 Thread 0x00007f10640bc000 nmethod 2436 0x00007f1055420910 code [0x00007f1055420c40, 0x00007f1055422500]
Event: 101.529 Thread 0x00007f10640bc000 2441   !   4       com.android.dx.cf.code.BytecodeArray::parseInstruction (2764 bytes)

GC Heap History (10 events):
Event: 40.126 GC heap after
Heap after GC invocations=14 (full 2):
 PSYoungGen      total 276480K, used 51457K [0x00000000eab00000, 0x0000000100000000, 0x0000000100000000)
  eden space 216064K, 0% used [0x00000000eab00000,0x00000000eab00000,0x00000000f7e00000)
  from space 60416K, 85% used [0x00000000fc500000,0x00000000ff7406d8,0x0000000100000000)
  to   space 66560K, 0% used [0x00000000f7e00000,0x00000000f7e00000,0x00000000fbf00000)
 ParOldGen       total 283136K, used 157467K [0x00000000c0000000, 0x00000000d1480000, 0x00000000eab00000)
  object space 283136K, 55% used [0x00000000c0000000,0x00000000c99c6e70,0x00000000d1480000)
 Metaspace       used 6191K, capacity 7216K, committed 7296K, reserved 1056768K
  class space    used 579K, capacity 616K, committed 640K, reserved 1048576K
}
Event: 44.615 GC heap before
{Heap before GC invocations=15 (full 2):
 PSYoungGen      total 276480K, used 267521K [0x00000000eab00000, 0x0000000100000000, 0x0000000100000000)
  eden space 216064K, 100% used [0x00000000eab00000,0x00000000f7e00000,0x00000000f7e00000)
  from space 60416K, 85% used [0x00000000fc500000,0x00000000ff7406d8,0x0000000100000000)
  to   space 66560K, 0% used [0x00000000f7e00000,0x00000000f7e00000,0x00000000fbf00000)
 ParOldGen       total 283136K, used 157467K [0x00000000c0000000, 0x00000000d1480000, 0x00000000eab00000)
  object space 283136K, 55% used [0x00000000c0000000,0x00000000c99c6e70,0x00000000d1480000)
 Metaspace       used 6192K, capacity 7216K, committed 7296K, reserved 1056768K
  class space    used 579K, capacity 616K, committed 640K, reserved 1048576K
Event: 45.200 GC heap after
Heap after GC invocations=15 (full 2):
 PSYoungGen      total 282624K, used 66528K [0x00000000eab00000, 0x0000000100000000, 0x0000000100000000)
  eden space 216064K, 0% used [0x00000000eab00000,0x00000000eab00000,0x00000000f7e00000)
  from space 66560K, 99% used [0x00000000f7e00000,0x00000000fbef81d8,0x00000000fbf00000)
  to   space 66560K, 0% used [0x00000000fbf00000,0x00000000fbf00000,0x0000000100000000)
 ParOldGen       total 283136K, used 174519K [0x00000000c0000000, 0x00000000d1480000, 0x00000000eab00000)
  object space 283136K, 61% used [0x00000000c0000000,0x00000000caa6dee0,0x00000000d1480000)
 Metaspace       used 6192K, capacity 7216K, committed 7296K, reserved 1056768K
  class space    used 579K, capacity 616K, committed 640K, reserved 1048576K
}
Event: 93.711 GC heap before
{Heap before GC invocations=16 (full 2):
 PSYoungGen      total 282624K, used 282592K [0x00000000eab00000, 0x0000000100000000, 0x0000000100000000)
  eden space 216064K, 100% used [0x00000000eab00000,0x00000000f7e00000,0x00000000f7e00000)
  from space 66560K, 99% used [0x00000000f7e00000,0x00000000fbef81d8,0x00000000fbf00000)
  to   space 66560K, 0% used [0x00000000fbf00000,0x00000000fbf00000,0x0000000100000000)
 ParOldGen       total 283136K, used 174519K [0x00000000c0000000, 0x00000000d1480000, 0x00000000eab00000)
  object space 283136K, 61% used [0x00000000c0000000,0x00000000caa6dee0,0x00000000d1480000)
 Metaspace       used 6197K, capacity 7216K, committed 7296K, reserved 1056768K
  class space    used 580K, capacity 616K, committed 640K, reserved 1048576K
Event: 94.889 GC heap after
Heap after GC invocations=16 (full 2):
 PSYoungGen      total 236544K, used 65199K [0x00000000eab00000, 0x0000000100000000, 0x0000000100000000)
  eden space 169984K, 0% used [0x00000000eab00000,0x00000000eab00000,0x00000000f5100000)
  from space 66560K, 97% used [0x00000000fbf00000,0x00000000ffeabc48,0x0000000100000000)
  to   space 89600K, 0% used [0x00000000f5100000,0x00000000f5100000,0x00000000fa880000)
 ParOldGen       total 283136K, used 209323K [0x00000000c0000000, 0x00000000d1480000, 0x00000000eab00000)
  object space 283136K, 73% used [0x00000000c0000000,0x00000000ccc6ad50,0x00000000d1480000)
 Metaspace       used 6197K, capacity 7216K, committed 7296K, reserved 1056768K
  class space    used 580K, capacity 616K, committed 640K, reserved 1048576K
}
Event: 98.584 GC heap before
{Heap before GC invocations=17 (full 2):
 PSYoungGen      total 236544K, used 235183K [0x00000000eab00000, 0x0000000100000000, 0x0000000100000000)
  eden space 169984K, 100% used [0x00000000eab00000,0x00000000f5100000,0x00000000f5100000)
  from space 66560K, 97% used [0x00000000fbf00000,0x00000000ffeabc48,0x0000000100000000)
  to   space 89600K, 0% used [0x00000000f5100000,0x00000000f5100000,0x00000000fa880000)
 ParOldGen       total 283136K, used 209323K [0x00000000c0000000, 0x00000000d1480000, 0x00000000eab00000)
  object space 283136K, 73% used [0x00000000c0000000,0x00000000ccc6ad50,0x00000000d1480000)
 Metaspace       used 6207K, capacity 7216K, committed 7296K, reserved 1056768K
  class space    used 581K, capacity 616K, committed 640K, reserved 1048576K
Event: 98.940 GC heap after
Heap after GC invocations=17 (full 2):
 PSYoungGen      total 259584K, used 89581K [0x00000000eab00000, 0x0000000100000000, 0x0000000100000000)
  eden space 169984K, 0% used [0x00000000eab00000,0x00000000eab00000,0x00000000f5100000)
  from space 89600K, 99% used [0x00000000f5100000,0x00000000fa87b4d0,0x00000000fa880000)
  to   space 89600K, 0% used [0x00000000fa880000,0x00000000fa880000,0x0000000100000000)
 ParOldGen       total 283136K, used 211001K [0x00000000c0000000, 0x00000000d1480000, 0x00000000eab00000)
  object space 283136K, 74% used [0x00000000c0000000,0x00000000cce0e528,0x00000000d1480000)
 Metaspace       used 6207K, capacity 7216K, committed 7296K, reserved 1056768K
  class space    used 581K, capacity 616K, committed 640K, reserved 1048576K
}
Event: 102.006 GC heap before
{Heap before GC invocations=18 (full 2):
 PSYoungGen      total 259584K, used 259565K [0x00000000eab00000, 0x0000000100000000, 0x0000000100000000)
  eden space 169984K, 100% used [0x00000000eab00000,0x00000000f5100000,0x00000000f5100000)
  from space 89600K, 99% used [0x00000000f5100000,0x00000000fa87b4d0,0x00000000fa880000)
  to   space 89600K, 0% used [0x00000000fa880000,0x00000000fa880000,0x0000000100000000)
 ParOldGen       total 283136K, used 211001K [0x00000000c0000000, 0x00000000d1480000, 0x00000000eab00000)
  object space 283136K, 74% used [0x00000000c0000000,0x00000000cce0e528,0x00000000d1480000)
 Metaspace       used 6214K, capacity 7280K, committed 7552K, reserved 1056768K
  class space    used 581K, capacity 616K, committed 640K, reserved 1048576K
Event: 102.729 GC heap after
Heap after GC invocations=18 (full 2):
 PSYoungGen      total 232960K, used 54097K [0x00000000eab00000, 0x0000000100000000, 0x0000000100000000)
  eden space 143360K, 0% used [0x00000000eab00000,0x00000000eab00000,0x00000000f3700000)
  from space 89600K, 60% used [0x00000000fa880000,0x00000000fdd54720,0x0000000100000000)
  to   space 102912K, 0% used [0x00000000f3700000,0x00000000f3700000,0x00000000f9b80000)
 ParOldGen       total 283136K, used 274781K [0x00000000c0000000, 0x00000000d1480000, 0x00000000eab00000)
  object space 283136K, 97% used [0x00000000c0000000,0x00000000d0c57400,0x00000000d1480000)
 Metaspace       used 6214K, capacity 7280K, committed 7552K, reserved 1056768K
  class space    used 581K, capacity 616K, committed 640K, reserved 1048576K
}
Event: 102.738 GC heap before
{Heap before GC invocations=19 (full 3):
 PSYoungGen      total 232960K, used 54097K [0x00000000eab00000, 0x0000000100000000, 0x0000000100000000)
  eden space 143360K, 0% used [0x00000000eab00000,0x00000000eab00000,0x00000000f3700000)
  from space 89600K, 60% used [0x00000000fa880000,0x00000000fdd54720,0x0000000100000000)
  to   space 102912K, 0% used [0x00000000f3700000,0x00000000f3700000,0x00000000f9b80000)
 ParOldGen       total 283136K, used 274781K [0x00000000c0000000, 0x00000000d1480000, 0x00000000eab00000)
  object space 283136K, 97% used [0x00000000c0000000,0x00000000d0c57400,0x00000000d1480000)
 Metaspace       used 6214K, capacity 7280K, committed 7552K, reserved 1056768K
  class space    used 581K, capacity 616K, committed 640K, reserved 1048576K

Deoptimization events (10 events):
Event: 99.780 Thread 0x00007f106400a000 Uncommon trap: follow_up_reason=unstable_if action=reinterpret pc=0x00007f10551fe924 method=com.android.dx.ssa.SsaMethod.getExitBlock()Lcom/android/dx/ssa/SsaBasicBlock; @ 4
Event: 100.262 Thread 0x00007f106400a000 Uncommon trap: follow_up_reason=unstable_if action=reinterpret pc=0x00007f10551d1ee8 method=com.android.dx.ssa.LocalVariableExtractor.doit()Lcom/android/dx/ssa/LocalVariableInfo; @ 7
Event: 100.262 Thread 0x00007f106400a000 Uncommon trap: follow_up_reason=unstable_if action=reinterpret pc=0x00007f10551c8aa4 method=java.util.ArrayList.<init>(I)V @ 5
Event: 100.262 Thread 0x00007f106400a000 Uncommon trap: follow_up_reason=unstable_if action=reinterpret pc=0x00007f105520453c method=com.android.dx.rop.code.RegisterSpecSet.<init>(I)V @ 2
Event: 100.262 Thread 0x00007f106400a000 Uncommon trap: follow_up_reason=unstable_if action=reinterpret pc=0x00007f10554c1d9c method=com.android.dx.rop.code.RegisterSpecSet.<init>(I)V @ 2
Event: 101.208 Thread 0x00007f106400a000 Uncommon trap: follow_up_reason=bimorphic action=maybe_recompile pc=0x00007f1055a3aa64 method=com.android.dx.cf.code.BytecodeArray.parseInstruction(ILcom/android/dx/cf/code/BytecodeArray$Visitor;)I @ 891
Event: 101.208 Thread 0x00007f106400a000 Uncommon trap: follow_up_reason=bimorphic action=maybe_recompile pc=0x00007f1055a3aa64 method=com.android.dx.cf.code.BytecodeArray.parseInstruction(ILcom/android/dx/cf/code/BytecodeArray$Visitor;)I @ 891
Event: 101.230 Thread 0x00007f106400a000 Uncommon trap: follow_up_reason=unstable_if action=reinterpret pc=0x00007f10558e37f8 method=com.android.dx.ssa.back.IdenticalBlockCombiner.replaceSucc(Lcom/android/dx/rop/code/BasicBlock;II)V @ 30
Event: 101.276 Thread 0x00007f106400a000 Uncommon trap: follow_up_reason=unstable_if action=reinterpret pc=0x00007f10551f68c4 method=java.util.ArrayList.<init>(I)V @ 5
Event: 101.284 Thread 0x00007f106400a000 Uncommon trap: follow_up_reason=unstable_if action=reinterpret pc=0x00007f1055315758 method=com.android.dx.dex.code.OutputFinisher.hasLocalInfo(Lcom/android/dx/rop/code/RegisterSpec;)Z @ 1

Internal exceptions (9 events):
Event: 0.077 Thread 0x00007f106400a000 Exception <a 'java/lang/NoSuchMethodError': Method sun.misc.Unsafe.defineClass(Ljava/lang/String;[BII)Ljava/lang/Class; name or signature does not match> (0x00000000eab07c78) thrown at [/HUDSON3/workspace/8-2-build-linux-amd64/jdk8u102/7268/hotspot/src/sh
Event: 0.077 Thread 0x00007f106400a000 Exception <a 'java/lang/NoSuchMethodError': Method sun.misc.Unsafe.prefetchRead(Ljava/lang/Object;J)V name or signature does not match> (0x00000000eab07f60) thrown at [/HUDSON3/workspace/8-2-build-linux-amd64/jdk8u102/7268/hotspot/src/share/vm/prims/jni.c
Event: 4.847 Thread 0x00007f106400a000 Exception <a 'java/lang/ArrayIndexOutOfBoundsException': 18> (0x00000000eb9c2388) thrown at [/HUDSON3/workspace/8-2-build-linux-amd64/jdk8u102/7268/hotspot/src/share/vm/interpreter/interpreterRuntime.cpp, line 366]
Event: 4.848 Thread 0x00007f106400a000 Exception <a 'java/lang/ArrayIndexOutOfBoundsException': 145> (0x00000000eb9c3f08) thrown at [/HUDSON3/workspace/8-2-build-linux-amd64/jdk8u102/7268/hotspot/src/share/vm/interpreter/interpreterRuntime.cpp, line 366]
Event: 4.853 Thread 0x00007f106400a000 Exception <a 'java/lang/ArrayIndexOutOfBoundsException'> (0x00000000eb9c51f0) thrown at [/HUDSON3/workspace/8-2-build-linux-amd64/jdk8u102/7268/hotspot/src/share/vm/runtime/sharedRuntime.cpp, line 605]
Event: 23.633 Thread 0x00007f106400a000 Implicit null exception at 0x00007f10556fd66d to 0x00007f1055701ac1
Event: 23.634 Thread 0x00007f106400a000 Implicit null exception at 0x00007f10558785b0 to 0x00007f105587b185
Event: 37.418 Thread 0x00007f106400a000 Implicit null exception at 0x00007f10556c8e4d to 0x00007f10556c9455
Event: 101.284 Thread 0x00007f106400a000 Implicit null exception at 0x00007f1055313e05 to 0x00007f1055315739

Events (10 events):
Event: 101.230 Thread 0x00007f106400a000 DEOPT UNPACKING pc=0x00007f1055005229 sp=0x00007f106ca59ac0 mode 2
Event: 101.276 Thread 0x00007f106400a000 Uncommon trap: trap_request=0xffffff65 fr.pc=0x00007f10551f68c4
Event: 101.276 Thread 0x00007f106400a000 DEOPT PACKING pc=0x00007f10551f68c4 sp=0x00007f106ca59cd0
Event: 101.276 Thread 0x00007f106400a000 DEOPT UNPACKING pc=0x00007f1055005229 sp=0x00007f106ca59c60 mode 2
Event: 101.284 Thread 0x00007f106400a000 Uncommon trap: trap_request=0xffffff65 fr.pc=0x00007f1055315758
Event: 101.284 Thread 0x00007f106400a000 DEOPT PACKING pc=0x00007f1055315758 sp=0x00007f106ca59d30
Event: 101.284 Thread 0x00007f106400a000 DEOPT UNPACKING pc=0x00007f1055005229 sp=0x00007f106ca59ae0 mode 2
Event: 101.633 Thread 0x00007f106400a000 DEOPT PACKING pc=0x00007f105584445b sp=0x00007f106ca59c20
Event: 101.633 Thread 0x00007f106400a000 DEOPT UNPACKING pc=0x00007f1055047633 sp=0x00007f106ca59a00 mode 0
Event: 102.005 Executing VM operation: ParallelGCFailedAllocation


Dynamic libraries:
00400000-00401000 r-xp 00000000 08:08 422783                             /opt/java/jdk1.8.0_102/bin/java
00600000-00601000 rw-p 00000000 08:08 422783                             /opt/java/jdk1.8.0_102/bin/java
00b58000-00b79000 rw-p 00000000 00:00 0                                  [heap]
c0000000-d1480000 rw-p 00000000 00:00 0 
dc900000-eab00000 ---p 00000000 00:00 0 
eab00000-100000000 rw-p 00000000 00:00 0 
100000000-1000a0000 rw-p 00000000 00:00 0 
1000a0000-140000000 ---p 00000000 00:00 0 
7f101c000000-7f101c021000 rw-p 00000000 00:00 0 
7f101c021000-7f1020000000 ---p 00000000 00:00 0 
7f1020000000-7f1020021000 rw-p 00000000 00:00 0 
7f1020021000-7f1024000000 ---p 00000000 00:00 0 
7f1024000000-7f1025ce4000 rw-p 00000000 00:00 0 
7f1025ce4000-7f1028000000 ---p 00000000 00:00 0 
7f1028000000-7f102894e000 rw-p 00000000 00:00 0 
7f102894e000-7f102c000000 ---p 00000000 00:00 0 
7f102c000000-7f102c021000 rw-p 00000000 00:00 0 
7f102c021000-7f1030000000 ---p 00000000 00:00 0 
7f1030000000-7f103171a000 rw-p 00000000 00:00 0 
7f103171a000-7f1034000000 ---p 00000000 00:00 0 
7f1034000000-7f1034021000 rw-p 00000000 00:00 0 
7f1034021000-7f1038000000 ---p 00000000 00:00 0 
7f1038000000-7f1038021000 rw-p 00000000 00:00 0 
7f1038021000-7f103c000000 ---p 00000000 00:00 0 
7f103c000000-7f103c2a0000 rw-p 00000000 00:00 0 
7f103c2a0000-7f1040000000 ---p 00000000 00:00 0 
7f1040000000-7f1040021000 rw-p 00000000 00:00 0 
7f1040021000-7f1044000000 ---p 00000000 00:00 0 
7f1045651000-7f1045721000 r--s 00b09000 08:04 301917                     /media/ali/Workspace/androidProjects/opensrp-client/opensrp-mcare/build/intermediates/multi-dex/debug/allclasses.jar
7f1045721000-7f1045722000 ---p 00000000 00:00 0 
7f1045722000-7f1045822000 rw-p 00000000 00:00 0 
7f1045822000-7f1045825000 ---p 00000000 00:00 0 
7f1045825000-7f1045923000 rw-p 00000000 00:00 0 
7f1045923000-7f1045926000 ---p 00000000 00:00 0 
7f1045926000-7f1045a24000 rw-p 00000000 00:00 0 
7f1045a24000-7f1045a27000 ---p 00000000 00:00 0 
7f1045a27000-7f1045b25000 rw-p 00000000 00:00 0 
7f1045b25000-7f1045b28000 ---p 00000000 00:00 0 
7f1045b28000-7f1045c26000 rw-p 00000000 00:00 0 
7f1045c26000-7f1045c29000 ---p 00000000 00:00 0 
7f1045c29000-7f1045d27000 rw-p 00000000 00:00 0 
7f1045d27000-7f1046000000 r--p 00000000 08:08 1837656                    /usr/lib/locale/locale-archive
7f1046000000-7f1048000000 rw-p 00000000 00:00 0 
7f1048000000-7f1048021000 rw-p 00000000 00:00 0 
7f1048021000-7f104c000000 ---p 00000000 00:00 0 
7f104c000000-7f104c021000 rw-p 00000000 00:00 0 
7f104c021000-7f1050000000 ---p 00000000 00:00 0 
7f1050000000-7f1050021000 rw-p 00000000 00:00 0 
7f1050021000-7f1054000000 ---p 00000000 00:00 0 
7f105408e000-7f1054091000 ---p 00000000 00:00 0 
7f1054091000-7f105418f000 rw-p 00000000 00:00 0 
7f105418f000-7f1054192000 ---p 00000000 00:00 0 
7f1054192000-7f1054290000 rw-p 00000000 00:00 0 
7f1054290000-7f1054291000 ---p 00000000 00:00 0 
7f1054291000-7f1055000000 rw-p 00000000 00:00 0 
7f1055000000-7f1055ac0000 rwxp 00000000 00:00 0 
7f1055ac0000-7f1064000000 ---p 00000000 00:00 0 
7f1064000000-7f10643d3000 rw-p 00000000 00:00 0 
7f10643d3000-7f1068000000 ---p 00000000 00:00 0 
7f106800d000-7f106801c000 r--s 000dd000 08:08 331849                     /home/ali/Tools/Android/sdk/build-tools/21.1.2/lib/dx.jar
7f106801c000-7f1068361000 rw-p 00000000 00:00 0 
7f1068361000-7f1068539000 r--s 03d29000 08:08 675068                     /opt/java/jdk1.8.0_102/jre/lib/rt.jar
7f1068539000-7f1068c6f000 rw-p 00000000 00:00 0 
7f1068c6f000-7f1068daf000 ---p 00000000 00:00 0 
7f1068daf000-7f1068faf000 rw-p 00000000 00:00 0 
7f1068faf000-7f1068fb0000 ---p 00000000 00:00 0 
7f1068fb0000-7f10690b0000 rw-p 00000000 00:00 0 
7f10690b0000-7f10690b1000 ---p 00000000 00:00 0 
7f10690b1000-7f10691b1000 rw-p 00000000 00:00 0 
7f10691b1000-7f10691b2000 ---p 00000000 00:00 0 
7f10691b2000-7f10692b2000 rw-p 00000000 00:00 0 
7f10692b2000-7f10692b3000 ---p 00000000 00:00 0 
7f10692b3000-7f106943e000 rw-p 00000000 00:00 0 
7f106943e000-7f1069509000 ---p 00000000 00:00 0 
7f1069509000-7f1069594000 rw-p 00000000 00:00 0 
7f1069594000-7f106965e000 ---p 00000000 00:00 0 
7f106965e000-7f1069709000 rw-p 00000000 00:00 0 
7f1069709000-7f1069735000 rw-p 00000000 00:00 0 
7f1069735000-7f1069aca000 ---p 00000000 00:00 0 
7f1069aca000-7f1069ae4000 r-xp 00000000 08:08 674152                     /opt/java/jdk1.8.0_102/jre/lib/amd64/libzip.so
7f1069ae4000-7f1069ce4000 ---p 0001a000 08:08 674152                     /opt/java/jdk1.8.0_102/jre/lib/amd64/libzip.so
7f1069ce4000-7f1069ce5000 rw-p 0001a000 08:08 674152                     /opt/java/jdk1.8.0_102/jre/lib/amd64/libzip.so
7f1069ce5000-7f1069cf0000 r-xp 00000000 08:08 1320776                    /lib/x86_64-linux-gnu/libnss_files-2.23.so
7f1069cf0000-7f1069eef000 ---p 0000b000 08:08 1320776                    /lib/x86_64-linux-gnu/libnss_files-2.23.so
7f1069eef000-7f1069ef0000 r--p 0000a000 08:08 1320776                    /lib/x86_64-linux-gnu/libnss_files-2.23.so
7f1069ef0000-7f1069ef1000 rw-p 0000b000 08:08 1320776                    /lib/x86_64-linux-gnu/libnss_files-2.23.so
7f1069ef1000-7f1069ef7000 rw-p 00000000 00:00 0 
7f1069ef7000-7f1069f02000 r-xp 00000000 08:08 1320779                    /lib/x86_64-linux-gnu/libnss_nis-2.23.so
7f1069f02000-7f106a101000 ---p 0000b000 08:08 1320779                    /lib/x86_64-linux-gnu/libnss_nis-2.23.so
7f106a101000-7f106a102000 r--p 0000a000 08:08 1320779                    /lib/x86_64-linux-gnu/libnss_nis-2.23.so
7f106a102000-7f106a103000 rw-p 0000b000 08:08 1320779                    /lib/x86_64-linux-gnu/libnss_nis-2.23.so
7f106a103000-7f106a119000 r-xp 00000000 08:08 1315971                    /lib/x86_64-linux-gnu/libnsl-2.23.so
7f106a119000-7f106a318000 ---p 00016000 08:08 1315971                    /lib/x86_64-linux-gnu/libnsl-2.23.so
7f106a318000-7f106a319000 r--p 00015000 08:08 1315971                    /lib/x86_64-linux-gnu/libnsl-2.23.so
7f106a319000-7f106a31a000 rw-p 00016000 08:08 1315971                    /lib/x86_64-linux-gnu/libnsl-2.23.so
7f106a31a000-7f106a31c000 rw-p 00000000 00:00 0 
7f106a31c000-7f106a324000 r-xp 00000000 08:08 1320785                    /lib/x86_64-linux-gnu/libnss_compat-2.23.so
7f106a324000-7f106a523000 ---p 00008000 08:08 1320785                    /lib/x86_64-linux-gnu/libnss_compat-2.23.so
7f106a523000-7f106a524000 r--p 00007000 08:08 1320785                    /lib/x86_64-linux-gnu/libnss_compat-2.23.so
7f106a524000-7f106a525000 rw-p 00008000 08:08 1320785                    /lib/x86_64-linux-gnu/libnss_compat-2.23.so
7f106a525000-7f106a54f000 r-xp 00000000 08:08 675487                     /opt/java/jdk1.8.0_102/jre/lib/amd64/libjava.so
7f106a54f000-7f106a74f000 ---p 0002a000 08:08 675487                     /opt/java/jdk1.8.0_102/jre/lib/amd64/libjava.so
7f106a74f000-7f106a751000 rw-p 0002a000 08:08 675487                     /opt/java/jdk1.8.0_102/jre/lib/amd64/libjava.so
7f106a751000-7f106a75e000 r-xp 00000000 08:08 675078                     /opt/java/jdk1.8.0_102/jre/lib/amd64/libverify.so
7f106a75e000-7f106a95e000 ---p 0000d000 08:08 675078                     /opt/java/jdk1.8.0_102/jre/lib/amd64/libverify.so
7f106a95e000-7f106a960000 rw-p 0000d000 08:08 675078                     /opt/java/jdk1.8.0_102/jre/lib/amd64/libverify.so
7f106a960000-7f106a967000 r-xp 00000000 08:08 1320781                    /lib/x86_64-linux-gnu/librt-2.23.so
7f106a967000-7f106ab66000 ---p 00007000 08:08 1320781                    /lib/x86_64-linux-gnu/librt-2.23.so
7f106ab66000-7f106ab67000 r--p 00006000 08:08 1320781                    /lib/x86_64-linux-gnu/librt-2.23.so
7f106ab67000-7f106ab68000 rw-p 00007000 08:08 1320781                    /lib/x86_64-linux-gnu/librt-2.23.so
7f106ab68000-7f106ac70000 r-xp 00000000 08:08 1320790                    /lib/x86_64-linux-gnu/libm-2.23.so
7f106ac70000-7f106ae6f000 ---p 00108000 08:08 1320790                    /lib/x86_64-linux-gnu/libm-2.23.so
7f106ae6f000-7f106ae70000 r--p 00107000 08:08 1320790                    /lib/x86_64-linux-gnu/libm-2.23.so
7f106ae70000-7f106ae71000 rw-p 00108000 08:08 1320790                    /lib/x86_64-linux-gnu/libm-2.23.so
7f106ae71000-7f106bb3d000 r-xp 00000000 08:08 674994                     /opt/java/jdk1.8.0_102/jre/lib/amd64/server/libjvm.so
7f106bb3d000-7f106bd3d000 ---p 00ccc000 08:08 674994                     /opt/java/jdk1.8.0_102/jre/lib/amd64/server/libjvm.so
7f106bd3d000-7f106be16000 rw-p 00ccc000 08:08 674994                     /opt/java/jdk1.8.0_102/jre/lib/amd64/server/libjvm.so
7f106be16000-7f106be61000 rw-p 00000000 00:00 0 
7f106be61000-7f106c021000 r-xp 00000000 08:08 1320795                    /lib/x86_64-linux-gnu/libc-2.23.so
7f106c021000-7f106c221000 ---p 001c0000 08:08 1320795                    /lib/x86_64-linux-gnu/libc-2.23.so
7f106c221000-7f106c225000 r--p 001c0000 08:08 1320795                    /lib/x86_64-linux-gnu/libc-2.23.so
7f106c225000-7f106c227000 rw-p 001c4000 08:08 1320795                    /lib/x86_64-linux-gnu/libc-2.23.so
7f106c227000-7f106c22b000 rw-p 00000000 00:00 0 
7f106c22b000-7f106c22e000 r-xp 00000000 08:08 1320784                    /lib/x86_64-linux-gnu/libdl-2.23.so
7f106c22e000-7f106c42d000 ---p 00003000 08:08 1320784                    /lib/x86_64-linux-gnu/libdl-2.23.so
7f106c42d000-7f106c42e000 r--p 00002000 08:08 1320784                    /lib/x86_64-linux-gnu/libdl-2.23.so
7f106c42e000-7f106c42f000 rw-p 00003000 08:08 1320784                    /lib/x86_64-linux-gnu/libdl-2.23.so
7f106c42f000-7f106c444000 r-xp 00000000 08:08 422732                     /opt/java/jdk1.8.0_102/lib/amd64/jli/libjli.so
7f106c444000-7f106c644000 ---p 00015000 08:08 422732                     /opt/java/jdk1.8.0_102/lib/amd64/jli/libjli.so
7f106c644000-7f106c645000 rw-p 00015000 08:08 422732                     /opt/java/jdk1.8.0_102/lib/amd64/jli/libjli.so
7f106c645000-7f106c65d000 r-xp 00000000 08:08 1320778                    /lib/x86_64-linux-gnu/libpthread-2.23.so
7f106c65d000-7f106c85c000 ---p 00018000 08:08 1320778                    /lib/x86_64-linux-gnu/libpthread-2.23.so
7f106c85c000-7f106c85d000 r--p 00017000 08:08 1320778                    /lib/x86_64-linux-gnu/libpthread-2.23.so
7f106c85d000-7f106c85e000 rw-p 00018000 08:08 1320778                    /lib/x86_64-linux-gnu/libpthread-2.23.so
7f106c85e000-7f106c862000 rw-p 00000000 00:00 0 
7f106c862000-7f106c888000 r-xp 00000000 08:08 1320773                    /lib/x86_64-linux-gnu/ld-2.23.so
7f106c889000-7f106c95b000 rw-p 00000000 00:00 0 
7f106c95b000-7f106c95e000 ---p 00000000 00:00 0 
7f106c95e000-7f106ca60000 rw-p 00000000 00:00 0 
7f106ca67000-7f106ca7b000 rw-p 00000000 00:00 0 
7f106ca7b000-7f106ca83000 rw-s 00000000 08:08 290744                     /tmp/hsperfdata_ali/24528
7f106ca83000-7f106ca84000 rw-p 00000000 00:00 0 
7f106ca84000-7f106ca85000 ---p 00000000 00:00 0 
7f106ca85000-7f106ca87000 rw-p 00000000 00:00 0 
7f106ca87000-7f106ca88000 r--p 00025000 08:08 1320773                    /lib/x86_64-linux-gnu/ld-2.23.so
7f106ca88000-7f106ca89000 rw-p 00026000 08:08 1320773                    /lib/x86_64-linux-gnu/ld-2.23.so
7f106ca89000-7f106ca8a000 rw-p 00000000 00:00 0 
7ffcd1558000-7ffcd1579000 rw-p 00000000 00:00 0                          [stack]
7ffcd15e8000-7ffcd15ea000 r--p 00000000 00:00 0                          [vvar]
7ffcd15ea000-7ffcd15ec000 r-xp 00000000 00:00 0                          [vdso]
ffffffffff600000-ffffffffff601000 r-xp 00000000 00:00 0                  [vsyscall]

VM Arguments:
jvm_args: -Xmx1024M -Dfile.encoding=UTF-8 -Duser.country=US -Duser.language=en -Duser.variant 
java_command: com.android.dx.command.Main --dex --multi-dex --main-dex-list /media/ali/Workspace/androidProjects/opensrp-client/opensrp-mcare/build/intermediates/multi-dex/debug/maindexlist.txt --output /media/ali/Workspace/androidProjects/opensrp-client/opensrp-mcare/build/intermediates/dex/debug /media/ali/Workspace/androidProjects/opensrp-client/opensrp-mcare/build/intermediates/multi-dex/debug/allclasses.jar
java_class_path (initial): /home/ali/Tools/Android/sdk/build-tools/21.1.2/lib/dx.jar
Launcher Type: SUN_STANDARD

Environment Variables:
JAVA_HOME=/opt/java/jdk1.8.0_102
PATH=/home/ali/bin:/home/ali/.local/bin:/usr/local/sbin:/usr/local/bin:/usr/sbin:/usr/bin:/sbin:/bin:/usr/games:/usr/local/games:/snap/bin
LD_LIBRARY_PATH=/home/ali/Tools/Android/studio/bin:
SHELL=/bin/bash
DISPLAY=:0

Signal Handlers:
SIGSEGV: [libjvm.so+0xac5b30], sa_mask[0]=11111111011111111101111111111110, sa_flags=SA_RESTART|SA_SIGINFO
SIGBUS: [libjvm.so+0xac5b30], sa_mask[0]=11111111011111111101111111111110, sa_flags=SA_RESTART|SA_SIGINFO
SIGFPE: [libjvm.so+0x91f470], sa_mask[0]=11111111011111111101111111111110, sa_flags=SA_RESTART|SA_SIGINFO
SIGPIPE: [libjvm.so+0x91f470], sa_mask[0]=11111111011111111101111111111110, sa_flags=SA_RESTART|SA_SIGINFO
SIGXFSZ: [libjvm.so+0x91f470], sa_mask[0]=11111111011111111101111111111110, sa_flags=SA_RESTART|SA_SIGINFO
SIGILL: [libjvm.so+0x91f470], sa_mask[0]=11111111011111111101111111111110, sa_flags=SA_RESTART|SA_SIGINFO
SIGUSR1: SIG_DFL, sa_mask[0]=00000000000000000000000000000000, sa_flags=none
SIGUSR2: [libjvm.so+0x920aa0], sa_mask[0]=00100000000000000000000000000000, sa_flags=SA_RESTART|SA_SIGINFO
SIGHUP: [libjvm.so+0x921ea0], sa_mask[0]=11111111011111111101111111111110, sa_flags=SA_RESTART|SA_SIGINFO
SIGINT: [libjvm.so+0x921ea0], sa_mask[0]=11111111011111111101111111111110, sa_flags=SA_RESTART|SA_SIGINFO
SIGTERM: [libjvm.so+0x921ea0], sa_mask[0]=11111111011111111101111111111110, sa_flags=SA_RESTART|SA_SIGINFO
SIGQUIT: [libjvm.so+0x921ea0], sa_mask[0]=11111111011111111101111111111110, sa_flags=SA_RESTART|SA_SIGINFO


---------------  S Y S T E M  ---------------

OS:DISTRIB_ID=LinuxMint
DISTRIB_RELEASE=18.2
DISTRIB_CODENAME=sonya
DISTRIB_DESCRIPTION="Linux Mint 18.2 Sonya"

uname:Linux 4.10.0-32-generic #36~16.04.1-Ubuntu SMP Wed Aug 9 09:19:02 UTC 2017 x86_64
libc:glibc 2.23 NPTL 2.23 
rlimit: STACK 8192k, CORE 0k, NPROC 30731, NOFILE 1048576, AS infinity
load average:25.06 11.80 6.27

/proc/meminfo:
MemTotal:        7973888 kB
MemFree:          106532 kB
MemAvailable:      15424 kB
Buffers:             432 kB
Cached:           346008 kB
SwapCached:         3208 kB
Active:          6657768 kB
Inactive:         840864 kB
Active(anon):    6650692 kB
Inactive(anon):   833364 kB
Active(file):       7076 kB
Inactive(file):     7500 kB
Unevictable:         356 kB
Mlocked:             356 kB
SwapTotal:       1999868 kB
SwapFree:              0 kB
Dirty:                36 kB
Writeback:            36 kB
AnonPages:       7149764 kB
Mapped:           155236 kB
Shmem:            331836 kB
Slab:             187980 kB
SReclaimable:      84000 kB
SUnreclaim:       103980 kB
KernelStack:       20576 kB
PageTables:        93640 kB
NFS_Unstable:          0 kB
Bounce:                0 kB
WritebackTmp:          0 kB
CommitLimit:     5986812 kB
Committed_AS:   18724764 kB
VmallocTotal:   34359738367 kB
VmallocUsed:           0 kB
VmallocChunk:          0 kB
HardwareCorrupted:     0 kB
AnonHugePages:   1804288 kB
ShmemHugePages:        0 kB
ShmemPmdMapped:        0 kB
CmaTotal:              0 kB
CmaFree:               0 kB
HugePages_Total:       0
HugePages_Free:        0
HugePages_Rsvd:        0
HugePages_Surp:        0
Hugepagesize:       2048 kB
DirectMap4k:      767448 kB
DirectMap2M:     7419904 kB
DirectMap1G:           0 kB


CPU:total 4 (2 cores per cpu, 2 threads per core) family 6 model 78 stepping 3, cmov, cx8, fxsr, mmx, sse, sse2, sse3, ssse3, sse4.1, sse4.2, popcnt, avx, avx2, aes, clmul, erms, 3dnowpref, lzcnt, ht, tsc, tscinvbit, bmi1, bmi2, adx

/proc/cpuinfo:
processor	: 0
vendor_id	: GenuineIntel
cpu family	: 6
model		: 78
model name	: Intel(R) Core(TM) m3-6Y30 CPU @ 0.90GHz
stepping	: 3
microcode	: 0x33
cpu MHz		: 899.414
cache size	: 4096 KB
physical id	: 0
siblings	: 4
core id		: 0
cpu cores	: 2
apicid		: 0
initial apicid	: 0
fpu		: yes
fpu_exception	: yes
cpuid level	: 22
wp		: yes
flags		: fpu vme de pse tsc msr pae mce cx8 apic sep mtrr pge mca cmov pat pse36 clflush dts acpi mmx fxsr sse sse2 ss ht tm pbe syscall nx pdpe1gb rdtscp lm constant_tsc art arch_perfmon pebs bts rep_good nopl xtopology nonstop_tsc aperfmperf tsc_known_freq pni pclmulqdq dtes64 monitor ds_cpl vmx est tm2 ssse3 sdbg fma cx16 xtpr pdcm pcid sse4_1 sse4_2 x2apic movbe popcnt tsc_deadline_timer aes xsave avx f16c rdrand lahf_lm abm 3dnowprefetch epb intel_pt tpr_shadow vnmi flexpriority ept vpid fsgsbase tsc_adjust bmi1 avx2 smep bmi2 erms invpcid mpx rdseed adx smap clflushopt xsaveopt xsavec xgetbv1 xsaves dtherm ida arat pln pts hwp hwp_notify hwp_act_window hwp_epp
bugs		:
bogomips	: 3024.00
clflush size	: 64
cache_alignment	: 64
address sizes	: 39 bits physical, 48 bits virtual
power management:

processor	: 1
vendor_id	: GenuineIntel
cpu family	: 6
model		: 78
model name	: Intel(R) Core(TM) m3-6Y30 CPU @ 0.90GHz
stepping	: 3
microcode	: 0x33
cpu MHz		: 899.963
cache size	: 4096 KB
physical id	: 0
siblings	: 4
core id		: 1
cpu cores	: 2
apicid		: 2
initial apicid	: 2
fpu		: yes
fpu_exception	: yes
cpuid level	: 22
wp		: yes
flags		: fpu vme de pse tsc msr pae mce cx8 apic sep mtrr pge mca cmov pat pse36 clflush dts acpi mmx fxsr sse sse2 ss ht tm pbe syscall nx pdpe1gb rdtscp lm constant_tsc art arch_perfmon pebs bts rep_good nopl xtopology nonstop_tsc aperfmperf tsc_known_freq pni pclmulqdq dtes64 monitor ds_cpl vmx est tm2 ssse3 sdbg fma cx16 xtpr pdcm pcid sse4_1 sse4_2 x2apic movbe popcnt tsc_deadline_timer aes xsave avx f16c rdrand lahf_lm abm 3dnowprefetch epb intel_pt tpr_shadow vnmi flexpriority ept vpid fsgsbase tsc_adjust bmi1 avx2 smep bmi2 erms invpcid mpx rdseed adx smap clflushopt xsaveopt xsavec xgetbv1 xsaves dtherm ida arat pln pts hwp hwp_notify hwp_act_window hwp_epp
bugs		:
bogomips	: 3024.00
clflush size	: 64
cache_alignment	: 64
address sizes	: 39 bits physical, 48 bits virtual
power management:

processor	: 2
vendor_id	: GenuineIntel
cpu family	: 6
model		: 78
model name	: Intel(R) Core(TM) m3-6Y30 CPU @ 0.90GHz
stepping	: 3
microcode	: 0x33
cpu MHz		: 899.597
cache size	: 4096 KB
physical id	: 0
siblings	: 4
core id		: 0
cpu cores	: 2
apicid		: 1
initial apicid	: 1
fpu		: yes
fpu_exception	: yes
cpuid level	: 22
wp		: yes
flags		: fpu vme de pse tsc msr pae mce cx8 apic sep mtrr pge mca cmov pat pse36 clflush dts acpi mmx fxsr sse sse2 ss ht tm pbe syscall nx pdpe1gb rdtscp lm constant_tsc art arch_perfmon pebs bts rep_good nopl xtopology nonstop_tsc aperfmperf tsc_known_freq pni pclmulqdq dtes64 monitor ds_cpl vmx est tm2 ssse3 sdbg fma cx16 xtpr pdcm pcid sse4_1 sse4_2 x2apic movbe popcnt tsc_deadline_timer aes xsave avx f16c rdrand lahf_lm abm 3dnowprefetch epb intel_pt tpr_shadow vnmi flexpriority ept vpid fsgsbase tsc_adjust bmi1 avx2 smep bmi2 erms invpcid mpx rdseed adx smap clflushopt xsaveopt xsavec xgetbv1 xsaves dtherm ida arat pln pts hwp hwp_notify hwp_act_window hwp_epp
bugs		:
bogomips	: 3024.00
clflush size	: 64
cache_alignment	: 64
address sizes	: 39 bits physical, 48 bits virtual
power management:

processor	: 3
vendor_id	: GenuineIntel
cpu family	: 6
model		: 78
model name	: Intel(R) Core(TM) m3-6Y30 CPU @ 0.90GHz
stepping	: 3
microcode	: 0x33
cpu MHz		: 899.688
cache size	: 4096 KB
physical id	: 0
siblings	: 4
core id		: 1
cpu cores	: 2
apicid		: 3
initial apicid	: 3
fpu		: yes
fpu_exception	: yes
cpuid level	: 22
wp		: yes
flags		: fpu vme de pse tsc msr pae mce cx8 apic sep mtrr pge mca cmov pat pse36 clflush dts acpi mmx fxsr sse sse2 ss ht tm pbe syscall nx pdpe1gb rdtscp lm constant_tsc art arch_perfmon pebs bts rep_good nopl xtopology nonstop_tsc aperfmperf tsc_known_freq pni pclmulqdq dtes64 monitor ds_cpl vmx est tm2 ssse3 sdbg fma cx16 xtpr pdcm pcid sse4_1 sse4_2 x2apic movbe popcnt tsc_deadline_timer aes xsave avx f16c rdrand lahf_lm abm 3dnowprefetch epb intel_pt tpr_shadow vnmi flexpriority ept vpid fsgsbase tsc_adjust bmi1 avx2 smep bmi2 erms invpcid mpx rdseed adx smap clflushopt xsaveopt xsavec xgetbv1 xsaves dtherm ida arat pln pts hwp hwp_notify hwp_act_window hwp_epp
bugs		:
bogomips	: 3024.00
clflush size	: 64
cache_alignment	: 64
address sizes	: 39 bits physical, 48 bits virtual
power management:



Memory: 4k page, physical 7973888k(106728k free), swap 1999868k(0k free)

vm_info: Java HotSpot(TM) 64-Bit Server VM (25.102-b14) for linux-amd64 JRE (1.8.0_102-b14), built on Jun 22 2016 18:43:17 by "java_re" with gcc 4.3.0 20080428 (Red Hat 4.3.0-8)

time: Wed Sep  6 08:29:03 2017
elapsed time: 127 seconds (0d 0h 2m 7s)

