#
# There is insufficient memory for the Java Runtime Environment to continue.
# Native memory allocation (mmap) failed to map 169869312 bytes for committing reserved memory.
# Possible reasons:
#   The system is out of physical RAM or swap space
#   In 32 bit mode, the process size limit was hit
# Possible solutions:
#   Reduce memory load on the system
#   Increase physical memory or swap space
#   Check if swap backing store is full
#   Use 64 bit Java on a 64 bit OS
#   Decrease Java heap size (-Xmx/-Xms)
#   Decrease number of Java threads
#   Decrease Java thread stack sizes (-Xss)
#   Set larger code cache with -XX:ReservedCodeCacheSize=
# This output file may be truncated or incomplete.
#
#  Out of Memory Error (os_linux.cpp:2627), pid=10836, tid=0x00007fd5438f8700
#
# JRE version: Java(TM) SE Runtime Environment (8.0_102-b14) (build 1.8.0_102-b14)
# Java VM: Java HotSpot(TM) 64-Bit Server VM (25.102-b14 mixed mode linux-amd64 compressed oops)
# Failed to write core dump. Core dumps have been disabled. To enable core dumping, try "ulimit -c unlimited" before starting Java again
#

---------------  T H R E A D  ---------------

Current thread (0x00007fd55c078000):  VMThread [stack: 0x00007fd5437f8000,0x00007fd5438f9000] [id=10845]

Stack: [0x00007fd5437f8000,0x00007fd5438f9000],  sp=0x00007fd5438f7320,  free space=1020k
Native frames: (J=compiled Java code, j=interpreted, Vv=VM code, C=native code)
V  [libjvm.so+0xac52aa]  VMError::report_and_die()+0x2ba
V  [libjvm.so+0x4fc29b]  report_vm_out_of_memory(char const*, int, unsigned long, VMErrorType, char const*)+0x8b
V  [libjvm.so+0x922603]  os::Linux::commit_memory_impl(char*, unsigned long, bool)+0x103
V  [libjvm.so+0x922b59]  os::pd_commit_memory(char*, unsigned long, unsigned long, bool)+0x29
V  [libjvm.so+0x91ce5a]  os::commit_memory(char*, unsigned long, unsigned long, bool)+0x2a
V  [libjvm.so+0x9915e3]  PSVirtualSpace::expand_by(unsigned long)+0x53
V  [libjvm.so+0x9929e8]  PSYoungGen::resize_generation(unsigned long, unsigned long)+0xf8
V  [libjvm.so+0x991b42]  PSYoungGen::resize(unsigned long, unsigned long)+0x22
V  [libjvm.so+0x98ee1b]  PSScavenge::invoke_no_policy()+0xf3b
V  [libjvm.so+0x98f5a1]  PSScavenge::invoke()+0x41
V  [libjvm.so+0x9462f0]  ParallelScavengeHeap::failed_mem_allocate(unsigned long)+0x70
V  [libjvm.so+0xac6cc7]  VM_ParallelGCFailedAllocation::doit()+0x97
V  [libjvm.so+0xace7a5]  VM_Operation::evaluate()+0x55
V  [libjvm.so+0xaccb7a]  VMThread::evaluate_operation(VM_Operation*)+0xba
V  [libjvm.so+0xaccefe]  VMThread::loop()+0x1ce
V  [libjvm.so+0xacd370]  VMThread::run()+0x70
V  [libjvm.so+0x9249c8]  java_start(Thread*)+0x108

VM_Operation (0x00007fd561ff39d0): ParallelGCFailedAllocation, mode: safepoint, requested by thread 0x00007fd55c00a000


---------------  P R O C E S S  ---------------

Java Threads: ( => current thread )
  0x00007fd55c0c9000 JavaThread "Service Thread" daemon [_thread_blocked, id=10852, stack(0x00007fd542e18000,0x00007fd542f19000)]
  0x00007fd55c0be000 JavaThread "C1 CompilerThread2" daemon [_thread_blocked, id=10851, stack(0x00007fd542f19000,0x00007fd54301a000)]
  0x00007fd55c0bc000 JavaThread "C2 CompilerThread1" daemon [_thread_blocked, id=10850, stack(0x00007fd54301a000,0x00007fd54311b000)]
  0x00007fd55c0b9000 JavaThread "C2 CompilerThread0" daemon [_thread_blocked, id=10849, stack(0x00007fd54311b000,0x00007fd54321c000)]
  0x00007fd55c0b8000 JavaThread "Signal Dispatcher" daemon [_thread_blocked, id=10848, stack(0x00007fd54321c000,0x00007fd54331d000)]
  0x00007fd55c084000 JavaThread "Finalizer" daemon [_thread_blocked, id=10847, stack(0x00007fd5435f6000,0x00007fd5436f7000)]
  0x00007fd55c07f800 JavaThread "Reference Handler" daemon [_thread_blocked, id=10846, stack(0x00007fd5436f7000,0x00007fd5437f8000)]
  0x00007fd55c00a000 JavaThread "main" [_thread_blocked, id=10840, stack(0x00007fd561ef5000,0x00007fd561ff6000)]

Other Threads:
=>0x00007fd55c078000 VMThread [stack: 0x00007fd5437f8000,0x00007fd5438f9000] [id=10845]
  0x00007fd55c0cc000 WatcherThread [stack: 0x00007fd542d17000,0x00007fd542e18000] [id=10853]

VM state:at safepoint (normal execution)

VM Mutex/Monitor currently owned by a thread:  ([mutex/lock_event])
[0x00007fd55c006410] Threads_lock - owner thread: 0x00007fd55c078000
[0x00007fd55c006910] Heap_lock - owner thread: 0x00007fd55c00a000

Heap:
 PSYoungGen      total 130048K, used 5102K [0x00000000eab00000, 0x00000000f2f00000, 0x0000000100000000)
  eden space 124928K, 0% used [0x00000000eab00000,0x00000000eab00000,0x00000000f2500000)
  from space 5120K, 99% used [0x00000000f2500000,0x00000000f29fbaf8,0x00000000f2a00000)
  to   space 5120K, 0% used [0x00000000f2a00000,0x00000000f2a00000,0x00000000f2f00000)
 ParOldGen       total 83456K, used 46113K [0x00000000c0000000, 0x00000000c5180000, 0x00000000eab00000)
  object space 83456K, 55% used [0x00000000c0000000,0x00000000c2d08438,0x00000000c5180000)
 Metaspace       used 5965K, capacity 7152K, committed 7296K, reserved 1056768K
  class space    used 556K, capacity 616K, committed 640K, reserved 1048576K

Card table byte_map: [0x00007fd54b9a1000,0x00007fd54bba2000] byte_map_base: 0x00007fd54b3a1000

Marking Bits: (ParMarkBitMap*) 0x00007fd5613cdc60
 Begin Bits: [0x00007fd549548000, 0x00007fd54a548000)
 End Bits:   [0x00007fd54a548000, 0x00007fd54b548000)

Polling page: 0x00007fd56201e000

CodeCache: size=245760Kb used=7439Kb max_used=7439Kb free=238320Kb
 bounds [0x00007fd54bf62000, 0x00007fd54c6b2000, 0x00007fd55af62000]
 total_blobs=2106 nmethods=1842 adapters=178
 compilation: enabled

Compilation events (10 events):
Event: 11.970 Thread 0x00007fd55c0be000 1911       2       com.android.dx.cf.code.BaseMachine::storeResults (90 bytes)
Event: 11.972 Thread 0x00007fd55c0be000 nmethod 1911 0x00007fd54c6a5390 code [0x00007fd54c6a5560, 0x00007fd54c6a59e8]
Event: 11.984 Thread 0x00007fd55c0be000 1913       3       com.android.dx.cf.code.Merger::mergeLocals (122 bytes)
Event: 11.999 Thread 0x00007fd55c0be000 nmethod 1913 0x00007fd54c6a3390 code [0x00007fd54c6a3620, 0x00007fd54c6a4748]
Event: 11.999 Thread 0x00007fd55c0be000 1914       2       com.android.dx.cf.code.Ropper::subroutineFromRetBlock (49 bytes)
Event: 12.000 Thread 0x00007fd55c0be000 nmethod 1914 0x00007fd54c6aa290 code [0x00007fd54c6aa420, 0x00007fd54c6aa688]
Event: 12.209 Thread 0x00007fd55c0be000 1915       2       java.util.HashMap::putVal (300 bytes)
Event: 12.213 Thread 0x00007fd55c0be000 nmethod 1915 0x00007fd54c6aa890 code [0x00007fd54c6aaaa0, 0x00007fd54c6ab198]
Event: 12.218 Thread 0x00007fd55c0be000 1916 %     3       com.android.dx.cf.code.Ropper::subroutineFromRetBlock @ 8 (49 bytes)
Event: 12.224 Thread 0x00007fd55c0be000 nmethod 1916% 0x00007fd54c6ab7d0 code [0x00007fd54c6ab960, 0x00007fd54c6abd08]

GC Heap History (9 events):
Event: 3.536 GC heap before
{Heap before GC invocations=1 (full 0):
 PSYoungGen      total 36352K, used 31232K [0x00000000eab00000, 0x00000000ed380000, 0x0000000100000000)
  eden space 31232K, 100% used [0x00000000eab00000,0x00000000ec980000,0x00000000ec980000)
  from space 5120K, 0% used [0x00000000ece80000,0x00000000ece80000,0x00000000ed380000)
  to   space 5120K, 0% used [0x00000000ec980000,0x00000000ec980000,0x00000000ece80000)
 ParOldGen       total 83456K, used 0K [0x00000000c0000000, 0x00000000c5180000, 0x00000000eab00000)
  object space 83456K, 0% used [0x00000000c0000000,0x00000000c0000000,0x00000000c5180000)
 Metaspace       used 5645K, capacity 6896K, committed 7040K, reserved 1056768K
  class space    used 551K, capacity 616K, committed 640K, reserved 1048576K
Event: 3.576 GC heap after
Heap after GC invocations=1 (full 0):
 PSYoungGen      total 36352K, used 5098K [0x00000000eab00000, 0x00000000ef200000, 0x0000000100000000)
  eden space 31232K, 0% used [0x00000000eab00000,0x00000000eab00000,0x00000000ec980000)
  from space 5120K, 99% used [0x00000000ec980000,0x00000000ece7aac8,0x00000000ece80000)
  to   space 5120K, 0% used [0x00000000eed00000,0x00000000eed00000,0x00000000ef200000)
 ParOldGen       total 83456K, used 2258K [0x00000000c0000000, 0x00000000c5180000, 0x00000000eab00000)
  object space 83456K, 2% used [0x00000000c0000000,0x00000000c0234b18,0x00000000c5180000)
 Metaspace       used 5645K, capacity 6896K, committed 7040K, reserved 1056768K
  class space    used 551K, capacity 616K, committed 640K, reserved 1048576K
}
Event: 4.836 GC heap before
{Heap before GC invocations=2 (full 0):
 PSYoungGen      total 36352K, used 36330K [0x00000000eab00000, 0x00000000ef200000, 0x0000000100000000)
  eden space 31232K, 100% used [0x00000000eab00000,0x00000000ec980000,0x00000000ec980000)
  from space 5120K, 99% used [0x00000000ec980000,0x00000000ece7aac8,0x00000000ece80000)
  to   space 5120K, 0% used [0x00000000eed00000,0x00000000eed00000,0x00000000ef200000)
 ParOldGen       total 83456K, used 2258K [0x00000000c0000000, 0x00000000c5180000, 0x00000000eab00000)
  object space 83456K, 2% used [0x00000000c0000000,0x00000000c0234b18,0x00000000c5180000)
 Metaspace       used 5808K, capacity 7024K, committed 7296K, reserved 1056768K
  class space    used 553K, capacity 616K, committed 640K, reserved 1048576K
Event: 4.888 GC heap after
Heap after GC invocations=2 (full 0):
 PSYoungGen      total 67584K, used 5111K [0x00000000eab00000, 0x00000000ef200000, 0x0000000100000000)
  eden space 62464K, 0% used [0x00000000eab00000,0x00000000eab00000,0x00000000ee800000)
  from space 5120K, 99% used [0x00000000eed00000,0x00000000ef1fdc78,0x00000000ef200000)
  to   space 5120K, 0% used [0x00000000ee800000,0x00000000ee800000,0x00000000eed00000)
 ParOldGen       total 83456K, used 7363K [0x00000000c0000000, 0x00000000c5180000, 0x00000000eab00000)
  object space 83456K, 8% used [0x00000000c0000000,0x00000000c0730fc8,0x00000000c5180000)
 Metaspace       used 5808K, capacity 7024K, committed 7296K, reserved 1056768K
  class space    used 553K, capacity 616K, committed 640K, reserved 1048576K
}
Event: 6.761 GC heap before
{Heap before GC invocations=3 (full 0):
 PSYoungGen      total 67584K, used 67575K [0x00000000eab00000, 0x00000000ef200000, 0x0000000100000000)
  eden space 62464K, 100% used [0x00000000eab00000,0x00000000ee800000,0x00000000ee800000)
  from space 5120K, 99% used [0x00000000eed00000,0x00000000ef1fdc78,0x00000000ef200000)
  to   space 5120K, 0% used [0x00000000ee800000,0x00000000ee800000,0x00000000eed00000)
 ParOldGen       total 83456K, used 7363K [0x00000000c0000000, 0x00000000c5180000, 0x00000000eab00000)
  object space 83456K, 8% used [0x00000000c0000000,0x00000000c0730fc8,0x00000000c5180000)
 Metaspace       used 5863K, capacity 7088K, committed 7296K, reserved 1056768K
  class space    used 553K, capacity 616K, committed 640K, reserved 1048576K
Event: 6.844 GC heap after
Heap after GC invocations=3 (full 0):
 PSYoungGen      total 67584K, used 5089K [0x00000000eab00000, 0x00000000f2f00000, 0x0000000100000000)
  eden space 62464K, 0% used [0x00000000eab00000,0x00000000eab00000,0x00000000ee800000)
  from space 5120K, 99% used [0x00000000ee800000,0x00000000eecf84f0,0x00000000eed00000)
  to   space 5120K, 0% used [0x00000000f2a00000,0x00000000f2a00000,0x00000000f2f00000)
 ParOldGen       total 83456K, used 17211K [0x00000000c0000000, 0x00000000c5180000, 0x00000000eab00000)
  object space 83456K, 20% used [0x00000000c0000000,0x00000000c10cefd0,0x00000000c5180000)
 Metaspace       used 5863K, capacity 7088K, committed 7296K, reserved 1056768K
  class space    used 553K, capacity 616K, committed 640K, reserved 1048576K
}
Event: 8.230 GC heap before
{Heap before GC invocations=4 (full 0):
 PSYoungGen      total 67584K, used 67553K [0x00000000eab00000, 0x00000000f2f00000, 0x0000000100000000)
  eden space 62464K, 100% used [0x00000000eab00000,0x00000000ee800000,0x00000000ee800000)
  from space 5120K, 99% used [0x00000000ee800000,0x00000000eecf84f0,0x00000000eed00000)
  to   space 5120K, 0% used [0x00000000f2a00000,0x00000000f2a00000,0x00000000f2f00000)
 ParOldGen       total 83456K, used 17211K [0x00000000c0000000, 0x00000000c5180000, 0x00000000eab00000)
  object space 83456K, 20% used [0x00000000c0000000,0x00000000c10cefd0,0x00000000c5180000)
 Metaspace       used 5909K, capacity 7088K, committed 7296K, reserved 1056768K
  class space    used 553K, capacity 616K, committed 640K, reserved 1048576K
Event: 8.355 GC heap after
Heap after GC invocations=4 (full 0):
 PSYoungGen      total 130048K, used 5089K [0x00000000eab00000, 0x00000000f2f00000, 0x0000000100000000)
  eden space 124928K, 0% used [0x00000000eab00000,0x00000000eab00000,0x00000000f2500000)
  from space 5120K, 99% used [0x00000000f2a00000,0x00000000f2ef8400,0x00000000f2f00000)
  to   space 5120K, 0% used [0x00000000f2500000,0x00000000f2500000,0x00000000f2a00000)
 ParOldGen       total 83456K, used 27394K [0x00000000c0000000, 0x00000000c5180000, 0x00000000eab00000)
  object space 83456K, 32% used [0x00000000c0000000,0x00000000c1ac0a98,0x00000000c5180000)
 Metaspace       used 5909K, capacity 7088K, committed 7296K, reserved 1056768K
  class space    used 553K, capacity 616K, committed 640K, reserved 1048576K
}
Event: 12.447 GC heap before
{Heap before GC invocations=5 (full 0):
 PSYoungGen      total 130048K, used 130017K [0x00000000eab00000, 0x00000000f2f00000, 0x0000000100000000)
  eden space 124928K, 100% used [0x00000000eab00000,0x00000000f2500000,0x00000000f2500000)
  from space 5120K, 99% used [0x00000000f2a00000,0x00000000f2ef8400,0x00000000f2f00000)
  to   space 5120K, 0% used [0x00000000f2500000,0x00000000f2500000,0x00000000f2a00000)
 ParOldGen       total 83456K, used 27394K [0x00000000c0000000, 0x00000000c5180000, 0x00000000eab00000)
  object space 83456K, 32% used [0x00000000c0000000,0x00000000c1ac0a98,0x00000000c5180000)
 Metaspace       used 5965K, capacity 7152K, committed 7296K, reserved 1056768K
  class space    used 556K, capacity 616K, committed 640K, reserved 1048576K

Deoptimization events (10 events):
Event: 9.251 Thread 0x00007fd55c00a000 Uncommon trap: follow_up_reason=class_check action=maybe_recompile pc=0x00007fd54c53a534 method=java.util.HashMap.putVal(ILjava/lang/Object;Ljava/lang/Object;ZZ)Ljava/lang/Object; @ 203
Event: 9.251 Thread 0x00007fd55c00a000 Uncommon trap: follow_up_reason=bimorphic action=maybe_recompile pc=0x00007fd54c456298 method=java.util.HashMap.getNode(ILjava/lang/Object;)Ljava/util/HashMap$Node; @ 126
Event: 9.251 Thread 0x00007fd55c00a000 Uncommon trap: follow_up_reason=class_check action=maybe_recompile pc=0x00007fd54c53a534 method=java.util.HashMap.putVal(ILjava/lang/Object;Ljava/lang/Object;ZZ)Ljava/lang/Object; @ 203
Event: 11.553 Thread 0x00007fd55c00a000 Uncommon trap: follow_up_reason=bimorphic action=maybe_recompile pc=0x00007fd54c664694 method=com.android.dx.cf.code.BytecodeArray.parseInstruction(ILcom/android/dx/cf/code/BytecodeArray$Visitor;)I @ 1161
Event: 11.555 Thread 0x00007fd55c00a000 Uncommon trap: follow_up_reason=bimorphic action=maybe_recompile pc=0x00007fd54c664694 method=com.android.dx.cf.code.BytecodeArray.parseInstruction(ILcom/android/dx/cf/code/BytecodeArray$Visitor;)I @ 1161
Event: 11.639 Thread 0x00007fd55c00a000 Uncommon trap: follow_up_reason=bimorphic action=maybe_recompile pc=0x00007fd54c456298 method=java.util.HashMap.getNode(ILjava/lang/Object;)Ljava/util/HashMap$Node; @ 126
Event: 11.780 Thread 0x00007fd55c00a000 Uncommon trap: follow_up_reason=bimorphic action=maybe_recompile pc=0x00007fd54c456298 method=java.util.HashMap.getNode(ILjava/lang/Object;)Ljava/util/HashMap$Node; @ 126
Event: 11.834 Thread 0x00007fd55c00a000 Uncommon trap: follow_up_reason=unstable_if action=reinterpret pc=0x00007fd54c6a84f4 method=com.android.dx.cf.code.Merger.isPossiblyAssignableFrom(Lcom/android/dx/rop/type/TypeBearer;Lcom/android/dx/rop/type/TypeBearer;)Z @ 55
Event: 12.190 Thread 0x00007fd55c00a000 Uncommon trap: follow_up_reason=class_check action=maybe_recompile pc=0x00007fd54c53a534 method=java.util.HashMap.putVal(ILjava/lang/Object;Ljava/lang/Object;ZZ)Ljava/lang/Object; @ 203
Event: 12.203 Thread 0x00007fd55c00a000 Uncommon trap: follow_up_reason=class_check action=maybe_recompile pc=0x00007fd54c53a534 method=java.util.HashMap.putVal(ILjava/lang/Object;Ljava/lang/Object;ZZ)Ljava/lang/Object; @ 203

Internal exceptions (2 events):
Event: 0.205 Thread 0x00007fd55c00a000 Exception <a 'java/lang/NoSuchMethodError': Method sun.misc.Unsafe.defineClass(Ljava/lang/String;[BII)Ljava/lang/Class; name or signature does not match> (0x00000000eab07c78) thrown at [/HUDSON3/workspace/8-2-build-linux-amd64/jdk8u102/7268/hotspot/src/sh
Event: 0.205 Thread 0x00007fd55c00a000 Exception <a 'java/lang/NoSuchMethodError': Method sun.misc.Unsafe.prefetchRead(Ljava/lang/Object;J)V name or signature does not match> (0x00000000eab07f60) thrown at [/HUDSON3/workspace/8-2-build-linux-amd64/jdk8u102/7268/hotspot/src/share/vm/prims/jni.c

Events (10 events):
Event: 11.834 Thread 0x00007fd55c00a000 DEOPT UNPACKING pc=0x00007fd54bf67229 sp=0x00007fd561ff30d0 mode 2
Event: 11.980 Thread 0x00007fd55c00a000 DEOPT PACKING pc=0x00007fd54c4b62d0 sp=0x00007fd561ff37f0
Event: 11.980 Thread 0x00007fd55c00a000 DEOPT UNPACKING pc=0x00007fd54bfa9633 sp=0x00007fd561ff35d0 mode 0
Event: 12.190 Thread 0x00007fd55c00a000 Uncommon trap: trap_request=0xffffffde fr.pc=0x00007fd54c53a534
Event: 12.190 Thread 0x00007fd55c00a000 DEOPT PACKING pc=0x00007fd54c53a534 sp=0x00007fd561ff3ac0
Event: 12.190 Thread 0x00007fd55c00a000 DEOPT UNPACKING pc=0x00007fd54bf67229 sp=0x00007fd561ff3a68 mode 2
Event: 12.203 Thread 0x00007fd55c00a000 Uncommon trap: trap_request=0xffffffde fr.pc=0x00007fd54c53a534
Event: 12.203 Thread 0x00007fd55c00a000 DEOPT PACKING pc=0x00007fd54c53a534 sp=0x00007fd561ff3950
Event: 12.204 Thread 0x00007fd55c00a000 DEOPT UNPACKING pc=0x00007fd54bf67229 sp=0x00007fd561ff38f8 mode 2
Event: 12.446 Executing VM operation: ParallelGCFailedAllocation


Dynamic libraries:
00400000-00401000 r-xp 00000000 08:08 422783                             /opt/java/jdk1.8.0_102/bin/java
00600000-00601000 rw-p 00000000 08:08 422783                             /opt/java/jdk1.8.0_102/bin/java
02441000-02462000 rw-p 00000000 00:00 0                                  [heap]
c0000000-c5180000 rw-p 00000000 00:00 0 
c5180000-eab00000 ---p 00000000 00:00 0 
eab00000-f2f00000 rw-p 00000000 00:00 0 
fd100000-100000000 ---p 00000000 00:00 0 
100000000-1000a0000 rw-p 00000000 00:00 0 
1000a0000-140000000 ---p 00000000 00:00 0 
7fd50c000000-7fd50c021000 rw-p 00000000 00:00 0 
7fd50c021000-7fd510000000 ---p 00000000 00:00 0 
7fd514000000-7fd514673000 rw-p 00000000 00:00 0 
7fd514673000-7fd518000000 ---p 00000000 00:00 0 
7fd518000000-7fd518021000 rw-p 00000000 00:00 0 
7fd518021000-7fd51c000000 ---p 00000000 00:00 0 
7fd51c000000-7fd51ccaa000 rw-p 00000000 00:00 0 
7fd51ccaa000-7fd520000000 ---p 00000000 00:00 0 
7fd520000000-7fd520d04000 rw-p 00000000 00:00 0 
7fd520d04000-7fd524000000 ---p 00000000 00:00 0 
7fd524000000-7fd524021000 rw-p 00000000 00:00 0 
7fd524021000-7fd528000000 ---p 00000000 00:00 0 
7fd528000000-7fd528021000 rw-p 00000000 00:00 0 
7fd528021000-7fd52c000000 ---p 00000000 00:00 0 
7fd52c000000-7fd52c28f000 rw-p 00000000 00:00 0 
7fd52c28f000-7fd530000000 ---p 00000000 00:00 0 
7fd530000000-7fd530021000 rw-p 00000000 00:00 0 
7fd530021000-7fd534000000 ---p 00000000 00:00 0 
7fd534000000-7fd534021000 rw-p 00000000 00:00 0 
7fd534021000-7fd538000000 ---p 00000000 00:00 0 
7fd538000000-7fd538021000 rw-p 00000000 00:00 0 
7fd538021000-7fd53c000000 ---p 00000000 00:00 0 
7fd53c000000-7fd53c021000 rw-p 00000000 00:00 0 
7fd53c021000-7fd540000000 ---p 00000000 00:00 0 
7fd542c82000-7fd542d17000 r--s 007db000 08:04 298495                     /media/ali/Workspace/androidProjects/opensrp-client/opensrp-mcare/build/intermediates/multi-dex/debug/allclasses.jar
7fd542d17000-7fd542d18000 ---p 00000000 00:00 0 
7fd542d18000-7fd542e18000 rw-p 00000000 00:00 0 
7fd542e18000-7fd542e1b000 ---p 00000000 00:00 0 
7fd542e1b000-7fd542f19000 rw-p 00000000 00:00 0 
7fd542f19000-7fd542f1c000 ---p 00000000 00:00 0 
7fd542f1c000-7fd54301a000 rw-p 00000000 00:00 0 
7fd54301a000-7fd54301d000 ---p 00000000 00:00 0 
7fd54301d000-7fd54311b000 rw-p 00000000 00:00 0 
7fd54311b000-7fd54311e000 ---p 00000000 00:00 0 
7fd54311e000-7fd54321c000 rw-p 00000000 00:00 0 
7fd54321c000-7fd54321f000 ---p 00000000 00:00 0 
7fd54321f000-7fd54331d000 rw-p 00000000 00:00 0 
7fd54331d000-7fd5435f6000 r--p 00000000 08:08 1837656                    /usr/lib/locale/locale-archive
7fd5435f6000-7fd5435f9000 ---p 00000000 00:00 0 
7fd5435f9000-7fd5436f7000 rw-p 00000000 00:00 0 
7fd5436f7000-7fd5436fa000 ---p 00000000 00:00 0 
7fd5436fa000-7fd5437f8000 rw-p 00000000 00:00 0 
7fd5437f8000-7fd5437f9000 ---p 00000000 00:00 0 
7fd5437f9000-7fd544000000 rw-p 00000000 00:00 0 
7fd544000000-7fd544021000 rw-p 00000000 00:00 0 
7fd544021000-7fd548000000 ---p 00000000 00:00 0 
7fd54803e000-7fd54804d000 r--s 000dd000 08:08 331849                     /home/ali/Tools/Android/sdk/build-tools/21.1.2/lib/dx.jar
7fd54804d000-7fd5488fa000 rw-p 00000000 00:00 0 
7fd5488fa000-7fd548ad2000 r--s 03d29000 08:08 675068                     /opt/java/jdk1.8.0_102/jre/lib/rt.jar
7fd548ad2000-7fd5491c8000 rw-p 00000000 00:00 0 
7fd5491c8000-7fd549348000 ---p 00000000 00:00 0 
7fd549348000-7fd54b548000 rw-p 00000000 00:00 0 
7fd54b548000-7fd54b549000 ---p 00000000 00:00 0 
7fd54b549000-7fd54b649000 rw-p 00000000 00:00 0 
7fd54b649000-7fd54b64a000 ---p 00000000 00:00 0 
7fd54b64a000-7fd54b74a000 rw-p 00000000 00:00 0 
7fd54b74a000-7fd54b74b000 ---p 00000000 00:00 0 
7fd54b74b000-7fd54b874000 rw-p 00000000 00:00 0 
7fd54b874000-7fd54b9a1000 ---p 00000000 00:00 0 
7fd54b9a1000-7fd54b9ca000 rw-p 00000000 00:00 0 
7fd54b9ca000-7fd54baf6000 ---p 00000000 00:00 0 
7fd54baf6000-7fd54bb39000 rw-p 00000000 00:00 0 
7fd54bb39000-7fd54bba1000 ---p 00000000 00:00 0 
7fd54bba1000-7fd54bbc0000 rw-p 00000000 00:00 0 
7fd54bbc0000-7fd54bf62000 ---p 00000000 00:00 0 
7fd54bf62000-7fd54c6b2000 rwxp 00000000 00:00 0 
7fd54c6b2000-7fd55af62000 ---p 00000000 00:00 0 
7fd55af62000-7fd55af7c000 r-xp 00000000 08:08 674152                     /opt/java/jdk1.8.0_102/jre/lib/amd64/libzip.so
7fd55af7c000-7fd55b17c000 ---p 0001a000 08:08 674152                     /opt/java/jdk1.8.0_102/jre/lib/amd64/libzip.so
7fd55b17c000-7fd55b17d000 rw-p 0001a000 08:08 674152                     /opt/java/jdk1.8.0_102/jre/lib/amd64/libzip.so
7fd55b17d000-7fd55b188000 r-xp 00000000 08:08 1320776                    /lib/x86_64-linux-gnu/libnss_files-2.23.so
7fd55b188000-7fd55b387000 ---p 0000b000 08:08 1320776                    /lib/x86_64-linux-gnu/libnss_files-2.23.so
7fd55b387000-7fd55b388000 r--p 0000a000 08:08 1320776                    /lib/x86_64-linux-gnu/libnss_files-2.23.so
7fd55b388000-7fd55b389000 rw-p 0000b000 08:08 1320776                    /lib/x86_64-linux-gnu/libnss_files-2.23.so
7fd55b389000-7fd55b38f000 rw-p 00000000 00:00 0 
7fd55b38f000-7fd55b39a000 r-xp 00000000 08:08 1320779                    /lib/x86_64-linux-gnu/libnss_nis-2.23.so
7fd55b39a000-7fd55b599000 ---p 0000b000 08:08 1320779                    /lib/x86_64-linux-gnu/libnss_nis-2.23.so
7fd55b599000-7fd55b59a000 r--p 0000a000 08:08 1320779                    /lib/x86_64-linux-gnu/libnss_nis-2.23.so
7fd55b59a000-7fd55b59b000 rw-p 0000b000 08:08 1320779                    /lib/x86_64-linux-gnu/libnss_nis-2.23.so
7fd55b59b000-7fd55b5b1000 r-xp 00000000 08:08 1315971                    /lib/x86_64-linux-gnu/libnsl-2.23.so
7fd55b5b1000-7fd55b7b0000 ---p 00016000 08:08 1315971                    /lib/x86_64-linux-gnu/libnsl-2.23.so
7fd55b7b0000-7fd55b7b1000 r--p 00015000 08:08 1315971                    /lib/x86_64-linux-gnu/libnsl-2.23.so
7fd55b7b1000-7fd55b7b2000 rw-p 00016000 08:08 1315971                    /lib/x86_64-linux-gnu/libnsl-2.23.so
7fd55b7b2000-7fd55b7b4000 rw-p 00000000 00:00 0 
7fd55b7b4000-7fd55b7bc000 r-xp 00000000 08:08 1320785                    /lib/x86_64-linux-gnu/libnss_compat-2.23.so
7fd55b7bc000-7fd55b9bb000 ---p 00008000 08:08 1320785                    /lib/x86_64-linux-gnu/libnss_compat-2.23.so
7fd55b9bb000-7fd55b9bc000 r--p 00007000 08:08 1320785                    /lib/x86_64-linux-gnu/libnss_compat-2.23.so
7fd55b9bc000-7fd55b9bd000 rw-p 00008000 08:08 1320785                    /lib/x86_64-linux-gnu/libnss_compat-2.23.so
7fd55b9bd000-7fd55b9e7000 r-xp 00000000 08:08 675487                     /opt/java/jdk1.8.0_102/jre/lib/amd64/libjava.so
7fd55b9e7000-7fd55bbe7000 ---p 0002a000 08:08 675487                     /opt/java/jdk1.8.0_102/jre/lib/amd64/libjava.so
7fd55bbe7000-7fd55bbe9000 rw-p 0002a000 08:08 675487                     /opt/java/jdk1.8.0_102/jre/lib/amd64/libjava.so
7fd55bbe9000-7fd55bbf6000 r-xp 00000000 08:08 675078                     /opt/java/jdk1.8.0_102/jre/lib/amd64/libverify.so
7fd55bbf6000-7fd55bdf6000 ---p 0000d000 08:08 675078                     /opt/java/jdk1.8.0_102/jre/lib/amd64/libverify.so
7fd55bdf6000-7fd55bdf8000 rw-p 0000d000 08:08 675078                     /opt/java/jdk1.8.0_102/jre/lib/amd64/libverify.so
7fd55bdf8000-7fd55bdff000 r-xp 00000000 08:08 1320781                    /lib/x86_64-linux-gnu/librt-2.23.so
7fd55bdff000-7fd55bffe000 ---p 00007000 08:08 1320781                    /lib/x86_64-linux-gnu/librt-2.23.so
7fd55bffe000-7fd55bfff000 r--p 00006000 08:08 1320781                    /lib/x86_64-linux-gnu/librt-2.23.so
7fd55bfff000-7fd55c000000 rw-p 00007000 08:08 1320781                    /lib/x86_64-linux-gnu/librt-2.23.so
7fd55c000000-7fd55c3a4000 rw-p 00000000 00:00 0 
7fd55c3a4000-7fd560000000 ---p 00000000 00:00 0 
7fd560001000-7fd560002000 ---p 00000000 00:00 0 
7fd560002000-7fd560102000 rw-p 00000000 00:00 0 
7fd560102000-7fd56020a000 r-xp 00000000 08:08 1320790                    /lib/x86_64-linux-gnu/libm-2.23.so
7fd56020a000-7fd560409000 ---p 00108000 08:08 1320790                    /lib/x86_64-linux-gnu/libm-2.23.so
7fd560409000-7fd56040a000 r--p 00107000 08:08 1320790                    /lib/x86_64-linux-gnu/libm-2.23.so
7fd56040a000-7fd56040b000 rw-p 00108000 08:08 1320790                    /lib/x86_64-linux-gnu/libm-2.23.so
7fd56040b000-7fd5610d7000 r-xp 00000000 08:08 674994                     /opt/java/jdk1.8.0_102/jre/lib/amd64/server/libjvm.so
7fd5610d7000-7fd5612d7000 ---p 00ccc000 08:08 674994                     /opt/java/jdk1.8.0_102/jre/lib/amd64/server/libjvm.so
7fd5612d7000-7fd5613b0000 rw-p 00ccc000 08:08 674994                     /opt/java/jdk1.8.0_102/jre/lib/amd64/server/libjvm.so
7fd5613b0000-7fd5613fb000 rw-p 00000000 00:00 0 
7fd5613fb000-7fd5615bb000 r-xp 00000000 08:08 1320795                    /lib/x86_64-linux-gnu/libc-2.23.so
7fd5615bb000-7fd5617bb000 ---p 001c0000 08:08 1320795                    /lib/x86_64-linux-gnu/libc-2.23.so
7fd5617bb000-7fd5617bf000 r--p 001c0000 08:08 1320795                    /lib/x86_64-linux-gnu/libc-2.23.so
7fd5617bf000-7fd5617c1000 rw-p 001c4000 08:08 1320795                    /lib/x86_64-linux-gnu/libc-2.23.so
7fd5617c1000-7fd5617c5000 rw-p 00000000 00:00 0 
7fd5617c5000-7fd5617c8000 r-xp 00000000 08:08 1320784                    /lib/x86_64-linux-gnu/libdl-2.23.so
7fd5617c8000-7fd5619c7000 ---p 00003000 08:08 1320784                    /lib/x86_64-linux-gnu/libdl-2.23.so
7fd5619c7000-7fd5619c8000 r--p 00002000 08:08 1320784                    /lib/x86_64-linux-gnu/libdl-2.23.so
7fd5619c8000-7fd5619c9000 rw-p 00003000 08:08 1320784                    /lib/x86_64-linux-gnu/libdl-2.23.so
7fd5619c9000-7fd5619de000 r-xp 00000000 08:08 422732                     /opt/java/jdk1.8.0_102/lib/amd64/jli/libjli.so
7fd5619de000-7fd561bde000 ---p 00015000 08:08 422732                     /opt/java/jdk1.8.0_102/lib/amd64/jli/libjli.so
7fd561bde000-7fd561bdf000 rw-p 00015000 08:08 422732                     /opt/java/jdk1.8.0_102/lib/amd64/jli/libjli.so
7fd561bdf000-7fd561bf7000 r-xp 00000000 08:08 1320778                    /lib/x86_64-linux-gnu/libpthread-2.23.so
7fd561bf7000-7fd561df6000 ---p 00018000 08:08 1320778                    /lib/x86_64-linux-gnu/libpthread-2.23.so
7fd561df6000-7fd561df7000 r--p 00017000 08:08 1320778                    /lib/x86_64-linux-gnu/libpthread-2.23.so
7fd561df7000-7fd561df8000 rw-p 00018000 08:08 1320778                    /lib/x86_64-linux-gnu/libpthread-2.23.so
7fd561df8000-7fd561dfc000 rw-p 00000000 00:00 0 
7fd561dfc000-7fd561e22000 r-xp 00000000 08:08 1320773                    /lib/x86_64-linux-gnu/ld-2.23.so
7fd561e23000-7fd561ef5000 rw-p 00000000 00:00 0 
7fd561ef5000-7fd561ef8000 ---p 00000000 00:00 0 
7fd561ef8000-7fd561ffa000 rw-p 00000000 00:00 0 
7fd562001000-7fd562015000 rw-p 00000000 00:00 0 
7fd562015000-7fd56201d000 rw-s 00000000 08:08 283890                     /tmp/hsperfdata_ali/10836
7fd56201d000-7fd56201e000 rw-p 00000000 00:00 0 
7fd56201e000-7fd56201f000 ---p 00000000 00:00 0 
7fd56201f000-7fd562021000 rw-p 00000000 00:00 0 
7fd562021000-7fd562022000 r--p 00025000 08:08 1320773                    /lib/x86_64-linux-gnu/ld-2.23.so
7fd562022000-7fd562023000 rw-p 00026000 08:08 1320773                    /lib/x86_64-linux-gnu/ld-2.23.so
7fd562023000-7fd562024000 rw-p 00000000 00:00 0 
7ffef741c000-7ffef743d000 rw-p 00000000 00:00 0                          [stack]
7ffef74f0000-7ffef74f2000 r--p 00000000 00:00 0                          [vvar]
7ffef74f2000-7ffef74f4000 r-xp 00000000 00:00 0                          [vdso]
ffffffffff600000-ffffffffff601000 r-xp 00000000 00:00 0                  [vsyscall]

VM Arguments:
jvm_args: -Xmx1024M -Dfile.encoding=UTF-8 -Duser.country=US -Duser.language=en -Duser.variant 
java_command: com.android.dx.command.Main --dex --multi-dex --main-dex-list /media/ali/Workspace/androidProjects/opensrp-client/opensrp-mcare/build/intermediates/multi-dex/debug/maindexlist.txt --output /media/ali/Workspace/androidProjects/opensrp-client/opensrp-mcare/build/intermediates/dex/debug /media/ali/Workspace/androidProjects/opensrp-client/opensrp-mcare/build/intermediates/multi-dex/debug/allclasses.jar
java_class_path (initial): /home/ali/Tools/Android/sdk/build-tools/21.1.2/lib/dx.jar
Launcher Type: SUN_STANDARD

Environment Variables:
JAVA_HOME=/opt/java/jdk1.8.0_102
PATH=/home/ali/bin:/home/ali/.local/bin:/usr/local/sbin:/usr/local/bin:/usr/sbin:/usr/bin:/sbin:/bin:/usr/games:/usr/local/games:/snap/bin
LD_LIBRARY_PATH=/home/ali/Tools/Android/studio/bin:
SHELL=/bin/bash
DISPLAY=:0

Signal Handlers:
SIGSEGV: [libjvm.so+0xac5b30], sa_mask[0]=11111111011111111101111111111110, sa_flags=SA_RESTART|SA_SIGINFO
SIGBUS: [libjvm.so+0xac5b30], sa_mask[0]=11111111011111111101111111111110, sa_flags=SA_RESTART|SA_SIGINFO
SIGFPE: [libjvm.so+0x91f470], sa_mask[0]=11111111011111111101111111111110, sa_flags=SA_RESTART|SA_SIGINFO
SIGPIPE: [libjvm.so+0x91f470], sa_mask[0]=11111111011111111101111111111110, sa_flags=SA_RESTART|SA_SIGINFO
SIGXFSZ: [libjvm.so+0x91f470], sa_mask[0]=11111111011111111101111111111110, sa_flags=SA_RESTART|SA_SIGINFO
SIGILL: [libjvm.so+0x91f470], sa_mask[0]=11111111011111111101111111111110, sa_flags=SA_RESTART|SA_SIGINFO
SIGUSR1: SIG_DFL, sa_mask[0]=00000000000000000000000000000000, sa_flags=none
SIGUSR2: [libjvm.so+0x920aa0], sa_mask[0]=00100000000000000000000000000000, sa_flags=SA_RESTART|SA_SIGINFO
SIGHUP: [libjvm.so+0x921ea0], sa_mask[0]=11111111011111111101111111111110, sa_flags=SA_RESTART|SA_SIGINFO
SIGINT: [libjvm.so+0x921ea0], sa_mask[0]=11111111011111111101111111111110, sa_flags=SA_RESTART|SA_SIGINFO
SIGTERM: [libjvm.so+0x921ea0], sa_mask[0]=11111111011111111101111111111110, sa_flags=SA_RESTART|SA_SIGINFO
SIGQUIT: [libjvm.so+0x921ea0], sa_mask[0]=11111111011111111101111111111110, sa_flags=SA_RESTART|SA_SIGINFO


---------------  S Y S T E M  ---------------

OS:DISTRIB_ID=LinuxMint
DISTRIB_RELEASE=18.2
DISTRIB_CODENAME=sonya
DISTRIB_DESCRIPTION="Linux Mint 18.2 Sonya"

uname:Linux 4.8.0-58-generic #63~16.04.1-Ubuntu SMP Mon Jun 26 18:08:51 UTC 2017 x86_64
libc:glibc 2.23 NPTL 2.23 
rlimit: STACK 8192k, CORE 0k, NPROC 30743, NOFILE 1048576, AS infinity
load average:9.01 6.12 5.15

/proc/meminfo:
MemTotal:        7975456 kB
MemFree:          108756 kB
MemAvailable:      21460 kB
Buffers:            1328 kB
Cached:           504476 kB
SwapCached:         6316 kB
Active:          6690116 kB
Inactive:         855680 kB
Active(anon):    6667464 kB
Inactive(anon):   835280 kB
Active(file):      22652 kB
Inactive(file):    20400 kB
Unevictable:         188 kB
Mlocked:             188 kB
SwapTotal:       1999868 kB
SwapFree:             20 kB
Dirty:                 4 kB
Writeback:             0 kB
AnonPages:       7034812 kB
Mapped:           186956 kB
Shmem:            462532 kB
Slab:             136192 kB
SReclaimable:      63176 kB
SUnreclaim:        73016 kB
KernelStack:       21088 kB
PageTables:        94060 kB
NFS_Unstable:          0 kB
Bounce:                0 kB
WritebackTmp:          0 kB
CommitLimit:     5987596 kB
Committed_AS:   18695956 kB
VmallocTotal:   34359738367 kB
VmallocUsed:           0 kB
VmallocChunk:          0 kB
HardwareCorrupted:     0 kB
AnonHugePages:   2136064 kB
ShmemHugePages:        0 kB
ShmemPmdMapped:        0 kB
CmaTotal:              0 kB
CmaFree:               0 kB
HugePages_Total:       0
HugePages_Free:        0
HugePages_Rsvd:        0
HugePages_Surp:        0
Hugepagesize:       2048 kB
DirectMap4k:      335320 kB
DirectMap2M:     6803456 kB
DirectMap1G:     1048576 kB


CPU:total 4 (2 cores per cpu, 2 threads per core) family 6 model 78 stepping 3, cmov, cx8, fxsr, mmx, sse, sse2, sse3, ssse3, sse4.1, sse4.2, popcnt, avx, avx2, aes, clmul, erms, 3dnowpref, lzcnt, ht, tsc, tscinvbit, bmi1, bmi2, adx

/proc/cpuinfo:
processor	: 0
vendor_id	: GenuineIntel
cpu family	: 6
model		: 78
model name	: Intel(R) Core(TM) m3-6Y30 CPU @ 0.90GHz
stepping	: 3
microcode	: 0x33
cpu MHz		: 899.963
cache size	: 4096 KB
physical id	: 0
siblings	: 4
core id		: 0
cpu cores	: 2
apicid		: 0
initial apicid	: 0
fpu		: yes
fpu_exception	: yes
cpuid level	: 22
wp		: yes
flags		: fpu vme de pse tsc msr pae mce cx8 apic sep mtrr pge mca cmov pat pse36 clflush dts acpi mmx fxsr sse sse2 ss ht tm pbe syscall nx pdpe1gb rdtscp lm constant_tsc art arch_perfmon pebs bts rep_good nopl xtopology nonstop_tsc aperfmperf eagerfpu pni pclmulqdq dtes64 monitor ds_cpl vmx est tm2 ssse3 sdbg fma cx16 xtpr pdcm pcid sse4_1 sse4_2 x2apic movbe popcnt tsc_deadline_timer aes xsave avx f16c rdrand lahf_lm abm 3dnowprefetch epb intel_pt tpr_shadow vnmi flexpriority ept vpid fsgsbase tsc_adjust bmi1 avx2 smep bmi2 erms invpcid mpx rdseed adx smap clflushopt xsaveopt xsavec xgetbv1 xsaves dtherm ida arat pln pts hwp hwp_notify hwp_act_window hwp_epp
bugs		:
bogomips	: 3024.00
clflush size	: 64
cache_alignment	: 64
address sizes	: 39 bits physical, 48 bits virtual
power management:

processor	: 1
vendor_id	: GenuineIntel
cpu family	: 6
model		: 78
model name	: Intel(R) Core(TM) m3-6Y30 CPU @ 0.90GHz
stepping	: 3
microcode	: 0x33
cpu MHz		: 899.963
cache size	: 4096 KB
physical id	: 0
siblings	: 4
core id		: 1
cpu cores	: 2
apicid		: 2
initial apicid	: 2
fpu		: yes
fpu_exception	: yes
cpuid level	: 22
wp		: yes
flags		: fpu vme de pse tsc msr pae mce cx8 apic sep mtrr pge mca cmov pat pse36 clflush dts acpi mmx fxsr sse sse2 ss ht tm pbe syscall nx pdpe1gb rdtscp lm constant_tsc art arch_perfmon pebs bts rep_good nopl xtopology nonstop_tsc aperfmperf eagerfpu pni pclmulqdq dtes64 monitor ds_cpl vmx est tm2 ssse3 sdbg fma cx16 xtpr pdcm pcid sse4_1 sse4_2 x2apic movbe popcnt tsc_deadline_timer aes xsave avx f16c rdrand lahf_lm abm 3dnowprefetch epb intel_pt tpr_shadow vnmi flexpriority ept vpid fsgsbase tsc_adjust bmi1 avx2 smep bmi2 erms invpcid mpx rdseed adx smap clflushopt xsaveopt xsavec xgetbv1 xsaves dtherm ida arat pln pts hwp hwp_notify hwp_act_window hwp_epp
bugs		:
bogomips	: 3024.00
clflush size	: 64
cache_alignment	: 64
address sizes	: 39 bits physical, 48 bits virtual
power management:

processor	: 2
vendor_id	: GenuineIntel
cpu family	: 6
model		: 78
model name	: Intel(R) Core(TM) m3-6Y30 CPU @ 0.90GHz
stepping	: 3
microcode	: 0x33
cpu MHz		: 899.963
cache size	: 4096 KB
physical id	: 0
siblings	: 4
core id		: 0
cpu cores	: 2
apicid		: 1
initial apicid	: 1
fpu		: yes
fpu_exception	: yes
cpuid level	: 22
wp		: yes
flags		: fpu vme de pse tsc msr pae mce cx8 apic sep mtrr pge mca cmov pat pse36 clflush dts acpi mmx fxsr sse sse2 ss ht tm pbe syscall nx pdpe1gb rdtscp lm constant_tsc art arch_perfmon pebs bts rep_good nopl xtopology nonstop_tsc aperfmperf eagerfpu pni pclmulqdq dtes64 monitor ds_cpl vmx est tm2 ssse3 sdbg fma cx16 xtpr pdcm pcid sse4_1 sse4_2 x2apic movbe popcnt tsc_deadline_timer aes xsave avx f16c rdrand lahf_lm abm 3dnowprefetch epb intel_pt tpr_shadow vnmi flexpriority ept vpid fsgsbase tsc_adjust bmi1 avx2 smep bmi2 erms invpcid mpx rdseed adx smap clflushopt xsaveopt xsavec xgetbv1 xsaves dtherm ida arat pln pts hwp hwp_notify hwp_act_window hwp_epp
bugs		:
bogomips	: 3024.00
clflush size	: 64
cache_alignment	: 64
address sizes	: 39 bits physical, 48 bits virtual
power management:

processor	: 3
vendor_id	: GenuineIntel
cpu family	: 6
model		: 78
model name	: Intel(R) Core(TM) m3-6Y30 CPU @ 0.90GHz
stepping	: 3
microcode	: 0x33
cpu MHz		: 899.963
cache size	: 4096 KB
physical id	: 0
siblings	: 4
core id		: 1
cpu cores	: 2
apicid		: 3
initial apicid	: 3
fpu		: yes
fpu_exception	: yes
cpuid level	: 22
wp		: yes
flags		: fpu vme de pse tsc msr pae mce cx8 apic sep mtrr pge mca cmov pat pse36 clflush dts acpi mmx fxsr sse sse2 ss ht tm pbe syscall nx pdpe1gb rdtscp lm constant_tsc art arch_perfmon pebs bts rep_good nopl xtopology nonstop_tsc aperfmperf eagerfpu pni pclmulqdq dtes64 monitor ds_cpl vmx est tm2 ssse3 sdbg fma cx16 xtpr pdcm pcid sse4_1 sse4_2 x2apic movbe popcnt tsc_deadline_timer aes xsave avx f16c rdrand lahf_lm abm 3dnowprefetch epb intel_pt tpr_shadow vnmi flexpriority ept vpid fsgsbase tsc_adjust bmi1 avx2 smep bmi2 erms invpcid mpx rdseed adx smap clflushopt xsaveopt xsavec xgetbv1 xsaves dtherm ida arat pln pts hwp hwp_notify hwp_act_window hwp_epp
bugs		:
bogomips	: 3024.00
clflush size	: 64
cache_alignment	: 64
address sizes	: 39 bits physical, 48 bits virtual
power management:



Memory: 4k page, physical 7975456k(108136k free), swap 1999868k(200k free)

vm_info: Java HotSpot(TM) 64-Bit Server VM (25.102-b14) for linux-amd64 JRE (1.8.0_102-b14), built on Jun 22 2016 18:43:17 by "java_re" with gcc 4.3.0 20080428 (Red Hat 4.3.0-8)

time: Tue Aug  1 13:37:17 2017
elapsed time: 12 seconds (0d 0h 0m 12s)

