#
# There is insufficient memory for the Java Runtime Environment to continue.
# Native memory allocation (mmap) failed to map 144179200 bytes for committing reserved memory.
# Possible reasons:
#   The system is out of physical RAM or swap space
#   In 32 bit mode, the process size limit was hit
# Possible solutions:
#   Reduce memory load on the system
#   Increase physical memory or swap space
#   Check if swap backing store is full
#   Use 64 bit Java on a 64 bit OS
#   Decrease Java heap size (-Xmx/-Xms)
#   Decrease number of Java threads
#   Decrease Java thread stack sizes (-Xss)
#   Set larger code cache with -XX:ReservedCodeCacheSize=
# This output file may be truncated or incomplete.
#
#  Out of Memory Error (os_linux.cpp:2627), pid=11206, tid=0x00007f537c8d7700
#
# JRE version: Java(TM) SE Runtime Environment (8.0_102-b14) (build 1.8.0_102-b14)
# Java VM: Java HotSpot(TM) 64-Bit Server VM (25.102-b14 mixed mode linux-amd64 compressed oops)
# Failed to write core dump. Core dumps have been disabled. To enable core dumping, try "ulimit -c unlimited" before starting Java again
#

---------------  T H R E A D  ---------------

Current thread (0x00007f538c078000):  VMThread [stack: 0x00007f537c7d7000,0x00007f537c8d8000] [id=11216]

Stack: [0x00007f537c7d7000,0x00007f537c8d8000],  sp=0x00007f537c8d62a0,  free space=1020k
Native frames: (J=compiled Java code, j=interpreted, Vv=VM code, C=native code)
V  [libjvm.so+0xac52aa]  VMError::report_and_die()+0x2ba
V  [libjvm.so+0x4fc29b]  report_vm_out_of_memory(char const*, int, unsigned long, VMErrorType, char const*)+0x8b
V  [libjvm.so+0x922603]  os::Linux::commit_memory_impl(char*, unsigned long, bool)+0x103
V  [libjvm.so+0x922b59]  os::pd_commit_memory(char*, unsigned long, unsigned long, bool)+0x29
V  [libjvm.so+0x91ce5a]  os::commit_memory(char*, unsigned long, unsigned long, bool)+0x2a
V  [libjvm.so+0x9915e3]  PSVirtualSpace::expand_by(unsigned long)+0x53
V  [libjvm.so+0x981ea0]  PSOldGen::expand(unsigned long)+0x170
V  [libjvm.so+0x9820ab]  PSOldGen::resize(unsigned long)+0x1cb
V  [libjvm.so+0x989db1]  PSParallelCompact::invoke_no_policy(bool)+0x991
V  [libjvm.so+0x98f70d]  PSScavenge::invoke()+0x1ad
V  [libjvm.so+0x9462f0]  ParallelScavengeHeap::failed_mem_allocate(unsigned long)+0x70
V  [libjvm.so+0xac6cc7]  VM_ParallelGCFailedAllocation::doit()+0x97
V  [libjvm.so+0xace7a5]  VM_Operation::evaluate()+0x55
V  [libjvm.so+0xaccb7a]  VMThread::evaluate_operation(VM_Operation*)+0xba
V  [libjvm.so+0xaccefe]  VMThread::loop()+0x1ce
V  [libjvm.so+0xacd370]  VMThread::run()+0x70
V  [libjvm.so+0x9249c8]  java_start(Thread*)+0x108

VM_Operation (0x00007f5394f93a10): ParallelGCFailedAllocation, mode: safepoint, requested by thread 0x00007f538c00a000


---------------  P R O C E S S  ---------------

Java Threads: ( => current thread )
  0x00007f538c0cb000 JavaThread "Service Thread" daemon [_thread_blocked, id=11223, stack(0x00007f5375cfd000,0x00007f5375dfe000)]
  0x00007f538c0be000 JavaThread "C1 CompilerThread2" daemon [_thread_blocked, id=11222, stack(0x00007f5375dfe000,0x00007f5375eff000)]
  0x00007f538c0bc000 JavaThread "C2 CompilerThread1" daemon [_thread_blocked, id=11221, stack(0x00007f5375eff000,0x00007f5376000000)]
  0x00007f538c0b9000 JavaThread "C2 CompilerThread0" daemon [_thread_blocked, id=11220, stack(0x00007f537c0fa000,0x00007f537c1fb000)]
  0x00007f538c0b8000 JavaThread "Signal Dispatcher" daemon [_thread_blocked, id=11219, stack(0x00007f537c1fb000,0x00007f537c2fc000)]
  0x00007f538c084000 JavaThread "Finalizer" daemon [_thread_blocked, id=11218, stack(0x00007f537c5d5000,0x00007f537c6d6000)]
  0x00007f538c07f800 JavaThread "Reference Handler" daemon [_thread_blocked, id=11217, stack(0x00007f537c6d6000,0x00007f537c7d7000)]
  0x00007f538c00a000 JavaThread "main" [_thread_blocked, id=11211, stack(0x00007f5394e95000,0x00007f5394f96000)]

Other Threads:
=>0x00007f538c078000 VMThread [stack: 0x00007f537c7d7000,0x00007f537c8d8000] [id=11216]
  0x00007f538c0ce000 WatcherThread [stack: 0x00007f5375bfc000,0x00007f5375cfd000] [id=11224]

VM state:at safepoint (normal execution)

VM Mutex/Monitor currently owned by a thread:  ([mutex/lock_event])
[0x00007f538c005d90] ExpandHeap_lock - owner thread: 0x00007f538c078000
[0x00007f538c006410] Threads_lock - owner thread: 0x00007f538c078000
[0x00007f538c006910] Heap_lock - owner thread: 0x00007f538c00a000

Heap:
 PSYoungGen      total 267776K, used 15882K [0x00000000eab00000, 0x0000000100000000, 0x0000000100000000)
  eden space 207872K, 0% used [0x00000000eab00000,0x00000000eab00000,0x00000000f7600000)
  from space 59904K, 26% used [0x00000000fc580000,0x00000000fd502888,0x0000000100000000)
  to   space 70656K, 0% used [0x00000000f7600000,0x00000000f7600000,0x00000000fbb00000)
 ParOldGen       total 246272K, used 245894K [0x00000000c0000000, 0x00000000cf080000, 0x00000000eab00000)
  object space 246272K, 99% used [0x00000000c0000000,0x00000000cf0218d0,0x00000000cf080000)
 Metaspace       used 6203K, capacity 7216K, committed 7296K, reserved 1056768K
  class space    used 580K, capacity 616K, committed 640K, reserved 1048576K

Card table byte_map: [0x00007f5391a43000,0x00007f5391c44000] byte_map_base: 0x00007f5391443000

Marking Bits: (ParMarkBitMap*) 0x00007f539436dc60
 Begin Bits: [0x00007f5376000000, 0x00007f5377000000)
 End Bits:   [0x00007f5377000000, 0x00007f5378000000)

Polling page: 0x00007f5394fbe000

CodeCache: size=245760Kb used=10855Kb max_used=10866Kb free=234904Kb
 bounds [0x00007f537d000000, 0x00007f537dac0000, 0x00007f538c000000]
 total_blobs=2430 nmethods=2165 adapters=178
 compilation: enabled

Compilation events (10 events):
Event: 183.208 Thread 0x00007f538c0bc000 nmethod 1766 0x00007f537daa1a90 code [0x00007f537daa24a0, 0x00007f537daaaf08]
Event: 183.208 Thread 0x00007f538c0bc000 2388   !   4       com.android.dx.cf.code.RopperMachine::run (1550 bytes)
Event: 183.248 Thread 0x00007f538c0be000 2395       1       com.android.dx.rop.cst.CstLiteral32::getLongBits (6 bytes)
Event: 183.248 Thread 0x00007f538c0be000 nmethod 2395 0x00007f537da66d50 code [0x00007f537da66ea0, 0x00007f537da66fb0]
Event: 183.352 Thread 0x00007f538c0be000 2396       2       java.util.HashMap$TreeNode::treeify (221 bytes)
Event: 183.353 Thread 0x00007f538c0be000 nmethod 2396 0x00007f537d121050 code [0x00007f537d121200, 0x00007f537d121768]
Event: 183.353 Thread 0x00007f538c0be000 2397       2       java.util.HashMap$TreeNode::rotateRight (91 bytes)
Event: 183.354 Thread 0x00007f538c0be000 nmethod 2397 0x00007f537da44a90 code [0x00007f537da44c00, 0x00007f537da44e50]
Event: 183.376 Thread 0x00007f538c0be000 2398       3       com.android.dx.ssa.SCCP::simulateBranch (666 bytes)
Event: 183.385 Thread 0x00007f538c0be000 nmethod 2398 0x00007f537da9bed0 code [0x00007f537da9c380, 0x00007f537da9fe58]

GC Heap History (10 events):
Event: 174.939 GC heap after
Heap after GC invocations=12 (full 1):
 PSYoungGen      total 289792K, used 32484K [0x00000000eab00000, 0x0000000100000000, 0x0000000100000000)
  eden space 230400K, 0% used [0x00000000eab00000,0x00000000eab00000,0x00000000f8c00000)
  from space 59392K, 54% used [0x00000000f8c00000,0x00000000fabb9048,0x00000000fc600000)
  to   space 58880K, 0% used [0x00000000fc680000,0x00000000fc680000,0x0000000100000000)
 ParOldGen       total 148480K, used 148431K [0x00000000c0000000, 0x00000000c9100000, 0x00000000eab00000)
  object space 148480K, 99% used [0x00000000c0000000,0x00000000c90f3ec8,0x00000000c9100000)
 Metaspace       used 6169K, capacity 7216K, committed 7296K, reserved 1056768K
  class space    used 579K, capacity 616K, committed 640K, reserved 1048576K
}
Event: 174.939 GC heap before
{Heap before GC invocations=13 (full 2):
 PSYoungGen      total 289792K, used 32484K [0x00000000eab00000, 0x0000000100000000, 0x0000000100000000)
  eden space 230400K, 0% used [0x00000000eab00000,0x00000000eab00000,0x00000000f8c00000)
  from space 59392K, 54% used [0x00000000f8c00000,0x00000000fabb9048,0x00000000fc600000)
  to   space 58880K, 0% used [0x00000000fc680000,0x00000000fc680000,0x0000000100000000)
 ParOldGen       total 148480K, used 148431K [0x00000000c0000000, 0x00000000c9100000, 0x00000000eab00000)
  object space 148480K, 99% used [0x00000000c0000000,0x00000000c90f3ec8,0x00000000c9100000)
 Metaspace       used 6169K, capacity 7216K, committed 7296K, reserved 1056768K
  class space    used 579K, capacity 616K, committed 640K, reserved 1048576K
Event: 176.966 GC heap after
Heap after GC invocations=13 (full 2):
 PSYoungGen      total 289792K, used 28153K [0x00000000eab00000, 0x0000000100000000, 0x0000000100000000)
  eden space 230400K, 0% used [0x00000000eab00000,0x00000000eab00000,0x00000000f8c00000)
  from space 59392K, 47% used [0x00000000f8c00000,0x00000000fa77e6c8,0x00000000fc600000)
  to   space 58880K, 0% used [0x00000000fc680000,0x00000000fc680000,0x0000000100000000)
 ParOldGen       total 246272K, used 147995K [0x00000000c0000000, 0x00000000cf080000, 0x00000000eab00000)
  object space 246272K, 60% used [0x00000000c0000000,0x00000000c9086d88,0x00000000cf080000)
 Metaspace       used 6169K, capacity 7216K, committed 7296K, reserved 1056768K
  class space    used 579K, capacity 616K, committed 640K, reserved 1048576K
}
Event: 178.666 GC heap before
{Heap before GC invocations=14 (full 2):
 PSYoungGen      total 289792K, used 258553K [0x00000000eab00000, 0x0000000100000000, 0x0000000100000000)
  eden space 230400K, 100% used [0x00000000eab00000,0x00000000f8c00000,0x00000000f8c00000)
  from space 59392K, 47% used [0x00000000f8c00000,0x00000000fa77e6c8,0x00000000fc600000)
  to   space 58880K, 0% used [0x00000000fc680000,0x00000000fc680000,0x0000000100000000)
 ParOldGen       total 246272K, used 147995K [0x00000000c0000000, 0x00000000cf080000, 0x00000000eab00000)
  object space 246272K, 60% used [0x00000000c0000000,0x00000000c9086d88,0x00000000cf080000)
 Metaspace       used 6175K, capacity 7216K, committed 7296K, reserved 1056768K
  class space    used 580K, capacity 616K, committed 640K, reserved 1048576K
Event: 178.951 GC heap after
Heap after GC invocations=14 (full 2):
 PSYoungGen      total 288256K, used 37955K [0x00000000eab00000, 0x0000000100000000, 0x0000000100000000)
  eden space 229376K, 0% used [0x00000000eab00000,0x00000000eab00000,0x00000000f8b00000)
  from space 58880K, 64% used [0x00000000fc680000,0x00000000feb90c98,0x0000000100000000)
  to   space 59904K, 0% used [0x00000000f8b00000,0x00000000f8b00000,0x00000000fc580000)
 ParOldGen       total 246272K, used 175060K [0x00000000c0000000, 0x00000000cf080000, 0x00000000eab00000)
  object space 246272K, 71% used [0x00000000c0000000,0x00000000caaf5020,0x00000000cf080000)
 Metaspace       used 6175K, capacity 7216K, committed 7296K, reserved 1056768K
  class space    used 580K, capacity 616K, committed 640K, reserved 1048576K
}
Event: 180.989 GC heap before
{Heap before GC invocations=15 (full 2):
 PSYoungGen      total 288256K, used 267331K [0x00000000eab00000, 0x0000000100000000, 0x0000000100000000)
  eden space 229376K, 100% used [0x00000000eab00000,0x00000000f8b00000,0x00000000f8b00000)
  from space 58880K, 64% used [0x00000000fc680000,0x00000000feb90c98,0x0000000100000000)
  to   space 59904K, 0% used [0x00000000f8b00000,0x00000000f8b00000,0x00000000fc580000)
 ParOldGen       total 246272K, used 175060K [0x00000000c0000000, 0x00000000cf080000, 0x00000000eab00000)
  object space 246272K, 71% used [0x00000000c0000000,0x00000000caaf5020,0x00000000cf080000)
 Metaspace       used 6192K, capacity 7216K, committed 7296K, reserved 1056768K
  class space    used 580K, capacity 616K, committed 640K, reserved 1048576K
Event: 181.200 GC heap after
Heap after GC invocations=15 (full 2):
 PSYoungGen      total 289280K, used 59881K [0x00000000eab00000, 0x0000000100000000, 0x0000000100000000)
  eden space 229376K, 0% used [0x00000000eab00000,0x00000000eab00000,0x00000000f8b00000)
  from space 59904K, 99% used [0x00000000f8b00000,0x00000000fc57a680,0x00000000fc580000)
  to   space 59904K, 0% used [0x00000000fc580000,0x00000000fc580000,0x0000000100000000)
 ParOldGen       total 246272K, used 185929K [0x00000000c0000000, 0x00000000cf080000, 0x00000000eab00000)
  object space 246272K, 75% used [0x00000000c0000000,0x00000000cb592628,0x00000000cf080000)
 Metaspace       used 6192K, capacity 7216K, committed 7296K, reserved 1056768K
  class space    used 580K, capacity 616K, committed 640K, reserved 1048576K
}
Event: 183.424 GC heap before
{Heap before GC invocations=16 (full 2):
 PSYoungGen      total 289280K, used 289257K [0x00000000eab00000, 0x0000000100000000, 0x0000000100000000)
  eden space 229376K, 100% used [0x00000000eab00000,0x00000000f8b00000,0x00000000f8b00000)
  from space 59904K, 99% used [0x00000000f8b00000,0x00000000fc57a680,0x00000000fc580000)
  to   space 59904K, 0% used [0x00000000fc580000,0x00000000fc580000,0x0000000100000000)
 ParOldGen       total 246272K, used 185929K [0x00000000c0000000, 0x00000000cf080000, 0x00000000eab00000)
  object space 246272K, 75% used [0x00000000c0000000,0x00000000cb592628,0x00000000cf080000)
 Metaspace       used 6203K, capacity 7216K, committed 7296K, reserved 1056768K
  class space    used 580K, capacity 616K, committed 640K, reserved 1048576K
Event: 183.734 GC heap after
Heap after GC invocations=16 (full 2):
 PSYoungGen      total 267776K, used 19102K [0x00000000eab00000, 0x0000000100000000, 0x0000000100000000)
  eden space 207872K, 0% used [0x00000000eab00000,0x00000000eab00000,0x00000000f7600000)
  from space 59904K, 31% used [0x00000000fc580000,0x00000000fd827ba0,0x0000000100000000)
  to   space 70656K, 0% used [0x00000000f7600000,0x00000000f7600000,0x00000000fbb00000)
 ParOldGen       total 246272K, used 246052K [0x00000000c0000000, 0x00000000cf080000, 0x00000000eab00000)
  object space 246272K, 99% used [0x00000000c0000000,0x00000000cf049018,0x00000000cf080000)
 Metaspace       used 6203K, capacity 7216K, committed 7296K, reserved 1056768K
  class space    used 580K, capacity 616K, committed 640K, reserved 1048576K
}
Event: 183.739 GC heap before
{Heap before GC invocations=17 (full 3):
 PSYoungGen      total 267776K, used 19102K [0x00000000eab00000, 0x0000000100000000, 0x0000000100000000)
  eden space 207872K, 0% used [0x00000000eab00000,0x00000000eab00000,0x00000000f7600000)
  from space 59904K, 31% used [0x00000000fc580000,0x00000000fd827ba0,0x0000000100000000)
  to   space 70656K, 0% used [0x00000000f7600000,0x00000000f7600000,0x00000000fbb00000)
 ParOldGen       total 246272K, used 246052K [0x00000000c0000000, 0x00000000cf080000, 0x00000000eab00000)
  object space 246272K, 99% used [0x00000000c0000000,0x00000000cf049018,0x00000000cf080000)
 Metaspace       used 6203K, capacity 7216K, committed 7296K, reserved 1056768K
  class space    used 580K, capacity 616K, committed 640K, reserved 1048576K

Deoptimization events (10 events):
Event: 174.348 Thread 0x00007f538c00a000 Uncommon trap: follow_up_reason=unstable_if action=reinterpret pc=0x00007f537d510960 method=com.android.dx.rop.code.RegisterSpecSet.<init>(I)V @ 2
Event: 177.844 Thread 0x00007f538c00a000 Uncommon trap: follow_up_reason=unstable_if action=reinterpret pc=0x00007f537d85123c method=java.util.HashMap.putVal(ILjava/lang/Object;Ljava/lang/Object;ZZ)Ljava/lang/Object; @ 109
Event: 179.464 Thread 0x00007f538c00a000 Uncommon trap: follow_up_reason=unstable_if action=reinterpret pc=0x00007f537d6d994c method=com.android.dx.rop.code.LocalItem.compareHandlesNulls(Lcom/android/dx/rop/cst/CstString;Lcom/android/dx/rop/cst/CstString;)I @ 14
Event: 180.757 Thread 0x00007f538c00a000 Uncommon trap: follow_up_reason=bimorphic action=maybe_recompile pc=0x00007f537d832628 method=com.android.dx.ssa.LiteralOpUpgrader.tryReplacingWithConstant(Lcom/android/dx/ssa/NormalSsaInsn;)Z @ 62
Event: 180.779 Thread 0x00007f538c00a000 Uncommon trap: follow_up_reason=bimorphic action=maybe_recompile pc=0x00007f537d832628 method=com.android.dx.ssa.LiteralOpUpgrader.tryReplacingWithConstant(Lcom/android/dx/ssa/NormalSsaInsn;)Z @ 62
Event: 181.446 Thread 0x00007f538c00a000 Uncommon trap: follow_up_reason=null_check action=make_not_entrant pc=0x00007f537da58998 method=com.android.dx.cf.code.Ropper$CatchInfo.getSetup(Lcom/android/dx/rop/type/Type;)Lcom/android/dx/cf/code/Ropper$ExceptionHandlerSetup; @ 10
Event: 182.021 Thread 0x00007f538c00a000 Uncommon trap: follow_up_reason=unstable_if action=reinterpret pc=0x00007f537d960d80 method=java.util.BitSet.nextClearBit(I)I @ 70
Event: 182.024 Thread 0x00007f538c00a000 Uncommon trap: follow_up_reason=unstable_if action=reinterpret pc=0x00007f537d9e9034 method=java.util.BitSet.nextClearBit(I)I @ 70
Event: 183.040 Thread 0x00007f538c00a000 Uncommon trap: follow_up_reason=unstable_if action=reinterpret pc=0x00007f537d926f48 method=java.util.HashMap.putVal(ILjava/lang/Object;Ljava/lang/Object;ZZ)Ljava/lang/Object; @ 109
Event: 183.376 Thread 0x00007f538c00a000 Uncommon trap: follow_up_reason=unstable_if action=reinterpret pc=0x00007f537d79d64c method=com.android.dx.ssa.SCCP.simulateBranch(Lcom/android/dx/ssa/SsaInsn;)V @ 548

Internal exceptions (9 events):
Event: 0.180 Thread 0x00007f538c00a000 Exception <a 'java/lang/NoSuchMethodError': Method sun.misc.Unsafe.defineClass(Ljava/lang/String;[BII)Ljava/lang/Class; name or signature does not match> (0x00000000eab07c78) thrown at [/HUDSON3/workspace/8-2-build-linux-amd64/jdk8u102/7268/hotspot/src/sh
Event: 0.180 Thread 0x00007f538c00a000 Exception <a 'java/lang/NoSuchMethodError': Method sun.misc.Unsafe.prefetchRead(Ljava/lang/Object;J)V name or signature does not match> (0x00000000eab07f60) thrown at [/HUDSON3/workspace/8-2-build-linux-amd64/jdk8u102/7268/hotspot/src/share/vm/prims/jni.c
Event: 5.946 Thread 0x00007f538c00a000 Implicit null exception at 0x00007f537d56b122 to 0x00007f537d56b21b
Event: 49.455 Thread 0x00007f538c00a000 Exception <a 'java/lang/ArrayIndexOutOfBoundsException': 18> (0x00000000f07544f8) thrown at [/HUDSON3/workspace/8-2-build-linux-amd64/jdk8u102/7268/hotspot/src/share/vm/interpreter/interpreterRuntime.cpp, line 366]
Event: 53.373 Thread 0x00007f538c00a000 Exception <a 'java/lang/ArrayIndexOutOfBoundsException': 145> (0x00000000f0756078) thrown at [/HUDSON3/workspace/8-2-build-linux-amd64/jdk8u102/7268/hotspot/src/share/vm/interpreter/interpreterRuntime.cpp, line 366]
Event: 60.013 Thread 0x00007f538c00a000 Exception <a 'java/lang/ArrayIndexOutOfBoundsException'> (0x00000000f0757360) thrown at [/HUDSON3/workspace/8-2-build-linux-amd64/jdk8u102/7268/hotspot/src/share/vm/runtime/sharedRuntime.cpp, line 605]
Event: 167.202 Thread 0x00007f538c00a000 Implicit null exception at 0x00007f537d6b29db to 0x00007f537d6b5529
Event: 179.464 Thread 0x00007f538c00a000 Implicit null exception at 0x00007f537d6d81f9 to 0x00007f537d6d991d
Event: 181.446 Thread 0x00007f538c00a000 Implicit null exception at 0x00007f537da531d4 to 0x00007f537da58965

Events (10 events):
Event: 182.024 Thread 0x00007f538c00a000 DEOPT UNPACKING pc=0x00007f537d005229 sp=0x00007f5394f939f0 mode 2
Event: 183.040 Thread 0x00007f538c00a000 Uncommon trap: trap_request=0xffffff65 fr.pc=0x00007f537d926f48
Event: 183.041 Thread 0x00007f538c00a000 DEOPT PACKING pc=0x00007f537d926f48 sp=0x00007f5394f93be0
Event: 183.041 Thread 0x00007f538c00a000 DEOPT UNPACKING pc=0x00007f537d005229 sp=0x00007f5394f93908 mode 2
Event: 183.183 Thread 0x00007f538c00a000 DEOPT PACKING pc=0x00007f537da81cb4 sp=0x00007f5394f93b50
Event: 183.183 Thread 0x00007f538c00a000 DEOPT UNPACKING pc=0x00007f537d047633 sp=0x00007f5394f93900 mode 0
Event: 183.376 Thread 0x00007f538c00a000 Uncommon trap: trap_request=0xffffff65 fr.pc=0x00007f537d79d64c
Event: 183.376 Thread 0x00007f538c00a000 DEOPT PACKING pc=0x00007f537d79d64c sp=0x00007f5394f939f0
Event: 183.376 Thread 0x00007f538c00a000 DEOPT UNPACKING pc=0x00007f537d005229 sp=0x00007f5394f93a08 mode 2
Event: 183.422 Executing VM operation: ParallelGCFailedAllocation


Dynamic libraries:
00400000-00401000 r-xp 00000000 08:08 422783                             /opt/java/jdk1.8.0_102/bin/java
00600000-00601000 rw-p 00000000 08:08 422783                             /opt/java/jdk1.8.0_102/bin/java
009f7000-00a18000 rw-p 00000000 00:00 0                                  [heap]
c0000000-cf080000 rw-p 00000000 00:00 0 
d7a00000-eab00000 ---p 00000000 00:00 0 
eab00000-100000000 rw-p 00000000 00:00 0 
100000000-1000a0000 rw-p 00000000 00:00 0 
1000a0000-140000000 ---p 00000000 00:00 0 
7f5340000000-7f5340021000 rw-p 00000000 00:00 0 
7f5340021000-7f5344000000 ---p 00000000 00:00 0 
7f5344000000-7f5344021000 rw-p 00000000 00:00 0 
7f5344021000-7f5348000000 ---p 00000000 00:00 0 
7f5348000000-7f534968c000 rw-p 00000000 00:00 0 
7f534968c000-7f534c000000 ---p 00000000 00:00 0 
7f534c000000-7f534c8e3000 rw-p 00000000 00:00 0 
7f534c8e3000-7f5350000000 ---p 00000000 00:00 0 
7f5350000000-7f5350021000 rw-p 00000000 00:00 0 
7f5350021000-7f5354000000 ---p 00000000 00:00 0 
7f5354000000-7f5355420000 rw-p 00000000 00:00 0 
7f5355420000-7f5358000000 ---p 00000000 00:00 0 
7f5358000000-7f5358021000 rw-p 00000000 00:00 0 
7f5358021000-7f535c000000 ---p 00000000 00:00 0 
7f535c000000-7f535c021000 rw-p 00000000 00:00 0 
7f535c021000-7f5360000000 ---p 00000000 00:00 0 
7f5360000000-7f5360021000 rw-p 00000000 00:00 0 
7f5360021000-7f5364000000 ---p 00000000 00:00 0 
7f5364000000-7f5364298000 rw-p 00000000 00:00 0 
7f5364298000-7f5368000000 ---p 00000000 00:00 0 
7f5368000000-7f5368021000 rw-p 00000000 00:00 0 
7f5368021000-7f536c000000 ---p 00000000 00:00 0 
7f5370000000-7f5370021000 rw-p 00000000 00:00 0 
7f5370021000-7f5374000000 ---p 00000000 00:00 0 
7f5375bfc000-7f5375bfd000 ---p 00000000 00:00 0 
7f5375bfd000-7f5375cfd000 rw-p 00000000 00:00 0 
7f5375cfd000-7f5375d00000 ---p 00000000 00:00 0 
7f5375d00000-7f5375dfe000 rw-p 00000000 00:00 0 
7f5375dfe000-7f5375e01000 ---p 00000000 00:00 0 
7f5375e01000-7f5375eff000 rw-p 00000000 00:00 0 
7f5375eff000-7f5375f02000 ---p 00000000 00:00 0 
7f5375f02000-7f5378000000 rw-p 00000000 00:00 0 
7f5378000000-7f5378021000 rw-p 00000000 00:00 0 
7f5378021000-7f537c000000 ---p 00000000 00:00 0 
7f537c065000-7f537c0fa000 r--s 007db000 08:04 298495                     /media/ali/Workspace/androidProjects/opensrp-client/opensrp-mcare/build/intermediates/multi-dex/debug/allclasses.jar
7f537c0fa000-7f537c0fd000 ---p 00000000 00:00 0 
7f537c0fd000-7f537c1fb000 rw-p 00000000 00:00 0 
7f537c1fb000-7f537c1fe000 ---p 00000000 00:00 0 
7f537c1fe000-7f537c2fc000 rw-p 00000000 00:00 0 
7f537c2fc000-7f537c5d5000 r--p 00000000 08:08 1837656                    /usr/lib/locale/locale-archive
7f537c5d5000-7f537c5d8000 ---p 00000000 00:00 0 
7f537c5d8000-7f537c6d6000 rw-p 00000000 00:00 0 
7f537c6d6000-7f537c6d9000 ---p 00000000 00:00 0 
7f537c6d9000-7f537c7d7000 rw-p 00000000 00:00 0 
7f537c7d7000-7f537c7d8000 ---p 00000000 00:00 0 
7f537c7d8000-7f537d000000 rw-p 00000000 00:00 0 
7f537d000000-7f537dac0000 rwxp 00000000 00:00 0 
7f537dac0000-7f538c000000 ---p 00000000 00:00 0 
7f538c000000-7f538c3a4000 rw-p 00000000 00:00 0 
7f538c3a4000-7f5390000000 ---p 00000000 00:00 0 
7f5390000000-7f539000f000 r--s 000dd000 08:08 331849                     /home/ali/Tools/Android/sdk/build-tools/21.1.2/lib/dx.jar
7f539000f000-7f539089b000 rw-p 00000000 00:00 0 
7f539089b000-7f5390a73000 r--s 03d29000 08:08 675068                     /opt/java/jdk1.8.0_102/jre/lib/rt.jar
7f5390a73000-7f5391169000 rw-p 00000000 00:00 0 
7f5391169000-7f53912e9000 ---p 00000000 00:00 0 
7f53912e9000-7f53914e9000 rw-p 00000000 00:00 0 
7f53914e9000-7f53914ea000 ---p 00000000 00:00 0 
7f53914ea000-7f53915ea000 rw-p 00000000 00:00 0 
7f53915ea000-7f53915eb000 ---p 00000000 00:00 0 
7f53915eb000-7f53916eb000 rw-p 00000000 00:00 0 
7f53916eb000-7f53916ec000 ---p 00000000 00:00 0 
7f53916ec000-7f53917ec000 rw-p 00000000 00:00 0 
7f53917ec000-7f53917ed000 ---p 00000000 00:00 0 
7f53917ed000-7f5391966000 rw-p 00000000 00:00 0 
7f5391966000-7f5391a43000 ---p 00000000 00:00 0 
7f5391a43000-7f5391abc000 rw-p 00000000 00:00 0 
7f5391abc000-7f5391b98000 ---p 00000000 00:00 0 
7f5391b98000-7f5391c43000 rw-p 00000000 00:00 0 
7f5391c43000-7f5391c6f000 rw-p 00000000 00:00 0 
7f5391c6f000-7f5392004000 ---p 00000000 00:00 0 
7f5392004000-7f539201e000 r-xp 00000000 08:08 674152                     /opt/java/jdk1.8.0_102/jre/lib/amd64/libzip.so
7f539201e000-7f539221e000 ---p 0001a000 08:08 674152                     /opt/java/jdk1.8.0_102/jre/lib/amd64/libzip.so
7f539221e000-7f539221f000 rw-p 0001a000 08:08 674152                     /opt/java/jdk1.8.0_102/jre/lib/amd64/libzip.so
7f539221f000-7f539222a000 r-xp 00000000 08:08 1320776                    /lib/x86_64-linux-gnu/libnss_files-2.23.so
7f539222a000-7f5392429000 ---p 0000b000 08:08 1320776                    /lib/x86_64-linux-gnu/libnss_files-2.23.so
7f5392429000-7f539242a000 r--p 0000a000 08:08 1320776                    /lib/x86_64-linux-gnu/libnss_files-2.23.so
7f539242a000-7f539242b000 rw-p 0000b000 08:08 1320776                    /lib/x86_64-linux-gnu/libnss_files-2.23.so
7f539242b000-7f5392431000 rw-p 00000000 00:00 0 
7f5392431000-7f539243c000 r-xp 00000000 08:08 1320779                    /lib/x86_64-linux-gnu/libnss_nis-2.23.so
7f539243c000-7f539263b000 ---p 0000b000 08:08 1320779                    /lib/x86_64-linux-gnu/libnss_nis-2.23.so
7f539263b000-7f539263c000 r--p 0000a000 08:08 1320779                    /lib/x86_64-linux-gnu/libnss_nis-2.23.so
7f539263c000-7f539263d000 rw-p 0000b000 08:08 1320779                    /lib/x86_64-linux-gnu/libnss_nis-2.23.so
7f539263d000-7f5392653000 r-xp 00000000 08:08 1315971                    /lib/x86_64-linux-gnu/libnsl-2.23.so
7f5392653000-7f5392852000 ---p 00016000 08:08 1315971                    /lib/x86_64-linux-gnu/libnsl-2.23.so
7f5392852000-7f5392853000 r--p 00015000 08:08 1315971                    /lib/x86_64-linux-gnu/libnsl-2.23.so
7f5392853000-7f5392854000 rw-p 00016000 08:08 1315971                    /lib/x86_64-linux-gnu/libnsl-2.23.so
7f5392854000-7f5392856000 rw-p 00000000 00:00 0 
7f5392856000-7f539285e000 r-xp 00000000 08:08 1320785                    /lib/x86_64-linux-gnu/libnss_compat-2.23.so
7f539285e000-7f5392a5d000 ---p 00008000 08:08 1320785                    /lib/x86_64-linux-gnu/libnss_compat-2.23.so
7f5392a5d000-7f5392a5e000 r--p 00007000 08:08 1320785                    /lib/x86_64-linux-gnu/libnss_compat-2.23.so
7f5392a5e000-7f5392a5f000 rw-p 00008000 08:08 1320785                    /lib/x86_64-linux-gnu/libnss_compat-2.23.so
7f5392a5f000-7f5392a89000 r-xp 00000000 08:08 675487                     /opt/java/jdk1.8.0_102/jre/lib/amd64/libjava.so
7f5392a89000-7f5392c89000 ---p 0002a000 08:08 675487                     /opt/java/jdk1.8.0_102/jre/lib/amd64/libjava.so
7f5392c89000-7f5392c8b000 rw-p 0002a000 08:08 675487                     /opt/java/jdk1.8.0_102/jre/lib/amd64/libjava.so
7f5392c8b000-7f5392c98000 r-xp 00000000 08:08 675078                     /opt/java/jdk1.8.0_102/jre/lib/amd64/libverify.so
7f5392c98000-7f5392e98000 ---p 0000d000 08:08 675078                     /opt/java/jdk1.8.0_102/jre/lib/amd64/libverify.so
7f5392e98000-7f5392e9a000 rw-p 0000d000 08:08 675078                     /opt/java/jdk1.8.0_102/jre/lib/amd64/libverify.so
7f5392e9a000-7f5392ea1000 r-xp 00000000 08:08 1320781                    /lib/x86_64-linux-gnu/librt-2.23.so
7f5392ea1000-7f53930a0000 ---p 00007000 08:08 1320781                    /lib/x86_64-linux-gnu/librt-2.23.so
7f53930a0000-7f53930a1000 r--p 00006000 08:08 1320781                    /lib/x86_64-linux-gnu/librt-2.23.so
7f53930a1000-7f53930a2000 rw-p 00007000 08:08 1320781                    /lib/x86_64-linux-gnu/librt-2.23.so
7f53930a2000-7f53931aa000 r-xp 00000000 08:08 1320790                    /lib/x86_64-linux-gnu/libm-2.23.so
7f53931aa000-7f53933a9000 ---p 00108000 08:08 1320790                    /lib/x86_64-linux-gnu/libm-2.23.so
7f53933a9000-7f53933aa000 r--p 00107000 08:08 1320790                    /lib/x86_64-linux-gnu/libm-2.23.so
7f53933aa000-7f53933ab000 rw-p 00108000 08:08 1320790                    /lib/x86_64-linux-gnu/libm-2.23.so
7f53933ab000-7f5394077000 r-xp 00000000 08:08 674994                     /opt/java/jdk1.8.0_102/jre/lib/amd64/server/libjvm.so
7f5394077000-7f5394277000 ---p 00ccc000 08:08 674994                     /opt/java/jdk1.8.0_102/jre/lib/amd64/server/libjvm.so
7f5394277000-7f5394350000 rw-p 00ccc000 08:08 674994                     /opt/java/jdk1.8.0_102/jre/lib/amd64/server/libjvm.so
7f5394350000-7f539439b000 rw-p 00000000 00:00 0 
7f539439b000-7f539455b000 r-xp 00000000 08:08 1320795                    /lib/x86_64-linux-gnu/libc-2.23.so
7f539455b000-7f539475b000 ---p 001c0000 08:08 1320795                    /lib/x86_64-linux-gnu/libc-2.23.so
7f539475b000-7f539475f000 r--p 001c0000 08:08 1320795                    /lib/x86_64-linux-gnu/libc-2.23.so
7f539475f000-7f5394761000 rw-p 001c4000 08:08 1320795                    /lib/x86_64-linux-gnu/libc-2.23.so
7f5394761000-7f5394765000 rw-p 00000000 00:00 0 
7f5394765000-7f5394768000 r-xp 00000000 08:08 1320784                    /lib/x86_64-linux-gnu/libdl-2.23.so
7f5394768000-7f5394967000 ---p 00003000 08:08 1320784                    /lib/x86_64-linux-gnu/libdl-2.23.so
7f5394967000-7f5394968000 r--p 00002000 08:08 1320784                    /lib/x86_64-linux-gnu/libdl-2.23.so
7f5394968000-7f5394969000 rw-p 00003000 08:08 1320784                    /lib/x86_64-linux-gnu/libdl-2.23.so
7f5394969000-7f539497e000 r-xp 00000000 08:08 422732                     /opt/java/jdk1.8.0_102/lib/amd64/jli/libjli.so
7f539497e000-7f5394b7e000 ---p 00015000 08:08 422732                     /opt/java/jdk1.8.0_102/lib/amd64/jli/libjli.so
7f5394b7e000-7f5394b7f000 rw-p 00015000 08:08 422732                     /opt/java/jdk1.8.0_102/lib/amd64/jli/libjli.so
7f5394b7f000-7f5394b97000 r-xp 00000000 08:08 1320778                    /lib/x86_64-linux-gnu/libpthread-2.23.so
7f5394b97000-7f5394d96000 ---p 00018000 08:08 1320778                    /lib/x86_64-linux-gnu/libpthread-2.23.so
7f5394d96000-7f5394d97000 r--p 00017000 08:08 1320778                    /lib/x86_64-linux-gnu/libpthread-2.23.so
7f5394d97000-7f5394d98000 rw-p 00018000 08:08 1320778                    /lib/x86_64-linux-gnu/libpthread-2.23.so
7f5394d98000-7f5394d9c000 rw-p 00000000 00:00 0 
7f5394d9c000-7f5394dc2000 r-xp 00000000 08:08 1320773                    /lib/x86_64-linux-gnu/ld-2.23.so
7f5394dc3000-7f5394e95000 rw-p 00000000 00:00 0 
7f5394e95000-7f5394e98000 ---p 00000000 00:00 0 
7f5394e98000-7f5394f9a000 rw-p 00000000 00:00 0 
7f5394fa1000-7f5394fb5000 rw-p 00000000 00:00 0 
7f5394fb5000-7f5394fbd000 rw-s 00000000 08:08 283883                     /tmp/hsperfdata_ali/11206
7f5394fbd000-7f5394fbe000 rw-p 00000000 00:00 0 
7f5394fbe000-7f5394fbf000 ---p 00000000 00:00 0 
7f5394fbf000-7f5394fc1000 rw-p 00000000 00:00 0 
7f5394fc1000-7f5394fc2000 r--p 00025000 08:08 1320773                    /lib/x86_64-linux-gnu/ld-2.23.so
7f5394fc2000-7f5394fc3000 rw-p 00026000 08:08 1320773                    /lib/x86_64-linux-gnu/ld-2.23.so
7f5394fc3000-7f5394fc4000 rw-p 00000000 00:00 0 
7ffcc31ee000-7ffcc320f000 rw-p 00000000 00:00 0                          [stack]
7ffcc332e000-7ffcc3330000 r--p 00000000 00:00 0                          [vvar]
7ffcc3330000-7ffcc3332000 r-xp 00000000 00:00 0                          [vdso]
ffffffffff600000-ffffffffff601000 r-xp 00000000 00:00 0                  [vsyscall]

VM Arguments:
jvm_args: -Xmx1024M -Dfile.encoding=UTF-8 -Duser.country=US -Duser.language=en -Duser.variant 
java_command: com.android.dx.command.Main --dex --multi-dex --main-dex-list /media/ali/Workspace/androidProjects/opensrp-client/opensrp-mcare/build/intermediates/multi-dex/debug/maindexlist.txt --output /media/ali/Workspace/androidProjects/opensrp-client/opensrp-mcare/build/intermediates/dex/debug /media/ali/Workspace/androidProjects/opensrp-client/opensrp-mcare/build/intermediates/multi-dex/debug/allclasses.jar
java_class_path (initial): /home/ali/Tools/Android/sdk/build-tools/21.1.2/lib/dx.jar
Launcher Type: SUN_STANDARD

Environment Variables:
JAVA_HOME=/opt/java/jdk1.8.0_102
PATH=/home/ali/bin:/home/ali/.local/bin:/usr/local/sbin:/usr/local/bin:/usr/sbin:/usr/bin:/sbin:/bin:/usr/games:/usr/local/games:/snap/bin
LD_LIBRARY_PATH=/home/ali/Tools/Android/studio/bin:
SHELL=/bin/bash
DISPLAY=:0

Signal Handlers:
SIGSEGV: [libjvm.so+0xac5b30], sa_mask[0]=11111111011111111101111111111110, sa_flags=SA_RESTART|SA_SIGINFO
SIGBUS: [libjvm.so+0xac5b30], sa_mask[0]=11111111011111111101111111111110, sa_flags=SA_RESTART|SA_SIGINFO
SIGFPE: [libjvm.so+0x91f470], sa_mask[0]=11111111011111111101111111111110, sa_flags=SA_RESTART|SA_SIGINFO
SIGPIPE: [libjvm.so+0x91f470], sa_mask[0]=11111111011111111101111111111110, sa_flags=SA_RESTART|SA_SIGINFO
SIGXFSZ: [libjvm.so+0x91f470], sa_mask[0]=11111111011111111101111111111110, sa_flags=SA_RESTART|SA_SIGINFO
SIGILL: [libjvm.so+0x91f470], sa_mask[0]=11111111011111111101111111111110, sa_flags=SA_RESTART|SA_SIGINFO
SIGUSR1: SIG_DFL, sa_mask[0]=00000000000000000000000000000000, sa_flags=none
SIGUSR2: [libjvm.so+0x920aa0], sa_mask[0]=00100000000000000000000000000000, sa_flags=SA_RESTART|SA_SIGINFO
SIGHUP: [libjvm.so+0x921ea0], sa_mask[0]=11111111011111111101111111111110, sa_flags=SA_RESTART|SA_SIGINFO
SIGINT: [libjvm.so+0x921ea0], sa_mask[0]=11111111011111111101111111111110, sa_flags=SA_RESTART|SA_SIGINFO
SIGTERM: [libjvm.so+0x921ea0], sa_mask[0]=11111111011111111101111111111110, sa_flags=SA_RESTART|SA_SIGINFO
SIGQUIT: [libjvm.so+0x921ea0], sa_mask[0]=11111111011111111101111111111110, sa_flags=SA_RESTART|SA_SIGINFO


---------------  S Y S T E M  ---------------

OS:DISTRIB_ID=LinuxMint
DISTRIB_RELEASE=18.2
DISTRIB_CODENAME=sonya
DISTRIB_DESCRIPTION="Linux Mint 18.2 Sonya"

uname:Linux 4.8.0-58-generic #63~16.04.1-Ubuntu SMP Mon Jun 26 18:08:51 UTC 2017 x86_64
libc:glibc 2.23 NPTL 2.23 
rlimit: STACK 8192k, CORE 0k, NPROC 30743, NOFILE 1048576, AS infinity
load average:45.02 25.82 13.01

/proc/meminfo:
MemTotal:        7975456 kB
MemFree:          110900 kB
MemAvailable:      26636 kB
Buffers:            2004 kB
Cached:           436784 kB
SwapCached:         2464 kB
Active:          6691876 kB
Inactive:         859724 kB
Active(anon):    6665432 kB
Inactive(anon):   833304 kB
Active(file):      26444 kB
Inactive(file):    26420 kB
Unevictable:         188 kB
Mlocked:             188 kB
SwapTotal:       1999868 kB
SwapFree:              0 kB
Dirty:               176 kB
Writeback:             0 kB
AnonPages:       7111476 kB
Mapped:            86676 kB
Shmem:            385796 kB
Slab:             132248 kB
SReclaimable:      59428 kB
SUnreclaim:        72820 kB
KernelStack:       20976 kB
PageTables:        91500 kB
NFS_Unstable:          0 kB
Bounce:                0 kB
WritebackTmp:          0 kB
CommitLimit:     5987596 kB
Committed_AS:   18359292 kB
VmallocTotal:   34359738367 kB
VmallocUsed:           0 kB
VmallocChunk:          0 kB
HardwareCorrupted:     0 kB
AnonHugePages:   2127872 kB
ShmemHugePages:        0 kB
ShmemPmdMapped:        0 kB
CmaTotal:              0 kB
CmaFree:               0 kB
HugePages_Total:       0
HugePages_Free:        0
HugePages_Rsvd:        0
HugePages_Surp:        0
Hugepagesize:       2048 kB
DirectMap4k:      337368 kB
DirectMap2M:     7849984 kB
DirectMap1G:           0 kB


CPU:total 4 (2 cores per cpu, 2 threads per core) family 6 model 78 stepping 3, cmov, cx8, fxsr, mmx, sse, sse2, sse3, ssse3, sse4.1, sse4.2, popcnt, avx, avx2, aes, clmul, erms, 3dnowpref, lzcnt, ht, tsc, tscinvbit, bmi1, bmi2, adx

/proc/cpuinfo:
processor	: 0
vendor_id	: GenuineIntel
cpu family	: 6
model		: 78
model name	: Intel(R) Core(TM) m3-6Y30 CPU @ 0.90GHz
stepping	: 3
microcode	: 0x33
cpu MHz		: 1399.932
cache size	: 4096 KB
physical id	: 0
siblings	: 4
core id		: 0
cpu cores	: 2
apicid		: 0
initial apicid	: 0
fpu		: yes
fpu_exception	: yes
cpuid level	: 22
wp		: yes
flags		: fpu vme de pse tsc msr pae mce cx8 apic sep mtrr pge mca cmov pat pse36 clflush dts acpi mmx fxsr sse sse2 ss ht tm pbe syscall nx pdpe1gb rdtscp lm constant_tsc art arch_perfmon pebs bts rep_good nopl xtopology nonstop_tsc aperfmperf eagerfpu pni pclmulqdq dtes64 monitor ds_cpl vmx est tm2 ssse3 sdbg fma cx16 xtpr pdcm pcid sse4_1 sse4_2 x2apic movbe popcnt tsc_deadline_timer aes xsave avx f16c rdrand lahf_lm abm 3dnowprefetch epb intel_pt tpr_shadow vnmi flexpriority ept vpid fsgsbase tsc_adjust bmi1 avx2 smep bmi2 erms invpcid mpx rdseed adx smap clflushopt xsaveopt xsavec xgetbv1 xsaves dtherm ida arat pln pts hwp hwp_notify hwp_act_window hwp_epp
bugs		:
bogomips	: 3024.00
clflush size	: 64
cache_alignment	: 64
address sizes	: 39 bits physical, 48 bits virtual
power management:

processor	: 1
vendor_id	: GenuineIntel
cpu family	: 6
model		: 78
model name	: Intel(R) Core(TM) m3-6Y30 CPU @ 0.90GHz
stepping	: 3
microcode	: 0x33
cpu MHz		: 1399.932
cache size	: 4096 KB
physical id	: 0
siblings	: 4
core id		: 1
cpu cores	: 2
apicid		: 2
initial apicid	: 2
fpu		: yes
fpu_exception	: yes
cpuid level	: 22
wp		: yes
flags		: fpu vme de pse tsc msr pae mce cx8 apic sep mtrr pge mca cmov pat pse36 clflush dts acpi mmx fxsr sse sse2 ss ht tm pbe syscall nx pdpe1gb rdtscp lm constant_tsc art arch_perfmon pebs bts rep_good nopl xtopology nonstop_tsc aperfmperf eagerfpu pni pclmulqdq dtes64 monitor ds_cpl vmx est tm2 ssse3 sdbg fma cx16 xtpr pdcm pcid sse4_1 sse4_2 x2apic movbe popcnt tsc_deadline_timer aes xsave avx f16c rdrand lahf_lm abm 3dnowprefetch epb intel_pt tpr_shadow vnmi flexpriority ept vpid fsgsbase tsc_adjust bmi1 avx2 smep bmi2 erms invpcid mpx rdseed adx smap clflushopt xsaveopt xsavec xgetbv1 xsaves dtherm ida arat pln pts hwp hwp_notify hwp_act_window hwp_epp
bugs		:
bogomips	: 3024.00
clflush size	: 64
cache_alignment	: 64
address sizes	: 39 bits physical, 48 bits virtual
power management:

processor	: 2
vendor_id	: GenuineIntel
cpu family	: 6
model		: 78
model name	: Intel(R) Core(TM) m3-6Y30 CPU @ 0.90GHz
stepping	: 3
microcode	: 0x33
cpu MHz		: 1399.932
cache size	: 4096 KB
physical id	: 0
siblings	: 4
core id		: 0
cpu cores	: 2
apicid		: 1
initial apicid	: 1
fpu		: yes
fpu_exception	: yes
cpuid level	: 22
wp		: yes
flags		: fpu vme de pse tsc msr pae mce cx8 apic sep mtrr pge mca cmov pat pse36 clflush dts acpi mmx fxsr sse sse2 ss ht tm pbe syscall nx pdpe1gb rdtscp lm constant_tsc art arch_perfmon pebs bts rep_good nopl xtopology nonstop_tsc aperfmperf eagerfpu pni pclmulqdq dtes64 monitor ds_cpl vmx est tm2 ssse3 sdbg fma cx16 xtpr pdcm pcid sse4_1 sse4_2 x2apic movbe popcnt tsc_deadline_timer aes xsave avx f16c rdrand lahf_lm abm 3dnowprefetch epb intel_pt tpr_shadow vnmi flexpriority ept vpid fsgsbase tsc_adjust bmi1 avx2 smep bmi2 erms invpcid mpx rdseed adx smap clflushopt xsaveopt xsavec xgetbv1 xsaves dtherm ida arat pln pts hwp hwp_notify hwp_act_window hwp_epp
bugs		:
bogomips	: 3024.00
clflush size	: 64
cache_alignment	: 64
address sizes	: 39 bits physical, 48 bits virtual
power management:

processor	: 3
vendor_id	: GenuineIntel
cpu family	: 6
model		: 78
model name	: Intel(R) Core(TM) m3-6Y30 CPU @ 0.90GHz
stepping	: 3
microcode	: 0x33
cpu MHz		: 1399.932
cache size	: 4096 KB
physical id	: 0
siblings	: 4
core id		: 1
cpu cores	: 2
apicid		: 3
initial apicid	: 3
fpu		: yes
fpu_exception	: yes
cpuid level	: 22
wp		: yes
flags		: fpu vme de pse tsc msr pae mce cx8 apic sep mtrr pge mca cmov pat pse36 clflush dts acpi mmx fxsr sse sse2 ss ht tm pbe syscall nx pdpe1gb rdtscp lm constant_tsc art arch_perfmon pebs bts rep_good nopl xtopology nonstop_tsc aperfmperf eagerfpu pni pclmulqdq dtes64 monitor ds_cpl vmx est tm2 ssse3 sdbg fma cx16 xtpr pdcm pcid sse4_1 sse4_2 x2apic movbe popcnt tsc_deadline_timer aes xsave avx f16c rdrand lahf_lm abm 3dnowprefetch epb intel_pt tpr_shadow vnmi flexpriority ept vpid fsgsbase tsc_adjust bmi1 avx2 smep bmi2 erms invpcid mpx rdseed adx smap clflushopt xsaveopt xsavec xgetbv1 xsaves dtherm ida arat pln pts hwp hwp_notify hwp_act_window hwp_epp
bugs		:
bogomips	: 3024.00
clflush size	: 64
cache_alignment	: 64
address sizes	: 39 bits physical, 48 bits virtual
power management:



Memory: 4k page, physical 7975456k(110900k free), swap 1999868k(0k free)

vm_info: Java HotSpot(TM) 64-Bit Server VM (25.102-b14) for linux-amd64 JRE (1.8.0_102-b14), built on Jun 22 2016 18:43:17 by "java_re" with gcc 4.3.0 20080428 (Red Hat 4.3.0-8)

time: Tue Aug  1 13:43:37 2017
elapsed time: 188 seconds (0d 0h 3m 8s)

